<?xml version="1.0" encoding="UTF-8"?>
<robot generator="Robot 3.1.2 (Python 3.8.1 on win32)" generated="20200204 20:45:46.295" rpa="false">
<suite id="s1" name="Spots" source="C:\work\robotstack\api\tests\spots">
<suite id="s1-s1" name="Post Spot" source="C:\work\robotstack\api\tests\spots\post_spot.robot">
<kw name="Set Token" library="services" type="setup">
<arguments>
<arg>carol@karol.ahh</arg>
</arguments>
<kw name="Create Dictionary" library="BuiltIn">
<doc>Creates and returns a dictionary based on the given ``items``.</doc>
<arguments>
<arg>email=${email}</arg>
</arguments>
<assign>
<var>${payload}</var>
</assign>
<msg timestamp="20200204 20:45:48.545" level="INFO">${payload} = {'email': 'carol@karol.ahh'}</msg>
<status status="PASS" starttime="20200204 20:45:48.543" endtime="20200204 20:45:48.546"></status>
</kw>
<kw name="Create Dictionary" library="BuiltIn">
<doc>Creates and returns a dictionary based on the given ``items``.</doc>
<arguments>
<arg>Content-Type=application/json</arg>
</arguments>
<assign>
<var>${headers}</var>
</assign>
<msg timestamp="20200204 20:45:48.547" level="INFO">${headers} = {'Content-Type': 'application/json'}</msg>
<status status="PASS" starttime="20200204 20:45:48.546" endtime="20200204 20:45:48.547"></status>
</kw>
<kw name="Post Session" library="services">
<arguments>
<arg>${payload}</arg>
</arguments>
<assign>
<var>${response}</var>
</assign>
<kw name="Create Session" library="RequestsLibrary">
<doc>Create Session: create a HTTP session to a server</doc>
<arguments>
<arg>spotapi</arg>
<arg>${base_uri}</arg>
</arguments>
<msg timestamp="20200204 20:45:48.550" level="INFO">Creating Session using : alias=spotapi, url=http://spotlab-api.herokuapp.com, headers={},                     cookies={}, auth=None, timeout=None, proxies=None, verify=False,                     debug=0 </msg>
<status status="PASS" starttime="20200204 20:45:48.549" endtime="20200204 20:45:48.551"></status>
</kw>
<kw name="Create Dictionary" library="BuiltIn">
<doc>Creates and returns a dictionary based on the given ``items``.</doc>
<arguments>
<arg>Content-Type=application/json</arg>
</arguments>
<assign>
<var>&amp;{headers}</var>
</assign>
<msg timestamp="20200204 20:45:48.553" level="INFO">&amp;{headers} = { Content-Type=application/json }</msg>
<status status="PASS" starttime="20200204 20:45:48.552" endtime="20200204 20:45:48.554"></status>
</kw>
<kw name="Post Request" library="RequestsLibrary">
<doc>Send a POST request on the session object found using the
given `alias`</doc>
<arguments>
<arg>spotapi</arg>
<arg>/sessions</arg>
<arg>data=${payload}</arg>
<arg>headers=${headers}</arg>
</arguments>
<assign>
<var>${response}</var>
</assign>
<msg timestamp="20200204 20:45:48.556" level="INFO">POST Request using : uri=/sessions, params=None, files=None, allow_redirects=True, timeout=None
headers={'User-Agent': 'python-requests/2.22.0', 'Accept-Encoding': 'gzip, deflate', 'Accept': '*/*', 'Connection': 'keep-alive', 'Content-Type': 'application/json'} 
data={"email": "carol@karol.ahh"} 
json=None</msg>
<msg timestamp="20200204 20:45:49.070" level="INFO">${response} = &lt;Response [200]&gt;</msg>
<status status="PASS" starttime="20200204 20:45:48.554" endtime="20200204 20:45:49.070"></status>
</kw>
<msg timestamp="20200204 20:45:49.070" level="INFO">${response} = &lt;Response [200]&gt;</msg>
<status status="PASS" starttime="20200204 20:45:48.547" endtime="20200204 20:45:49.070"></status>
</kw>
<kw name="Convert To String" library="BuiltIn">
<doc>Converts the given item to a Unicode string.</doc>
<arguments>
<arg>${response.json()['_id']}</arg>
</arguments>
<assign>
<var>${token}</var>
</assign>
<msg timestamp="20200204 20:45:49.071" level="INFO">${token} = 5e3a021c606b8800174022b3</msg>
<status status="PASS" starttime="20200204 20:45:49.070" endtime="20200204 20:45:49.071"></status>
</kw>
<kw name="Set Suite Variable" library="BuiltIn">
<doc>Makes a variable available everywhere within the scope of the current suite.</doc>
<arguments>
<arg>${token}</arg>
</arguments>
<msg timestamp="20200204 20:45:49.072" level="INFO">${token} = 5e3a021c606b8800174022b3</msg>
<status status="PASS" starttime="20200204 20:45:49.071" endtime="20200204 20:45:49.072"></status>
</kw>
<status status="PASS" starttime="20200204 20:45:48.541" endtime="20200204 20:45:49.072"></status>
</kw>
<test id="s1-s1-t1" name="Create a new Spot">
<kw name="Create Dictionary" library="BuiltIn">
<doc>Creates and returns a dictionary based on the given ``items``.</doc>
<arguments>
<arg>company=Google</arg>
<arg>techs=java, golang</arg>
<arg>price=50</arg>
</arguments>
<assign>
<var>&amp;{payload}</var>
</assign>
<msg timestamp="20200204 20:45:49.074" level="INFO">&amp;{payload} = { company=Google | techs=java, golang | price=50 }</msg>
<status status="PASS" starttime="20200204 20:45:49.073" endtime="20200204 20:45:49.074"></status>
</kw>
<kw name="Remove Spot By Company" library="mongo">
<arguments>
<arg>${payload['company']}</arg>
</arguments>
<status status="PASS" starttime="20200204 20:45:49.075" endtime="20200204 20:45:49.240"></status>
</kw>
<kw name="Save Spot" library="services">
<arguments>
<arg>${payload}</arg>
<arg>google.jpg</arg>
</arguments>
<assign>
<var>${response}</var>
</assign>
<kw name="Create Session" library="RequestsLibrary">
<doc>Create Session: create a HTTP session to a server</doc>
<arguments>
<arg>spotapi</arg>
<arg>${base_uri}</arg>
</arguments>
<msg timestamp="20200204 20:45:49.246" level="INFO">Creating Session using : alias=spotapi, url=http://spotlab-api.herokuapp.com, headers={},                     cookies={}, auth=None, timeout=None, proxies=None, verify=False,                     debug=0 </msg>
<status status="PASS" starttime="20200204 20:45:49.245" endtime="20200204 20:45:49.248"></status>
</kw>
<kw name="Get Binary File" library="OperatingSystem">
<doc>Returns the contents of a specified file.</doc>
<arguments>
<arg>C:\\work\\robotstack\\api\\resources/img/${thumb}</arg>
</arguments>
<assign>
<var>${file_data}</var>
</assign>
<msg timestamp="20200204 20:45:49.250" level="INFO" html="yes">Getting file '&lt;a href="file://C:\work\robotstack\api\resources\img\google.jpg"&gt;C:\work\robotstack\api\resources\img\google.jpg&lt;/a&gt;'.</msg>
<msg timestamp="20200204 20:45:49.313" level="INFO">${file_data} = \xff\xd8\xff\xe0JFIFHH\xff\xdbC	!"$"$\xff\xdbC\xff\xc23\xee...</msg>
<status status="PASS" starttime="20200204 20:45:49.249" endtime="20200204 20:45:49.313"></status>
</kw>
<kw name="Create Dictionary" library="BuiltIn">
<doc>Creates and returns a dictionary based on the given ``items``.</doc>
<arguments>
<arg>thumbnail=${file_data}</arg>
</arguments>
<assign>
<var>&amp;{files}</var>
</assign>
<msg timestamp="20200204 20:45:49.352" level="INFO">&amp;{files} = { thumbnail=\xff\xd8\xff\xe0JFIFHH\xff\xdbC	!"$"$\xff\xdbC\xff\x...</msg>
<status status="PASS" starttime="20200204 20:45:49.313" endtime="20200204 20:45:49.352"></status>
</kw>
<kw name="Create Dictionary" library="BuiltIn">
<doc>Creates and returns a dictionary based on the given ``items``.</doc>
<arguments>
<arg>user_id=${token}</arg>
</arguments>
<assign>
<var>&amp;{headers}</var>
</assign>
<msg timestamp="20200204 20:45:49.353" level="INFO">&amp;{headers} = { user_id=5e3a021c606b8800174022b3 }</msg>
<status status="PASS" starttime="20200204 20:45:49.352" endtime="20200204 20:45:49.353"></status>
</kw>
<kw name="Post Request" library="RequestsLibrary">
<doc>Send a POST request on the session object found using the
given `alias`</doc>
<arguments>
<arg>spotapi</arg>
<arg>/spots</arg>
<arg>files=${files}</arg>
<arg>data=${payload}</arg>
<arg>headers=${headers}</arg>
</arguments>
<assign>
<var>${response}</var>
</assign>
<msg timestamp="20200204 20:45:49.357" level="INFO">POST Request using : uri=/spots, params=None, files={'thumbnail': b'\xff\xd8\xff\xe0\x00\x10JFIF\x00\x01\x01\x01\x00H\x00H\x00\x00\xff\xdb\x00C\x00\x05\x03\x04\x04\x04\x03\x05\x04\x04\x04\x05\x05\x05\x06\x07\x0c\x08\x07\x07\x07\x07\x0f\x0b\x0b\t\x0c\x11\x0f\x12\x12\x11\x0f\x11\x11\x13\x16\x1c\x17\x13\x14\x1a\x15\x11\x11\x18!\x18\x1a\x1d\x1d\x1f\x1f\x1f\x13\x17"$"\x1e$\x1c\x1e\x1f\x1e\xff\xdb\x00C\x01\x05\x05\x05\x07\x06\x07\x0e\x08\x08\x0e\x1e\x14\x11\x14\x1e\x1e\x1e\x1e\x1e\x1e\x1e\x1e\x1e\x1e\x1e\x1e\x1e\x1e\x1e\x1e\x1e\x1e\x1e\x1e\x1e\x1e\x1e\x1e\x1e\x1e\x1e\x1e\x1e\x1e\x1e\x1e\x1e\x1e\x1e\x1e\x1e\x1e\x1e\x1e\x1e\x1e\x1e\x1e\x1e\x1e\x1e\x1e\x1e\x1e\xff\xc2\x00\x11\x08\x023\x02\xee\x03\x01"\x00\x02\x11\x01\x03\x11\x01\xff\xc4\x00\x1c\x00\x00\x02\x03\x01\x01\x01\x01\x00\x00\x00\x00\x00\x00\x00\x00\x00\x04\x05\x02\x03\x06\x01\x00\x07\x08\xff\xc4\x00\x1b\x01\x00\x03\x01\x01\x01\x01\x01\x00\x00\x00\x00\x00\x00\x00\x00\x00\x01\x02\x03\x04\x00\x05\x06\x07\xff\xda\x00\x0c\x03\x01\x00\x02\x10\x03\x10\x00\x00\x01\xc5\xf6\xc9F\xb5J\xc9w\x08\x83]\x9a%\x7fy\xd2\xb2\xd1!\xd6\xcd\xf7:\xac\xc6\x9dk\xf3yl\xd3\x1a\xe1\xe9\xd2%l\xe2\xf8\xaf\x19\x0fe\xb2\xee\xa3\xc4t\x11\xfb\x7f{\x87\xe1\x15\x11_{\xde\xeb\x98,\xbb\xb9\x84C\x89\xe6\x1d]&gt;\xe3\xfc\xbf\xdd\xc7\xad\xb0&gt;\xe5\xde\xf7\x81\x97y\xde\xee\xf7\x9e\xee\xef\xbd\xee\xee\xcb\x9e\xe3\xd9r]\xdd\x94g\xc6vUh\xa5\xbc\x97\x96\xde\xa6\xfa\xea\x84\x189\x06\xa4\xce\xab#{\x8a\x0c\xc2\x1c0V\xc5\xe0U\x94\xda\xf0&amp;\xeal|\xc4\x94!|\x98\x7f\x9f}\'\xe7\x8f&amp;\xb2\xbb\xa8\xd4\xf6\xefp\xa7\x84E\x82\xab\xd29\xf4&lt;\xdd\x86\x8f5\xa6\xc5\xbf\xb2\xf7{\xbb.K\x8f\xb1[\\j\xdd/\xbd\xec\x9fK\xdf{\x81\xb1}\x8fS\xc3\x97y\xd1\xc0\xe6\xb5\x08\xa8\x01\xb4\xd9\xb2\xf5\xf2\xbf\xb5N\x9f!\xfa\x86\x1fb\x1fd\x87b\x03\xcb\x15\x92\xd8d\xa7z\xe1dZ\x15\xf2~\xee\x87\xa5\xc29\xee\xf0\xf4c?\x03_g\xe2\xb0\xf4\xf9\xc6\x1e\x97\xbb\xa3\xe9xw;\xee\xf7pCD!_y\xd6\x1d\xef=\xc2^\xf7\xbb\xbd\xef{\x8c\xa5\x19ww\xbc\x90\xefY\x0b9\xbbmv\x07\xbb\x9d\x83&lt;\xcbD\x07\xbd\xe1\xfdQ\x1b2&gt;\x1b\xe8E\x15\xc6\x85\x1f\x10I\xc2\xfb.s%lm\x13.\x08\xaag6\xcao|\xd7\x1a\x19a2\xbf9\xfa_\xce)\x07\xdd/\xc8\xe3x\xac\xe9Ye\x13\xaf\x127\x8b\xbb\xcd\xa3\xdf|\x82\xee\x1f\xa7I\xf9\x1f\xd6\xdf\xa5.w\x9f\xb8\xdd\x96@W?\xd8\xfb\'\xd3\xcb\xdc\xe8lT\xa3\xd4\xf0\xfb\xdeHwB;\x9cT\xc8\xa1\xf9\xf9\xf6\xaf\x89\xed\xdb\x99\x96w\x15\xb6\xc8[g+\x97\n\x07&lt;\xaf\xeew\x84s\x9d\xf7\x0e{\xde\xe3\xef{\xc4s\xde\xf7\x11;\\=\xdf\x1d\x87\xad\xab\xc2\xf5\xf9\xef{\xbb\xde\xf7\x99{\xd1=\xedy\x05\x8a[\x1f?v7\xaf\x01\xc7\xa4?w\xda#\xe9s\xb1\xaf\xb9.\x83\xe9F@\xf7\xbc\x97wg\t\xf3v\xda\xad\x0frv\xd9W"\xf2&gt;\xdb\x87a\xa9\xc2\xeb~G\xd1\xd8\xea0\xfb_3\xaa\xc8o\xf2\xff\x00M@\x11\xbeA\xed\xf9\xf9\x1f\xa8\xfc\xab\xe8~\x97\x91\xb3 R\xbc\x7fX\x82\x85(&amp;{\xe6_Q\xf9m!\xad\x97&amp;\xadO\xca&gt;\xa9\xf1\xfe\x98U\x1bt\xb5\xc5\x8c\xdaGZ\xafk\xb4`|\xa3\xf4&amp;M\xee\xac\x0f\xbb\xce\xd2}\xc9kr\xc2\x99n\xc2Y&gt;\x9b\xbe\xe7z\x98\xbe\xc6R\xf0\xfb\xdew\x8fg\x1e\xf0\x80\x07\x00Md\x0cY?Yb\xa3R\x8cN\x7fH\x81\xe3\xf3\x18\xcf\xc7\xa3\xc9\xf0\x88r|\xee\x8f&lt;&amp;\x98\x17]Su\x9d\x81\xcf\xce\xd4s\x15\x0e&lt;\xca\xbe\xc7}\x13\x07/pz+i\xee\x15\xde\x97\x0f\xcep1\x83\xb4\xfe\x84\xc32\x7f\xc8\xef\xd3\xcf?\xa4\x9a\xfc\xe5&gt;\xa5\x0f\xda8\xb1\xe7G\x9d/rR\x7fK\x92\x07\xde\xef\xbb\xbb/K\x9b\xb6Wh\x7fd\xb5\xf9J\x10\xa524\xe0\xb3C\x9f\xb7\xcewMs\x7fU\n)\x1b\x00\xa8\xc8\xa1C\x9bW\xe2\xff\x00d\xf9\xcf\xd5\xfd&lt;$\x12185\x90H\xe4\x14Q\xf2_\xaf|\x81\xe3\xb3\x97\xa4\xa6\xbf\x93}{\x0f\xdd\x97.V\xe3\xf5&lt;\xe33\xa1\xe2\xd0\x92D\x0b\xf4d\x8d\xe8\xbev\xf2\xe7o\x8f\xd9\xad.l\xb66Cs\'\xd1\x97R\xeay\x15J=\x8f\x9b\xd9G\xbd\xd6C\xb6\x1e\x82\xf7(\xc9\x1es\xf0m\xc7\xd0&gt;M\xb6\x9b\xec\xea\xa6\x15\x8f\xce@\xfbZ\x8bC\xe5\\`\xb5_\xb0\xe6V\x8a\xcc\xdc\x8e\x8bFmw\r3\xe3}\x8f\x99?\xd51TU\x9a\xfa\x8a\xae\xbf\xc9\x18e\xc2\xfa,\x9fB\xd2\xfcy\xc5}\rr\xe3\x12t\x13\x18\x90{y\x9fC\xbb\xe6\x91\xf3-\xf5\xd7\x1f\x0b.C\xe8\xeb\xf2\xfaM\xde\xe2\xf8\x92=&lt;YK\x9d+\xd9\xc2C\xbb(\xcb\x8c\xa5\\\xf8\xfa\xca\xe6\x1e\xec\xbe\x99/Q\r\xd7y\xf3\x11}\xb1G\'\xea\x7f%\xd0\x91\xf4\xf4\x0b\xbeM\xa2/\xb6\x9f;\xdf\xf8\xd6lJ\x96&gt;=\xdd\xb3\xccsn]\xa9\xb9\xdfow\x1f\x1b\xfb7\xc6\xbd\x8c\x1bI\xc6\xce\xeef\xb5\x19\x01L\xdd\x9d\xb3\x17\xa8\t\xd5w\x8f\xd933e\xd3w\x12\xc7\xa4\x8a\xb7\x92\xd1\x8b\xd9\xcd\x1e}\xd3\xe7\x01\xdc\x06_T"F)\xb2\x8f\xd9K=\xa1)\x82\xfd#\x96v\xd0}\x9b\xd1\xaf\x99_c.\xce\xc1\xb7ZX}a\xb4\xdfl\x9aF\x9f1.\xd0\xaf\xe7\xef\xb0\xb4\xa5\x82w\xda\xa3\x03\x076\r\xbbd\x80\x8f\x8b\xf66\x05*\x8e\x04\xd4\n\x9bK\xa9~)\x9a\xfav{\xea=%Dj\x97\xf7\x92\x93\xbeeY\xe0\xaa2\x0c\x83\xf9\xa4\xd0\xaf\xb5\xc9\x0bD7h\x83d\xe4\xa8\xbc\x19\xfb\xdc\xee\x9c\xab\xf0\x16\xf6\xbe\xf1\xb2U\xfb\x8d\xb2\xa6A\x88Xw\x85\x13\xd4\xc2\xae\xebJ\x08\xc0,V\xd3-\xa2Q\x94l\xd7\x90\xad^&amp;&gt;m^&amp;\x95\x9cB\xf1P\xaf[\xa2\xc9\xc3\x87\xdf\xb0\xf8\r%\xb2\xfdF\xea\x08s\xe4ob\x1b\xe6\x05\xea3\x99=J\x06&gt;\x08\xcd\xb7X?\xa6\x94&gt;\xbf\x11|\x95\xca=\xb6^\xe7\x19a\x0ff\x87\xb6\xbc\xda\xab\x97|g\x8e\xacKE\xd8\xca\xbaIfny\xff\x00\xad\xe3\x9a;\xe8e\xd0\x0b\x81\x18\xe2\xd7e\xd5\xcdZ\xc4\xa6\n$\xd1\xc8.\xda\x98?\x9e\xfd#\xe7Z\xabW}\xedX}\xa1\xce\xea\xfc\xfbk\x8b\x0b\x9f\x0b\xe9?;)1\ri\x98\xc3j\xb7d6\xf9\x7f{\xde\xcfi\x10\xbe\xdf\xe5b\x99\x99\x0bc\xc4\x1dw\x91\xd5t\x8a\xb8\xbf;;\xa2\x95R\x0b\xabQl\xebH\xf7@\x97\xa3\xee2\xf7;\xdd)\xd71\xd3\x9c,-*-\xf05\xca\xc8s@RkSA\x03\xcf\x85J\x0f\x07ni\xd7\xc6P#\x13t\xe5zfAJ\xcb\xaas\x10P\x0b\xac\x15\x93/yk+\x97{\xf4\xaf\x84\xfd\xda\xd9\xbb\xde\xf6\x9dW\xcew\x18\x87p\x89\tF\xbc\xdb\x9f\xa3\xfcQ\xf7\xcf\xfa\x9f]7\xe4\x9akC^\x08*v\xe7\x19#\x00R\xa8\xe1daX\xfa^)\x8e*\xa2\xb3\xfa\x05[I\xa0\xe5\xcf9\x06\xac\x9bb3\xa4\xd2\x0c\x0c\xcd\x13\xd1}\xc4\xf5S\x8b\xbd)\xe9\x07GgZ\xdc\xa6\xc8lq\xe7m6\x92L`\x196s&lt;.\x90\xfeX\x911$\xf32\xc0,\xe4l\xd3,Ym1\xe9N\x8f\xad\xf4\x7f\x9d\xfd)\x1bl\xf9\x15\x05\x8b;\x0b\t\xc5I\x0cW\x98\xa5\x98%WI)\xec\xbaS\x9e\xefOG\xbe\x97w%\xde\x8e\xec\xf9&gt;0"\xcaJ\x84\x88j\x1c6`\x9d\xf2\xb52\xa8\x89\xd5Z\xd3\x04\xd1-\x14\xa5\xec\xda*\x9d0e\xb6|\x04\x8d-\xc0i%@/\xcc\x9a\xe9\xa5\xc5}S\x8c\xb9M\xfa\x97\x1a\xf0\xfb\xdd\x01\xe5\x8eM%\x0b\xaa\xd4p\x8c\xa7\x1a\xd9\x10\xb4K\'U\xf7\t\xa9\xc6\xca\x99&gt;\xbbNgFJ\xb8\xdb\xd9\xde\xae\xdbg\x0f\x9e\x94)R\xd8X\xcd\xd7#8\xcf\xe8\xaaa\x9d\xd0\xe7v\xd7\xca\xaa:E\xe6\x03\r\xa2\\xVd\x1f6^\xda6\xbb&amp;\xc0\xebs\x93\xd24|T\x98Z\xca#\x8a\xd9\xb2\x8fue\x08\xd1)\xca\x9f!\x06\xc7\xa2&lt;ep/\xce\xfe\xb7\xcbp\xd4\xe7\xea\xb8\xca\xe8\xb1\x1cz\xaf\x1b\x89\xad\xd2\xb4B\xc6\xc1\x17\xd6$\xd3\xd2t\xc0&gt;\x9e\x16kG\xb2\xe0\xefN\x13\xe3m\xf3\xe8=\x87\x8a)\xf3X\xdc=\xa6W\xd0&gt;w\xbc\x0f\x9f$\x80R\xabjp\xa4\x1d\x07=(\\k\xed\x93\xad`\x1f\x1e\x1d\xd9c\xb7*\xf8\xc3\xb5\x8a\xa96\x8el8\xa6SD\xa3\x01\xb3\x0e\xc7\t\x97\xb8\x1d^j\xf5,\xfdh!\x99.[\x04\x8d\x11\xce,k]B\xc7}\xdb\xe5\xbb|x\xeb\xb1|M;\x9b\x15\xb2\xe6\xb6\xdbf\x9d\xf2\xaba^OKH8,Q\xd8S},2\x9b\x9c\xab]Xt\x0b\x84\x15\xa4\xe0e^YjH\xcc\xdfFn\x87\xaa2n\xe7\xb9)\xd2\x92\x04bO&lt;E\xea\xeb\xf8\xca\x87E\x8di\xb4;\xcc\xff\x00\xd0\x06\xe0\x87U\xe6\x9d\xdf-\xfa67^&amp;\xb7\x10\xdf\t\xa2F\x12\xa8~\xe7U,=\xb9\x8b\x14\x8d\x90\x93\x9f\xd0"\xa4\xad\xa2\x91}\x0cZX\xe6\x88/\xa1\x85w`\xd5\xe9\xf2Y\xac\xc7\xd6y\xb9U\xe2\x0e\xf1\xce\rmM\xd6i2\xed\x89\xd8(p\x14\xea"c#-\x06\xce\xbb&amp;l\x95VsLSF\xe0\x0e\x8a\x0f\xe92\x1a\nHcZ\x0fk\xcb\xe4\xf8o\xa0\xe0m\x1a\xbd&gt;t\xf9\xcbI\xea\x13\xcb\x08\x85\xd7\xdaD\x08\xdbd\xbe\x9e\xabV\x1e{X\xafw\x8b\xf2u\x8d\xd2\xe2\xf6\xecu\x9c5\xd7\xea&amp;c\xf5\x86\x7f-\x16\xfey\xfe\x9d\xad\xd6:\x14\xb5u\xe3o\xf3\x966\xaa\xcfC\xcb\xb02\x8b\xcfd\x850\xb2\x00K\xec&amp;\xbc\xb1N\xbb+\xe6z\xfc\x1e\xee%Gf\xbd\x90rI\x0c\xa5\xa4\x854N\x00\x9c\t\'\xbe\x92Fi\xa7\x13\xcf\xa6\xe2\xb8F\nY"\xb8\xf8w\xd6\xbeI\xa7=6W\xdaNW\x0f2I0j\xe8\x8d\xddb\x9d\xb0\xd3b\xbe\xd8/\xcc\xee\xf8}\x9fP\xc9\xfb\xf8\x97\xb1N\xdf|;m$y;\xd9\x10)\xd5\x9a\x05\xeeU\xb2d\xe1(\x93\xe7\n4\xa0\xb4\xb5Am\xd4\xfa\xd8c\xdf\xc9\xc2A{:\xee#\xd1\x9a\xe2\x1b;\xc9\xb0w\xdf\x17\x8d\xd0\t\xe9\x0eZ\xdd\xe5\xf1\xfc3\xc4w\x8fal\x14t\xc5\xe6\xa5\x8c\xbc{#i\xd1gO}\x1c\x95Z\x9fC\xc8=c\x05\x17\xc3\xf3,\xcb\xc49}8\x1c\xb8\xbew\x1b\x0c;\xfd\x19\xf1V\x88O\x9b\xe9\x94\xc5[y\xb1-AaYx\xbf\x0f\x93\xb4*\xb9\x1f;r\'x\x89\xfb;\xb7\xa4f\xdcS\xc8\'\x11\xad\xcd\xa4\xd3\x95P\xd2\xac\xdag\xb4\x1c\xd7\x13M\x93\xa5\xe3\x96\x01\x1cj\x90\xe7;\x07\x19&amp;\x04h\xec\x11\xd8_\x9f\x17n3\xa6\x93&gt;\xc5~\xac\x96\xc6\xeaKrR0R\xaa}\xed\x12\x93\x94\xeff\xbb\xb7J\xdd|/\xa8\xd0\x9b\x0e\xbc\xbf&gt;{]\x91\xfa\xf9\xc4\xe0\xae\x8a486\x16\x9a\xfc\x86\xfb\x16\xcb\x97\xe4\xe2\xa6[\xfc&gt;\xd5H\xa4\tM\x15\xea\xcaG\x9d.\xf4e\r=\xb8i\x0e\xbec\xde\xa6\xf3\xba[v\x9dY\xb2y5R\xd7\xe3\xf4\x9e\x7f\xdd\x86\x88w\xd5\xc9\x1b\xd3\xef\x9dYZ%\xb9v\x11:IS\xaa\xdc\xe6\xb5~\x9f\x847\xc4\xfe\x97\xf2\xfb\xe6\xe2\xf6*\xf1\xfa\xd0$[\xd5\xd86L\xc2\xf0\xca\x9a%\xd8v8b\xbc\xcc\xfa\x19/\xb1wv\x9a\xd1\x98x:&lt;l\xae\xc7_\x9f]\\\xbe\xb3\xe9\xca=t\xb4+E\xad\x95/\xc3\xa5\x08\xcaeA\xf4\x08\x1f\x87\xbeB[:\x17h7\x0ea\xd1\x9ds\x11\xa3V\xd1\x87\x1a\xd4\x01@p\xdbE\xad\x97\xe6\x01\xb1\x0bDo\xaa\xde3\xd0\xd0&gt;-\x86\x8c:c;\'d\xda7w\xa1\x18ip\xf4O\xbe\x9f\xf3\xf4\x85\xd0h\x18/jI\x86J\xd7o \xd1\xa2t\xf9\xfd\x07\xd16-\xcf\x8fV\x00w\xcb\xa8\xb5\x8c\xe7\xca\xcby(\xe7\xd5\xee\xc2$\x13`\xb2\x1c\xe0\x94\x04\x03\xbb+.s!\x7f!\xfa\x8f\xcc4\xe7\xef,*\xf0\x08\x8b\x81\xee\xe0\xf6@\x96}\x8d\xd86\xd7t\x0b+\xa2\xd8./\xd1\xf0\x94\xe34\xb9\r\xf0\xb1[\x8b(r\x97\xb9\x13\xce\xdfK\x15\x8d\x12\xb9\xce\xcc\xb8\xd7\xad\x15{6\x83\x86UQG\xdd\xcft.\x92\xec\xb7J\xe9\xe7\x97\xbb\xaf\xa9\xa9\x1d\xdd\xea\xfd+\x0fb\x0bym\xaa\x18\x9c\xaf\xc6\xd4\x15;B\xab\xf9\xddWe\x03\xd7\x1a\xab\xbc4\xae\xb1\xefA\xd1\x00v`s|\xe8\x8a/\x88\x11Y\x01iJP\xe1x\x85\xde\xa3\xc2\xef2\x0b\xefz\x86\xc1\xd8F"\x97\x1e\xa7\xc1\x8e\x8c\xcf5U\xb2\xca\xebV\xe7\x1a)\x8c\xb2L\xf5C\xa6\x08\x17)\xe6\xfa6\x99\xbb\xc1\xd1\x8a\xba\xc3\xd71\xca=n\x16\x12\xf6]u\xfa]e\x84\xa5&gt;\x10&gt;\xb7c\x8at)\x04\x07\xf2\xff\x00\xb1\xfc\xcbfDQ\x97\xb5\xe6\xae6@\xf4cd\x87\x12Hgy~\x8c\x0b\xa0\x80vwg}|A \x9d;P\xd2)\xef\xad\xe5Rt\xc3\x1d.\x88\\(\x1c\xe5\xceq\x04\xd1\xc3\xe7\xfd\xcc\xaf\x18\x84\xe9\x0bk \xac%lx\xfa\xea\xedRC%\xccx\xd2\x93K\x9cu\x8bZ\xf43\xb8v\xf6\x88\xe8\xba6\xc1V1\x9c\xb8\xd5\xd6f\x00\xdc\xa6A\x13?\x9ej\xda\xd7\xbeA\x7f\xd0/\xbe,jm\xb7\x0e|(\x9a\xec`\xa5E\x04\xe9+]\x95\x8cq[E]5\xbb\xbc\xb3\xa9]l\x05\t\r\x06u\xd3JO\x83t\xba\xcd`5\x8a\t\xce\xb6\xcdqF}\x05f\xd2\xddC\rw\x1f\x9a\xc7|\x8a\xd9\xd22(\xb6\xecY\xf0\x9c\xef\xee\xdb\xe0\xd5[\xeb\xc8\xbfC\x9f|\x03\x08/\x1d\x96\xaaTB\x81h\x1fN\xc1z\x1eq\xe9\x8a;N|\xfd\xa6\xd1E\xa5\x80\x0c&lt;Ov~&lt;l\xfde^\x04\xb2\xff\x00q\xa7\xab\xe6\xc5\xad\x897y\xccV\x1c#\xa8\xc4Qw\x18\xdc]^?\xa2\xc1S4\xfev\xd5b\x13\x1d\x13\xae\xe3,\x0f1\xb5\xc1\xce\xb9\xe8i\xa9uH\xd0\xb6\xed\xcb\xbdo\x85\x87\xbf\xd2Jqco\x1e\x1eT\x1b5\x0f\xb6\xc3\x89\xda&lt;\x96\x94\x06\x9e\xacC\xd9\xaf\xa0\xfc\xcfwV\xb6\x9d&amp;K@=f\x93:$\xab\xe6__L#\xf3+\x0f\x0cF\xd1\xfbpY0\x95\xb0\xd7+\xe6\xdev\x04Mv\x84\x1f\x89\x91\xbf\xc2\xeb\xf3O\xd1\xe0\xde\xb3h\xedXDkfQ\xd2%\xa5\x96\x00z\x92\x18\x14ugB\xc3\xadt\x8c\xfd$id\x9fB\xaa\x15\xd4\xdd\x0b\xd7u\xbdW\x91c\x91\xc2cX\x9d\x959K\xdb\xb2\xfd\x11\x8eY\xee\xec9&lt;\xdf\xd6\xc5\xbc~S\xb4v\x95{\xe7\xa4ir\xe9\xb4\xf9\x8b\xef\x17\xdc\x98\xc5\xa9\xac\x87\xd8d\x9az\xfe\x05!K\xba\xf2Z\xd1IT\x98\xfd\xb6\x96\xed\x0c&amp;o\xcd\xfb`V\xe3\x93\x8e\x03\xcf\x11SKx\xd7\xc4}@\xe2\xbd\xea\x0cT\xadsO-\x8d\x02\xf1\xcf[\xc2W\xc2\xe4\xa4\x1c\xa9\xb0\x85\xe5\xb9H\x87\x9e\xef\x94\xde\xf1)j\xacr\xac3\xcc\\j\xb3\xedlv\xc2]^\x98\xa6We\x93z\xfc;5\xe9\xe6\x18\xb6d\xf8\xc9\x7fb\xc7E37\xfa\x11y\xb3\x1b\xa4&gt;\x9d\xb9\xfe?S\xf9\xa7\xd7&gt;yT\xf9\x9b\xde\xdf\xd2\x9d\\}*\xe7\xcd\xd3\xf6\x93F\xce\xe9\xd2T\x08b\xaa\xcc\xd9\xd4\xb9\x1c\xfc\xd7\xabp\x8fX\xb95Wl\x03\xe0r\xde\xa2\xc5*\x1a!\xefW\xc3\x89\x8f]\xc2\x9dUM\xf4\xe7\xcf\xae\xd3#\xd5\x93\xe8\xf6\xe0\xb6g\xab\xb8KC\x1c\x90\xd3\xc3a\x11}A\xde=\xff\x00\x0cO\xf5O\x99\xf3\x96\x03e~\xc7\x83)rw\x9d1\xedS\xa1\x12\x14\x86_\xa1\x1e\\\xbf6\xf7\x8b*\xb6\xb0)&gt;o\xf6\x9c\x17\xa9\xea\xe0Z\xb8\x87\xb3\xa6\xa6\x0b,\x7f\x18\xf9\x91[\xad5\x1a\xbc\xf0\xeb\x1b\xae\x03\xd7\xd5\xc4x\xe3O\x06\xb0\xd5\x91\x9dj\xb7*~\x9c\x1aR\x14P8m\x0c\xe8d\xad\x7f\xaf-/\xd2&gt;U\xa5\xa7\x12+\xdc\xc2\x1a]"l\xac\x1d\x9c\x13\xb9\xf6\x8b8\xd1\xd3(\x9f\xe9?7\xc8\xe2\xd5\x1a\xa7\xdfZL6\xa5\xb9\xdf\xcb&gt;\xb9\xf3MX\xbee\xae\xcen\x10\x19\xc9z\xb3\x8d\x06u\x85\x17\x0eY\x0bW:Z\x08\xa3\xbfT\xe8\x17\x19\xd2x4\x9ah\x06\xcf}s\xe2\x9a\xf7C!\xb6\xc3b\xd9\xe1eD\xac5\xd1x\xc9S`\xcc\xd9\x8d\xb2\x8d\x18\x1a3f\x1f\xca\x85h\x01\xa2R\xac\xda\x84\xba.&gt;\xd1\xe3\xf4\xaal\xa6\xce\x11\xf2,\xe7\xe8\xbf\xcf:\xf3\xc2\\\xa7Th\xf5V\xe2\xd5iuOfo\xaa\xca\x00\xfek\xef&gt;d\x88\xc7]b\x06]\xcd\xb3\xe6`\xe8\xb2\x9fU\xf6\x0e\xd4\x1f\xdax\xe6\x9b\x9b\xd6\xd3\xc3\x10&amp;Bp^1\x05\x02\xa0F\xf2\xe0\x85v\xa46\\\x93\xc4\x9a:\xc8\x86\xaa\xbd\rA{\x8d\xe4{=R\x1b\xaf\xcf\xb7\x98\x7f\xa0\xea\xc7\xd2Zz:\x07H\xe12\xb5,\x97\x1c\xadP\xb6D\x17\xac\x13\xb8\xa2\x1d\x98\xd1@/\xc9\xfb\xd9\xe4}\xaf\xd0\xb0[\xb7^a7\xf8\x0e\t\t\xaat\x83[\xaa\'Fje/\x14\x0c\xc4\xfa\x0e+\x04\xad\xc01K\xa0N\xcbmF\xf0\x15q6@\xe7r\xbfD\xc6\xb1\xd5h~x\xf7\x80\xf5\xbbC\x83|6\xb9}n\x8c\x80\xb4C\xa2\xd7\x98\xd0X\x02S\xc0\xb6\x0879SE92Z!\x0c\xc5\xf2&amp;\xfc,\x98\xd0=\xb1\xf9\xc6\xf0\xa1\xdf\x9b\x95\x94\x06\xb8\xf0\x91\x88\x8dH\xb2\x82\xb6\xe3\xfa}\xc1\xdb\xf9\xb7\xbc\xdc\xc4\x84\xf2\xba\xbd%\x92rq\x1a\xf4\xfe\x9f\xaa\x88\x866{\x1e\xfeWZ\x1ci\xf3\xec\x86b5pg\x8b\x88\xcaL\xbb\x85\x15\x01[\xf5\x87\xb20u\x97\xbeo\xa2\xd1]\xd9\xf4\x01\xafXAv*\x1de\xe9&lt;n\xcd+\xd7\x93C\x953\x9dBH\xed2=w\xd1\xd50,fe\x88&amp;+\xdd\x19\xb2J\xe5\x87\xcf\xa9\xd0b\xf2w\xd9\xda`\xb5\xc2y,z\xcd\x05dM\xb5Z\xdc[\x84-\xb4\xe5\x95a\xd5IR\xe1]r\xacuHt\xe0-H\xe5Y\xe6U\x91\xc2\xa1\xd6`a\xacK\xa2^\x0f\xcf7\x19\xa7\x15\x17\'\xd6e\xf3\xd5\xd3\xd0\xbbX\xe2~\x93\xf3\xef\xa3i\x89\xe0\x17L\x1e\\\x81\x00\xada\x1e\x03\x00\xd9Py\x13*n\xee"\x99S\xc3V\xff\x00&lt;\xfa\x16\xf8\x1e\x0f\xf4G\xe7\xe7\x9d\x17N\x16\xeb\x89\x14\x8d\xb8\xdb\x0b\x9d\xe7\x87\xb5\xf4Rw\x99\xcf\x93\xf0;\xcb3\xbe\xe3\xabc\x84\x97W\xea\x17|\xbd\x91\x9f\xd7\xd4\x85\xa8\xb5~b[\xc4{s\xb5\xd0\xe74\xb3\xb8\xe0\xb1\x07\x16\x95Y\xedZ\xb2\x15j\xbe\x7f\xb7\xd3\x9bV\x9fE\x99\x8e\xb7X\xfd_\xcf\xab\r3J\x0eV\x11\x90W\xa3\xc1CE*\xd5\xf3\x92V\xb5\xda\xd7l\x16\xaa\x85\xc5\x9f\x9e\xb4\xb6\x9c\xfeW\xf5\xac\xd4\x84\xbe\x8a\x01q_\x8a\xb1p\x9bDaA\x84i\x94\xee`\'\x0c\xd1:\x10\xb4\xe4\xa6\x16\xf3\x1e\x92\xf5\x99W\xcd5\xc3\xdf\x01\xcc*",\xa3\x8e`\x9c\xd6\xf2V\x00\x83\x0b\xf4\x8c\xd36\x9d\n=\xe0\rr[\x1f\x9a^\r7\x19\xad\x1c\xe9g%\x15\xefY\xee\x83e7{\xba\xd4oF\xe3P\x14\xe8\x87g\xe1\xee\x9e\xdb\x9d\x0eJ\x93\xfc\xd3\xfa\x83\xe1\xc9\xa7\x18\x03\x11\xb7\xf9\xc3\xcc\xb0\xd9E\x95\x93\xf2=:\xa7t\xfb\xa8\xe1\xb3\x1c\xbf\xae\x8f=\x99!\xc0n\x83\x05\xa9\x10\xf3\x8dN\x19-4&lt;\xdc\xfc\x8b\xe8\x9ev}t\x96\xf7\xe5\xfd\x01\x99\x96\xe8"\xa4\xfbrv\'\xe77\x8e\xfeo\xf6s\xfbFSK\x9c\x95\x8c\xc3iT4t\xa6QbV\xf8p~\xe8\x08DQ\xc7\xf4\x89\xe2\xc0\x9b\x15Q2\xdaPf\x95=\x92\xf2Zl\xd33\xa4\x03I\xc8\xf6\x12#.\n\x0fC&amp;\x94\xac\x9e\xafFF\x0c_\x8f\xf0\xfe\xda!t\xa5\xc6\xd8~}\x07\x17\xea\xeb5\x9ei\xdf\xb7\xe5\xc4\x98\xdfO3\xd7(xx:%\xc0m\xed\x83\x15\x8a\x96\x9eV\xf9\x7f\xd4\xb0\xa5Xo~W\xf4\x8f\x9aR?Eh\xb5\x84*Oj\xbc\x0e\xce\x16q\xe4\xe3\x7fuR\x91|R\xf3D\x88r\xc2\xd7\x9a\xc3DR\x8f+\xe8\xb0\x1bL\x9c\xab\xf2\xcb\xdf-\xfa?\x9b\xce\x81w\xbc\x8ff\xbb\xab\xbb\xca\xf4\xa5&gt;\xda\x0fn\x8f\x15\x9b6\xc9\\\xe9\xb0\xcd7%\xd7,\xc8\x16"\xa2\xe778\x9b0\xbfI\xf9\xa7\xd4|\xdc\xf60\xb8\x9f\x92\xdet&lt;U"[@\x8c\xd7?\x9f`\xfe\x9f\x8b\xfaotv8}\xc7\xa3\xf3\xc9\xa2)\xf2\xae\x961\xad)\xe8\xcb\xa1\xab\xec\xfd\xc6\x86T\xb1+z\xc6\xa08K\x01\xbb:\x13\xa4XC\x03\x864FD\xd9\x01Uj\xf3y\xd8\xf2\x93\xb7\xea?)\xfa\x7f\x83\xa3M\xe1\'\xf0\x9e\x91P\x99\x1cI\xf7\x8f\xd2\xbf0\xb9\x98?c\xf4\xef\x00!g\xa9\xf0\x92z\x85\xb7(\xd2\x84\xc8\xba\xbf_\xc3\x9d&amp;\x86\\Rw\xee\xcb"H\x87Ue\xd7\x98\xbc\xac\xc4\xdb\xc4\xbc\x82\xb9\xde\x13}\xb0\xe7\x02I\x00\xe5cP\x9fZ\x9cC%\x87QHp\x8d\xe2\xb5\x9d\xf4U\xb1|\xba\xbf:\xff\x00.\x04\xc5z\xf3\x97t#=F\x1c\xad\xdc\xe8HZL\xd0a\x0cU\xa0\xac[8\xae\xb0s\x0e\xb3\xad\xd6\xef\xb2;\x00V\xdf=\xd7%\x1d\xfc\x87j\x80\x927i*/Z]\xa5\x1cw\xd9\x04\xf8\xfe\xa2{n!\xff\x00\xcf\xfdl\xfa\x0f-\xda\xc1\xd7\\]R\xa4e\xce\xf3XPl\x08\xb8\xf1Lt\x92\x07\xd8\xb2\xf4\xb3W\xa4\x93\x91@\xcc\xdelU3FO\xcd\x97\x1e\x0e\x9c\\\xf7\xbdl\x9e\xdea7\x1e.\x9d\ty\xb3&gt;O\xd1\xd4\xd8\x15rG,3\x8e\x9c\x05\x8c\xdc\xfc\xf3\xdd\xfaG\x02\xf2^\xd7\xcf^b\xd2\xab\xe5]l$\xc9|\xeb\xf1\x06\xd4)\x0c2\xfa\x94\xbaU?\x1f\xd5\x91y\xeb\t\x08\xf52%s\x02\x0e\xe50`u\xe3.!\xb7E\xbc\x12\xca\xad\x1c\xd9\tK\xccpSUL\x81b\xaa\xd5`\xb4\xcdl\xb1~"\xfc\xd4V`o\xd3D-\xe9o5ZD\xeb\xafJ[\xa5\x7f\x9e\x99\xa9\x15\xd1\xb3!\x9d0\xf9\xedz|\xc4\xad\xaf\xba\xd1\xa3\xab&amp;\x87e\x9e\xbe\x1aH\x91\x9d\xc1\xc5\xad \xa8\x05\x88\xec\xabid\xbd\xa7\xaf\\\xa7E\xa1\x00\xd1\xe5\xf4\xb7w\xb3D\xc7.\xbb\xbd\x0b\x01\xb0\x91\xed!\x91\x15\xce\x8b\xef\x9em\xb0\x8b]\r\xb0\x8a\x83\x8d\x08\xc6R\x93\xc1\x8f7\xca\x03\xb6\x8d^\x7f\xb9\xee\xd37~\x8f\xf3\xbf\xa5\xfc\xfe\xc2\x8b\x18\xaf\x90\xdcu\xc2\x9d0a\x82\x19a\xef\x94\xfdo\xe5\xfe\xe7\xb3Q\x0b\x8d\xfa\x19r\xc1\xeb\xaf\xcc\xe9\xa49\xb4\x8d0\xb2$Q\\\xc7\r\x07KXr\xe3y_\x8bi\x88\xf5*&lt;\xf1;\xe3\xcag \x08e\x88\xd9\x07\xa43\xb2\x85\xb0:\xac\xf3\x05#\x95\xb0X\xc1Z\xe6\xc9O\xee\xe5|\xe7s|\xf9Cy\xe3)\x91\xfa\x07\xce\xe3b\xb9t-\xae\xbb#\x1e\xe7\x9b\xdf\x9c\xebA~\x8f\xa3\xf3\x13\xa8A\xaf\xe5\x13\xe7_b\xf9\x7f;\xa0J\x17&gt;\xba\xf3\x9atu\xcc\x90\x91%H\xbf\x1e\xb6\xca\xd9\x00_\x8c\xe8&gt;\xd4o\xa3\xabc\xf2\xfbE\xa1\xfeq\xb4\x16\xdfB\x15\x97U\x99\xb5_*&amp;x\xd2\xd6:`o\xbd\x1a.ams\x95\xcb`\xac\xceC8%\x1c\x18i\xf3\xe0\xba\xfc\xf4[,\xaf\x9c7J\xea\xc2\xaf\xa2`\xee\xf3_s\xecU\x98S`F6\xed\x18veb\'L\xfb\xbc\xea\x99\xd3GL\x0e\xcd~\x8d\xdd\xac\x9aQ\xd1\xa2\xddX\xd5\xca\xaa\xee\xf0\xf6\xf5(E\x94\xd8\xc9\x99$\xc9\xca\x8d\x81/\xb4\x9do\x97\xb3`:\x1d\x1a\x0e\x19\xf7\xd51\x81d\x81\xa0\xfe.\xd8\x05\xa7\xc9S]\x1c\x14\xefV\xac\xec\xf5W\xf1;\xeexw\xa9\x9cT\xe73\x9bl\x9f\x99\xadu\x04WZ\x8d\xc2m+v\xa1#\x90M\x11\xf4O-\xdc`\xb4\x8a\xda\xcf\x98l\xf0\x8bG\xb4[\x18\xe9\n4\x11l\xe8ih;\xca\xbd\xd6\x1fJ\xadr\xcd:\x86\x16\xeer\x9b&gt;\x18kPjg\xd8\xeac^\xe4"\xce\xfaz;(O\xb8\x82\xba\xb1\xc6\x9b\xa1T\xfd\x88!y\x91\xb3i/\x8f!n\x92\xb9=\x87\xcf\xb4T1\xf9\x8a\xbb\xd6,\xa5\xdf.\x0fN\x1d|\xd6X7L\xcd\xb1oJ\xb6\xb1&lt;Y^Z\x88\xbeV\xbd\x1e\x8e\xa3c\x075\xbd\xb6\xb5\xcc[\xc7\x83\xd9\\\xe8]]\xce\xda\r\xab\xcd\x9f\xa79\xd5\x85z\xbc\xc6*\xd6U\xbfN\xc52B\xc8\x0c\x1e\xeb\xe6=v\xb3Uo\xcbl\xba\xea,\x99o8\x96\xe3\x0c\x0e\xef\x07\xf5_Tc\x1c\xd3\xdfO!\x1c\x8fu|W\xa3&gt;wU\x9ew\xab\x81\xf8|*\xaa\x1b\x08\xf5\x04\xf1,\xe0\xdc\x97b}\x9ei\xa8x\xa1\xb4i\xec\xd9\xca\xa5m7(\xb1j\xa2\xca\xab\xbeR\x04.\x9e\x0b\x1eP\xcb\x8c\xafkA\x07\xea\xb2:\x92\xbf\x17\xdd\xfc\xefe.\x14G\x0b(l\xa8\xd8\xda\x8b\x88\x99\xc4\xc1)!\xb1dr\xab8fg1\xd2\xa4\x0b\x13\x87\x1c\xe9+\xe7L\x12/\xa6\xe2g$$\x15h\x80\xb5\xe8\xc5\x054\x8f\x1c\xf07\xdbgp\xcc\xf8\xd1h\xa2:\xf5\xc0\x8d\xb3G\xb0&lt;n7o\x8f\x0fC*\x0b\xd9\x8b\xa2LG\x81&gt;\x85\xe0\xd4\xe9K\x92\xb1\xb2\xeaYj\xa6\xfe\xa9\x95%\x14Fo\xe5\xcf\xf36\xe6;\xaf\x9en\xfeos+\x94\xf7\xc0\xd6\xe2\xe5\xf0Q\xa1e\x9d\xd0\xba\xb3\xf9?\xd7p{\xbd|\xfb\x85,\xfe\x83\xe8\xcf\x1c\x8a\xb4\xfc\';\x19[\xcb\x1e\xea\xbc\x0f\xcby\xd9a\xdd\xcb9g\x19\x9b[A\xcd_\xa3z\xc0q\n\xce\xce\xa1A\x1bE}\x19\xc9\xda\xca\xcbW\xb3Q\xa3+8\xc2A\xa1u\x06\xb2\xf5\xa0\xb6\x82\xcd\x8a\xa9\x84\xc1=O\xd9\x9d\xd5C-\xd1-\x04\xb2\n\xfd_3\xe8\xb5b\xbe\x87\x1d\xd8\xb5Z\xac\x86_Q\x8cW\xf8uv\xc9xc\xcd^gM\xdb\x04\xfaGK\xbes\xf4l\xf8\xef\x9fL\x98\xe7C\xe5Wf\xd2\xa0\x98\xbf\x07\x0b++kD\xa6\x06\xdd\xe4Z\xac\xeek\xa7\xf9\xee\xa8\x1d\n\xa2J#?9W\xbf\xcd\x85$R:^\x8dg\x985HyG\xa2\t[%\xd2\n\xb0[\xd2\xa6\x07\xbecT\xa3\xa0wu\x84\xdb\xf8\xba\xed \xab~g|\xed\x81\x18\xf9\x83\x8c\xe14\xcf\xa8\x19}\xfb\x93\xe6/X\xd1\xf4?Z@\xfe!\xf1/\xb7\x91\xdb\xf2\x93\x1e\xd9\x03\xf2\xab\x02\xb3\x16\xc3&amp;\x1fx\xb5y\x938v\xd8\xcco\x01m\x93\x1dI\x04h\xb3:&gt;g\xad\x143\x86\xb1\xd3\xb8Ml\xc6\xddM\xbd\xd0\x9d%\x145\x98g)\xf07d\xc0\x08\xfc\xee\xa1y\xb3\x8c\xde\xc1\xd5W\x1d\xcb\xd3\xf3\xd1\x12\xeb\t={L\x15\xc5\xcb~D\xa1.K0\x08\xe9\xa4\xe3qEIla\x95\xd7\xe8\x05^\x95\xadW\xe7\xe0\xee&gt;\x7f\x9dJ\xab\x93\x97K\x90\xf7\x1am\x12\xc6B\xd8*;\xab\xa9\x04\x92\xc8\xc0\xec\x13h&amp;\x1c\xa4i\x91\xb6}\x17\x80_\xa7#k\xb3\xed\x95\xae\xbb7hmuyG\xc5[R1\xd4Kk,\x1aH_\x12\x9c\xb7\xcdy\xd8\xdb\xb9\xaf\xc8\xbf\xf3/\xae\x15\x1d^\x135\x82j\xfd\\\x1a\x0br\x15^{\x99\xe3\xcb\x07[~qQ?J\xbb\x0b\xc7\xa6\xd6K\x1bh\xd2\x9alT\x94\xf9,\xb9,;\xbd\xeew\x8c\xac\xaf\xdc-\x1f\x95\x91\x08\xf7\xcc\x97&gt;D\xe9,\xfd\x9a\xc6y\xf7V\x9d\xe2g\x89r\xa3\xd4\x87o\x16\xdeS\xa6\x18\x1cC\xacv\x12 k\xb3\xcdT\xb7~\xb9\x81\x0c\x89\t\x8f\xa5\x86\x9c\xde\x83\x1c4\x14*%3\xd6\xe9e\xe5\xe5\xa7\x8d\x89\xf3_\x19\xcb\x8a\x0b\x9f\xd1\xfc\xf1\xfb\xe9\xe3\xd9\xedn\xa1\x13\xbc\xc0\xc7U\xa2\x11\x99\xfd\xceDRV\xcd\x986\xba^\xc5L\x8c\xb9+\x12*`\x00\x9a\xd4D\t\xa3#@.\n\x83\x8d\x123SLy\xc0\xde{\x9dzC\xb8\x87U%\xa7!3vXf\xb4\xb9\xcb\'\xce\xbb}\xe8j0 \xf2s1*\xf2\xe8\xbc\xa5v%\xdc\xd5\xe0\xb9\x99\xbb\xc9\xb8 \xe1\\\x9c{17\xebi0&gt;\x85\xf2\x1f\xa0\xda:%\xae\x91^?\x1c\xb6\xbb|\xefC\xbd\xec\xbb\xb9]\xb4r\xd7]\x95\x9e\xaeQ\xb1\xd2\xf6\xca\xda%\x9f1V^}\xa7(j\x11Ae_\xb4b\xb0\x80H\x04\xb5\xc6\x86\x08\x06\x8cDZT\x10\xb5N\xcd\xce#N\xacP6\x9f\xa3\xb3\x19\xdd\xb6:\xdc\x95\xe4\x8f\xce\xfc\'\xa4\xcf\xa5wf\xcb(\xd9\xe1\xd1\xc1l\xb1O\xdb\x1bs|\xba\rOE\x19\xe6X&amp;LD\xaa\t]L\xd9\xa4n\x8eQ7\xf8\xa3\x05\xccd{4\x03Tm\xe7\xafZXz&amp;\xd6B4:\x10\xb3L\xe0\x1a#\xee\x82&gt;\x81\x06\x83\x84\xc5\x87\x9d4V\x85k\xab\xb4\x0c\xd7\x95\xf9\x95\x15\xfa\x16\x99\xb40J\x89\xc2\xe4\x18\x19\x97\xc0YsA\t\xd39\xa1\xe1\xdc\\i2\xff\x00Dt\xcbb\xb6\xd8u\xa6\x1d\xe2\xd2td\xfb64\x1c\x9e\x9c\xc9\xe7\xc9\xe2\xdd.\xf3\xc3\xa3T\xa0D#*\xd8F\xda\xaf*KEl\xe7f\x97\x82Du4\x8c#\xc0\x0fU-8\xb9h\xfe\xe0\xd2\x88\xdc\x18+\xf9\t\xb1I\x9a\xa9\x935=9\xa3\x9d2S:\xb3n\x8bq)f\xe0i\xb0\xa4\xf2\\%\xda\xc7\xe0H4*\xa4\xe8\x06\xf0]\x0b\xb6\xb8\xb2R\x0b0\x08\x99k\xcbH\x93u6OyW\rb3\xb6\xf9=A\x07\x9d\x82px\x9c\xae\x93\x1aq\xc2\x9f\x15\xa78:&lt;\xd3a\xa13:$z\xd8J#\xa9x\x85\xb9\xe5\xed\x90h\x88a0ot7\x1d\xa9L;\x0b\x13B\x9dZ\xb0X\xea:#\xcfT\xa6\xa2\xc7\x97\x1d\xb9\x19\xf2U\x92jP\xe9\xb9\xb4\xaeU\x1a\xe8\xacs)\x03\xe2\xb4\x1fF\x8c\xc1K\x92"\x12\xaeR\xb4\xbd\x1ewz&gt;\x81\x11\xaePd\xf5\xd4\xdcx\x83\xd7\x19+\x1ej\xa3\xe7v\xd5\xfa\xb0V\x90\xbc\x9d\x19-\xaa\xdf\x15\x99C\xda\xad\xc1\x89\x11\x1a\xc5\xc5U\x16\xbc\x8a\xa6F\xa6\x85\xe4\xba\x1dr\xf2M\xed,`\x15\x8d\xa6\xe4!M\x17\x8d\xeb\x1c\xadM\x83\xd9\x90@\xd8\x0b\x9a\xdd\x8f\xa0D\xa3\xeb\xcf(\xbf\xb0\x19\xce\xb5i\xb2\xdal\xc7\xb5+f\xa33\xa4!\xb2-\x8e\x00\x1b3%\xc2\x98Dj\x9d\xdd\x91E\xfc\xa8]\x80G\xa9*\xc3\x9d\x97p\x0c\x97\x91\xc4\x1d\x1ewD\xcb9\xad(\x82\xaa\x9eO\xba\n\x8c\r\x1e\xddF?Q\x1d\x07G\x91\x95a\x0e\x02\xfc\xe7M\x86lk\xa8\xe2G\x13\x9e\xb8\xc5\xe6\xf0O\xf2\x8f\xa1\xfc\xc3F[\x88@\xd1\xc52\xe4\xb8\x03\xde\xc6V\xef=\xee\xeeBP"\x10\x9cY{8t\x82\xed\xa7\xd3\xb1\xe4\x85xf\x90\x1e)A\xac\xe4k\x9c\xeb@ \xa9\xe6\x80j\x91\xc2d\x1a5&gt;\xe1rjhb\xbb\xb8\xde\xc3\x8e\x96\x96\xbaE\xf4\xd9\xfb\x99\n\x10\x96\x13\xe8\xd9\x19\xafi\xf3\x9e\xf3\x8a\xfd}\x8e\xab\xeag\x13\xc9\xeed\xb7\xbak\xdc\x0ePNI\x82\xe7\xa0\xb1\xce\xcf\xea\xf1\xc8\xaeHu\xf3\xfd\x86\x08\xf5Ds\xb7\xf3\x16\xbeC\xa15^)\xc3u=1\x99p\x08\xc5MO.\xed\x94\xf7u\xbavDPr\xb3\x87P\x99\xe2n=P@\xc1\xa0\xe9%\xca\xda\xcf\r~}"\xfa\xe8\x9e\x9b\x85,\xfa\xaf+\xb6\xd4\x9bk\xd4\x85\xc1.3I\x96\xdb\x8a\x82\xc7\xea\xb1\x13\x0c\xde\xea\xe1\xefN\xde\xf7\xbd\xdd\n\xbd\xe29\x0fy\xd3\x9d\xf7\xbb\x89\xf7\xbc\x95 \xaf{\xba\xe9{\xd3\xb7\xa7\xef&lt;\xab\x97\xbc\xf39\x87\xbc\x86\xd8\xfb\xc8\xe9\xcc\xf7\xa4z\x17\xbc\r\x9e\xf7\xa8\x9d\x9f\xbd\xcd6&gt;\xf3pd{\xc2t\x8f\xef:\xd7\x1fz\x8a\x7f\xbd\xe2\xbe\x87\xbc{\x94{\xdd\xc0\x97\xef\x11T=\xe1\xe7\xd8\xcf\xde\xcd\xee\x1d\xa1\xf7\x87\'\xce{\xd5\x97*\xf7\xab\xe6\xaf\xd0\xfb\xdd\xa4Q\xbd\xe2\xc3\x95\xef\x0e\x18\x9fx\x88\x81\xef\x13\xd6&gt;\xf7\x01\n\xf7\x81\xadg\xbd\xdc\xba\x8fyZ\x1e\xf7\x88j\xd3\xde\x86\x8e\x95\xefN\x96\x9b\xef\x06\xd0\xd5\xefp\x08?{^T\x99\xdf{N^\xf7\xde\xcdy\xdb\xef\x1e\xff\xc4\x000\x10\x00\x02\x02\x02\x01\x02\x05\x03\x04\x03\x01\x01\x01\x01\x01\x00\x01\x02\x00\x03\x04\x11\x12\x05!\x10\x13"12\x06\x14A #3B\x15$04%C@D\xff\xda\x00\x08\x01\x01\x00\x01\x05\x02\xf0\xd4\xd4\xb2\xaer\xda\xf8\x1f\x010\xa9\xdc\xe9x\x82_E~U\xb8\xbe\xb08%\xff\x00\xc9\xe2?\xe4\x91|G\xe9\xc9\xf6\xff\x00\xa8\x82\x0f\xd0\xde\xf5\xfb,\x1e\x0b\x12S\x17\xc0A\x04_y\xf5P\xde.\x1a\xce3\x8c\xe38\xce0\xacvP\xe5}=+\xe1\xfa\xba\xaf\xcf\xf4q\x9a\x9a\x9a\x9d\x82\xe6\xb6\xdf\xc2\xb1\xb3\x81\xd8\xe3e\xadiE\xa2\xea\xef\xc7\x01\xad\xc7\xe4r\xb0\xf8\xcf.p\x9c\'\t\xc6p\x9cg\x19\xc6\x15\x85f\x8c\xd4\x104\xe6ah\x1ar\x9c\xe7)\xca\\\x7f\xe6&lt;G\x82\xfe\x8e;a^\xa2\xc1\xe0\xb1e&amp;/\x82\xc1\xe0\xbe\x1fS\x0f\xf50\xbfQ\xed.q\xe6Uj\x1a:S/\x1f\xd5\xd5\xbe_\xf0\xc8:\x16|\x80\x81f*l\xbd-ZUc\x1bzH\xf4\xd9\x8f\xcd\x1e\xa6\xa8\xe7i\xab\xe3\n\xcdMM~\xbdxjjjjk\xf4j\\?\xec&lt;\x07\x88i\x88\xca2z\x95(i\xa9\x03\x16\xc4p\n\x91\x16,\xa4\xc40A\x16\x08\xbe\x1fR\x0f\xf4\xf0\'\x19\xc6q\x9cfVRT2:\x8b1k\x98\x91{\x89\x8b\xd4\xb2(=/\xaf\xab\xb56-\x8b\xfa:\xbf\xfco]\x86\xa8\xecW&lt;\xb9\x885v&gt;\x05vb\xf5\x0c?\xb5\xca\xe8D\x98\xbe\xd9j\n\xf5-"no\xff\x00\xe5\xbb\xdb\xfe\xa3\xc0x1\xe3-\xca\x02}\xcbs\xe9\xb9+eI@\x19\x173\xd4q\xf1\x95\xe9\xcc\xc6\xf2,\x02T"Dt$E\x82,\x13\xea\x11\xbc.\x9d\x04\xd7\x87T\xcc\x15-\xf73\xb34\xeef\x8c\x00\xc5\'\x7fLu&amp;\x16/q\xe3\xd6 \xff\x00\x8d\xb5\xcdMJ\xbb?F\xc9\xf3q~\xa2\xa8\x97\xfa}\xbb/\xb7Xs]\x199\x06\xdf\xfa_g\tE\x85\xbf\xe5w\xb1\xf7\x1f\xf2\x1e"\t\xf8\xcd\xb7@\x9f\x0e\x9da\x15\xe3\xe5\xfa\xa8\x0b\x91)&gt;\x9c\xfa\xb9\xd4W\x89\xaeu\xdb\x99W|gH\xc8l\x9c\x15\x82,\x13\xae\xff\x00\xe3\xe9\xd0xZx\xd7\xd4m\xf32\x18\xcdJ+\xdc\xf2\x01\x9fk\xdb\xecY\x97\x1b\x9e6^\x13\xf3\xc7\xf1\xeb\x1e\xc3\xdb\xfe\x06X\xbe=+8T\x1f\xfd\x9a\xba}a\x1e\xa3&gt;\xa1?\xea\xff\x00\xd3)v1\xfd\xf8?\xea\xe3\xa9\xdab\xe3\xdd{]\xd3\xac\x05\xfae\xfb|K\xd0\x7f\xd4B{d\x9d\xd9\xe1\xd3\x1f\xba\x01:}\x9c\x1a\x86R\x0fu\xcc\xab\x89\xae}@\x9bK;\x0f\xa5\xc1\xff\x00\x18\xb1b\xf8u\xaf\xfc}7\xdc{L\x81\xfb9}\xafD\xdc\x15\x12j\xafR\xb4\x98\xb5\x030q\xeb\x16u\x9e\x95]\xb5tW\xe5\x8b\xe3\xd6&gt;#\xdb\xfe/\xec}\xcc\xa7\xe5\xd3N\xf1\xe9\xabOH\x9fP\x7f\xe5\xff\x00\x8b\xba\xa0S\xc9@\x9a\x12\x9cp\x15k\x1foc \xb3\xcb\xda\xf8\x93\xa8-\rf%\xdeX7\x96e\xb0\x10)W^\xa1\x8f\xc2\xe1\xff\x00\x11\xe2#\xfco\xf9\xf8b7\x07\xfb\xb82\xdc\x1c~\xa7z\xcc^\xad\x96e\xfdRc\xdb]\x93\xaaQ\xe6\xe1\xe4\x1dN\x97G\xdb`,X\xbe\x1dXo\x0f\xa7|\xd7\xda0\xda\xf5\x8a\x8dyt/\xa4E"a\xa7\x98\xf9)\xe4\x9c\x1bO:\xfdt\xf4\xef\xdb\xca\xf1\xeb\x1f\xc6&amp;\xfc\x0b~\xb3\xec\xfe\xf3\x1c\x81gMpR\xbfj\xe7^\x1b\xc5\xfdD\x80\x1a\xf1*\xb72\xf8\x94\xf0k\xad\t\x16\xce\xca\xd3\x1e\xf3(z\xda\x9e\xaf\x8c\xd5\xddK\xb2\x9b\x13\x92\xf8e\xdd\xa9\x85\xb6\xb5yJ\xb7\x10\xb7,v\xf4uW\xff\x00f\xf4\xff\x00\xa0\x87\xe3\x92?p\x08\x14@G\x85)\xb6\xc2\xe9\xf5\x1cl\x1a\xabZ\xba\xc6=vc\xd6+\xaaT\xa5\x973\n\xc5\xeb\x82,X\xbe\x1dLo\x13\x03\xf9W\xdb\xc3\xea*\xc4E\xf4\x91\xa8[\xd5\xd2\xac\xe3\x93\xd61lq\xd3\xd3\xb6\x17\xf1\x8a\xf8\xe5\xf8\xf5\x8f\xe2\xe5\xd8\xbc\xb2\xfdAn\xff\x00Q\x80K\xbd\xe2\xfb\xf4{\xa2\xbf\xa7\x1c\xeeu\x14\xe7\x8f~-\xb5\x0f\xd0\xc4\x01e\x95X\xf8\xb5Q{W\xd3\\7R\xa4\xf9\xefE\xd7_M\x15\x89N\x05Ez\x85y\x18\x85:\xc5\x8b\x0f[\x16.&amp;f+\x155X2\x93\x8b\xd9\xf1\xbc\xed\xf0YP\xfd\xe5b.uR\xac\xdaeyU\x91\xd5}Q=H\xc3G\xfeB~3\xc1\x0e"\xec\xc4H\x0c\xa5\xf8\xbfJ\xcb\x0fUy/M\x9fQ\xf5\xfaq\xd7\x0e\xfbn\xeaUZT}\xc6\xe57+\x1amuD\xbc\x18.\x01\x91\xc3\x8c\xee\xf8\xd8\x7f\xfaS\xdb\xc3\xae\xa7*j\xf8\xb7y\xc7\xbe?\xa6\xca\xbc\xbb0\xc2~\xe6\x08\xd2f8\xac\xa7\xc3\xc3\xab\xff\x00\x112\xc7\x96\xb6\xcd&gt;\xdb\x9b\x9b\x9b\x9b\x11\x06\xe5\x9aUv\xe4u5:u\x81\ry;\x98\x8d\xe9\xca\xc8P\xdeUm^GJ\xc5u\xce\xa0\xe3]\xca5\x8a\xa3.\xff\x00:\xcd\xce\x8a\xfaz\xed$)\x0c\xa9W7\xe0\xaa\xd4\x8d\xce\xb3X\x03\xa8P*\xcbT\xef\xe5\xcc[\xad\xc7\x8b\x90/L\xbbx+\xd9\xb3\xcc\xcd\xb4\xef\x034L\x9b\x92W\x9e\xf3\x0e\xea\xacL\x81\xab?\xe4!\xf8\xd9\xeb\x8fV\xa5\x1f-nh\x82\xdb\x9fO\xdf\xe4\xe7}Y\xd5\x92\x8bw0\x99\x86Y\xa8;.-[DE/\x93\x8aS\x1e\xcco2\x82\xef\x06O\xda\xe5\xe5w\xc7\xc6\xff\x00\xd7_\xc7\xc3\xac\x97\x05\x07mF\x116\x1f\xa7\x91mt\xe3\x95\xb2\x81\xa1\x95\xc4\xb0\xf8\xf8u\x7f\xe1h\xf1\x96W\xd8xk\xc2\xc2D\xc4~R\xe4\xe4,R\x8c\xbe\x08u1\xaf\xd1\xaf9\x884\xd8ON\xc9\xe7,\xb9V}R\xe0U\xf7\x1d\xaf\xb9\xed&gt;\x18M\xc3*\xa7\xf2\xe5l\x8a}\xec\xb4\xa88\xb6\x07\xaf\xaa!\xbb\x036\x8f3\x05&amp;5\x05\xceM|f6\xc4\xcfC\xe5\xb8\xf1\x00\xc1Q\x9eI\x89\x8c\xcd\x05/S.\xf8\xf8\x8f\xd6\'\xe2\xe4\xd4Y\xe5\xfa\x93\xd9Dq\xda\xdb\x8d^8$\x0c\xbb:\x9d5\xcb\xba\xb6KK.g;\x9b\x12\x8c\x8b\xa95\xf5\xbc\x96\x9d\'\xab\xe2\xe6\xe1\xd1\xdb:\xbf\x8f\x87V\xa7\xcc\xa2\xa1\xaf\x02!\xd9=+\x97&lt;qj\xbaKk\x0c\xc3\xc7\xab\xb8\xf2\x9e\x19\xaf\x10T\xc6\xec\x1d\xc8!\xb6(~/\xe6\xf6\xb0\xab\x15\xa00\xfbh\xd52\xccZ\x0b\x9c*\xeb\xaagf\xa8Ll\x83T\xab)\xee\xc8\xfa\x9e\xff\x00K\x9f\rML\n\xf9\xe5\x8a]\x9b\tlg\xc0\xa4\xe3\xd1\xd4\x13\x91+\xe6\xcaX55!E\xbb\x05*\xb7\x12\xa1\xae\xadQU\xc4\xef3k&gt;C\r\xc1Y\x89Z\xc2\x82S\xa9\xd8Lw\x13=\x86\xeam\x8f\xf9nn7x\xeb\xaf\x01\x10\xcb\x1bH\xc7fq\x85\xf54Z\x04\x9c&amp;\xa1\x10\xac\xd9\x11Z`\xe7~\xed\x045~\x0e\xbc\x96\xcc\x14\nF\x8c\xf6\x9d8r\xbd\x13H\x91\xbcro\x08:\x85\xeddo\xd0\xd9\r&gt;\xe1\xe2^\xe6\x1b\xa56\x03\x02\xac\xe3\x1e\xb6\x06\x82\xc2T\xdb\x85\x01\x95\x80\xb1\xcfa\xea\xb5j\xd8\xe94/?\xac\xab\x02\xf6\xf7\xf1\xe8\xaa\r\xb4\x8dE@Y}\xd6\x01\xdf\x88\x9d^\xae*Yl\\{\xec\x16^&lt;\xdcZ\x87\x97e\x96\x16\xa5A6\xd9\xf1\xd1\x82c\n\xd8_\x89\xc9\x06\xeb|\xd6\xe6(\x1a_\xf9\x1f\x13\xde\x1e\xd0D39\xbd3\xb2OS\xc5H\x16\x05\x9a\x9ccW\n\x18\xc2wX\x86}?\x9ej\xb3\xc6\xc1\xe8\xcb\xb3\x85\xa3&amp;-\x88\xd3\t\xb8\xdbM\xc5\xd6\xafw\xf0\xc8\xb8(\xc9\xb4\xb9\xbf\xd9\xbd\xfctb\xd6LJ\x8c\xb5\x08\x95\x19\x8f\xea5(\x01\xc0\x95k`\x0f\x1b\xdfK\x8c;\xd7\xed\xd2\xc8\xe5\xf5\xa7\xf37\xe8\xe8+\xe97R\x93\xef\xf1\x04\xff\x00)\x8a \xea\xf8\xf1z\xce&lt;\xaf\xab\xe3\x19\xf7x\xf7\xa043f\xd7\xbc\xdd\x1f*\xee\x9fv\x995J\'\xae\xd1\x0c\xe2f8`h\xc8 \xe4"\xdd3(U\x0b\xed\xe1\xbf\xd2?Kv\x8a\xc3v\xfb\xc0fi\xdbl(\xad\x0b\x94\xac\xcdA\x02\xee*O/\xd3\xe5\xee}\xbc\xb7\x1eYQ\x9f\x16\xa3f\xc5\xf8\xf8g\xe4\n+\xb4\xad\xe6\xdaH\x0ff\xa6&gt;H\xadh\xeb\xabT\xa7\xeaJ\xd5\xf1~\xa2\xc2\xba\x7f\x90\xc7\xb0_o8\xd2\xef\x8b{\xf8\xaa\x88\xab+\x11\xe9\x0c\xb6\xa7\x96\xf8\xef)\xb8h\xb8\x9c\x97~h\xd0\xc8\x10\xe4\xcb\xb29\x1a\xad\xd0\x19\x1d\xb0\xb2\x98?\xd4\x175\xb6\xbf\xbc\n\xc6\n\x8cJ\xd5`\x00xo\xc3p\x13+\xb5\xc4\\\x9eS\x8dn1\xebnX\xd5\x83O[\xa0\xd3j\xc7\x8c :\x89`\x89\xa2+i\x9a\t\x83\xc3S_\xa4x\xadlfM\x9eT\xb3!\x8c\xc3bl\xb8\xea\xcf\x0c\xbe\xcc\xbe\xa6\xad@I\xa8\x011\xd2\xc5\x95\xd8b\xb7*\xf8\xfa|\xf0\xa2\xbbR\xd9\xf6\x15\xda:\xc7N\xb7\x1e\xef\xa7z_\x0f\x1f\xc7Y\xb7\xcc\xb2\xa7\xe132w\x0bB\xf3\x94\xe5\x03J\xaed\x98=U\xd4\x8b\x03\xad\xbe\xcd\xef55\x04X\xa4Dq2\xea\xe4\xa0\xf0l}\x116v\xa7b1\x8b\xf2\x13\xfa\xf4\xc5\xdc\xeb\x89\xfb\xbe\xec\x88\xa2zf\xc4\xe4\'!9,\xe6\'\x98\'\x98\'\x98 \xb9eE\x9c\xd3\x8f\x95\xcb\x0e\xcb\x0b\xe1\x1f\xdb\xfa\x8a\x80\xf8\xf6zI\x8f\x15w\x16\xb1*\xed\x16d\r\xaf\xfcu\x15D\xca\xb8\xd7]\xb6\xb5\x8d0O\xefgVDC\xb8&amp;w\xf2\xd7\xf2\x1f\x18\xed\xa9\xc9\xc2\xa7\'\xab\x97\xab\x1d\xbb7\x1a\xfaw6\'\x13(r\xc1\xb6}Z9\xe0\xf4\x92&gt;\xcb\xc36\xe5\xae\xab[\x9d\x99vj\x13\x02\x93\x12\x80g\xdbA\x89\x1f\x13Q\x95\x90\xa9\x9d\x16\xf3,\xf6\x9a\x9cL\xe0f\xe5Gf\xd1\xa1U\x842?%\xce\xafM\x8a\xe4J\xd0\xb4\xb6\x96\x94\xabl\xd6\xd1\x90\xca(\xdcL~\xe7\x1at\xea\x82\x8f\xa8\x97\x8e-T\xee:&amp;\xfc\x9d\x8f,\x02\xe9\x00\x82V\'\x966\xd5\x05\x8a\xe1[\xf6\xd9\xb1\xc3\xadx\x99u\xda\xb9\x98\xbc,\xe9\xf7\x11&gt;\xa3\xbc\x8cF~Sq\xe6\xc8\x98\xed\xdd4`\x8d\xc7\x81\xae\x10G\xebA\xb3`\xe2\xb8\xdd\xe6b\x03Y\x1a3\x14\xea\xe6Af9\x05\x1dL\xcc\xfej\xbe\x7f\x8f\xc7\x018\xed{-avP\xe8\xd1Y\xbf\xa7\xaa\xb5o\x81\x8b\xfb\xf4`\xe4c\x9e\xb4\x9c\xfa\'G\xf3\x99\x19\x82\x8e\xa1\xd5\xaa\xa0\x1e\xa1nU\xde\xd31\xbfq{\x94YX\x8a \x89Yq\x99\x84\xdcH\xe2\xfd$\xea\xc0\xe1\xe7\t\xc2\x05\x81a\x1d\xe9\x1e\xa6NH\xb5\xe9\xe9\x02g\xd5\xfbx\xff\x00\xc9\x8e\x07\x17PV\xbd\x06mj\xce\xe6\x81\xa5HeV\xa5k\xd5\xf3\xfe\xe2?eQ\x13\xf8}\xd9k\x10\xbdi\x0b\xa9\x88\xc3x\xe7\xd7\x97\xe5\x85\xf4;U\x88\x0c\xc3\x00\n\x89\xfb\x9e\x9a\x9egL\xa0\xe9\xfe\xa1\xbbu\xa1\x824i\x8e"M\xcc\x9btV\xd2\x02\xba\xbc\xb3\x19\x82\xf8\x8f\n\x16d\xfba\x9e\xf9\x03\xf6\xee\xfeYG\xf2\xad\xbaL\xca\x89\x14\x99e"\xe1P\xd3\xc15\xe0f\xa2\r\xb7Hv\r\xd4\xb0\x83\x9cQ\xc5\xb1\xed\x02\xbe\xa4?\xf96Z0\xaa\xea\x9da\xec.\xec\xed\x8c\xfc-\xc9\xbc\x93osBNPZVc\xde\x0cs\xc4c\xe7\xaa6#\xd3\x95GW\xc24\xe4 \xf2\xd0\xde\xc8q\xf3\xc3\xd3\x8dz]55\x0c\xaf\xde\xb7\x1c\x0fv\xa5fq\xddx\xeb\xfb\xb4|?\r\xf2-\xd8\x1e\xe8\xc0\x05\xb1e\xb7\xeaed\x07\x9f\x93\xed\xfdk\x1f\xb2\x8b\xa0\xcb\xca}\xba\x91eZ\xad\x12S\xa5\x99\x14\xfd\xc6\x03b\xb3W\x83\x89\x92\xabJ\x90*O\xfe\xc7D\xb7X\xd6\xe4yS3 \xe45M\xa3\xc8BA\x81y\x1aW\x8cX{KO,\x8b\x1bB\x9bJ\x9f\xf2\x1e\x95ui\xf8\xf0_t\xf6\xbb\xe3[\xf06\xe4mo;\xb2W\xda\xc4\xb7dw\\\x8a\xc5q\xcf\x19h\xe3x\xf6\x10xjr\x1b\xa2\xebY\xc6U\x98\x84\xe5\xb3\xc7Ah\xa18\x0e\xa0\xdf\xfc\xaf\xa860\xa1\xf0\xfc\xb7\xca\xaf\x83v\x83r\x9e\xcf\x91Xn\x9f@\xfd\xee\x97_\x1b\xfe\xa3\xacy\x99\x07\xbb\x19C\xf1lK|\xbb)\xb0X\xb0\xf8R\xe2(\x06/\xb5\xba`@GK\x8e\xbc\xe3\x1a\xe3\xb6\xb8\xc5\xb1\x8cWh\xace\xea\xb0\xb4Ow\x1d\x98\xeeW\xf0\x10/\x83\t\xa9Ry\x8f\x85P\x14\xdb\x87\xc1\xb1\xc1\xd8\xef+^\x1do\xa2k\xcd\xfa\x8dn\xaf#\xcf\x9c\xa1&amp;\x06i\x8a\xdd\xec\xb0\x87\xa1\xb7-\xf8\n\x8bYy\xf5\x13\xd8\x19[J[\x90\xf0C\xea\x03\xb3|[\xde\xcfk~~\x14{\xd7\xa2\x99p\xed\x8b\xd4|\xc1\xe2\xb1\x8e\x94\xa8i\x87X/\xd3\xd8q\x18\xc9bt\xff\x00m\xf6\xea\x1e\x9e\x9b\xf5P\x01\x0f\x8a\x0e\xe5\x01\x15\xfbj0\x12\xb1\xea\xe9H\xb6\xe1\xb6\x1a&amp;F\x15bu\xea&lt;\xd6\xea\x14\x1a.i\xf9\xa4\xed\xf1\xae\xe2knJ\xfe\x14\x81\x10j)\x99\x96\x10\x13\x9b2\xf8?\x82\xc0`3 m\x0f\xc8v\x0f\xb3\x1b\xd9}\x93\xc0\x88\xfd\xa6\xf70n\xad\x8e\r\xd4\xc6\xb1]\x91e\x03O\xd45_Q\xc7s[u\x05\xf3\xf1\xad@\x8e\x0f\x8dM\xc5\xac;ts\r\xd3\xa4\xado\x7f\\\xe975\x96\xe3d \x82c\xb7\xa9\xbc+\xf7\xa8\xc2%\xc3M\x7f\xc5\xfe^\x15|(\x7fE\xa0YPP\xcc\x07\x1f\xd0\xb0\xf7\x9b\xd1\xaf#\x81\xc4\xca\xadG\x98\xa8P\xea\xe3\xef\x99\xdb\xa6}Y\xe8&amp;~%\x7f!\xee \x8f\x14\xf7\xe9\rj\xe3\xa9&amp;\xecc\xc4u3:\xe1\xe3sxc\xf6\x95?\xab\n\xdfO-\xf8T;\xa6\xb4\xd6\x00Yy\xcf.q\x88\xb63[\x87d\x18\xb3\xec\xe7\xd8\xca\xf0ts)\xfd\x86\xf7i\xc7a\xbb\xb2\xc5\x8b5-\x11\x96c\xd0e8\x15\xdbASM\xd5\xcd\xfa\xb27vYS\xae\xbb\x90\x13\x15\xdbn\xc3\xc3q}\xcc\xe5;\xce\x90\xfcrh\xca\x1a\xca\xc7R\xd9=\x12\x8b\x8e\x7fH\xc8\xc6\x14{\xf8$H;\xcc\xb5\xd1\xb8\x8f(\xfb\xf8SQ4\xd2u\x15\x88\x9a\x8d\xe3\xf9Yg\xa5x\xda\xd2\xbc\x10\xd2\x8e\x92\xeeJe\xe3\xd3\x81o\x98\x01\x9b\xfd\x8e\xbb\x91\xf7=Z~\x0c\x07\xba\xd8 \x9b\x86!\x01\xbaVP\x0bH\xae\xd6#\x8c\xbb+\x1au\x8b\x05\xd9&amp;~VTf+\xea\x03\xdb\x9cK"9"\xb1\xdd+S&lt;\x95\x0c+\xafXX\xcb`\xea\xb9"\x83^b\x17KT\x85\x828\xd8\xcd\xfea\xdc\xb9\x08\xa3[\x82$&gt;\xcd;\x03\x8f}3\x12\xea@u\x0c\xb5{(\xef\xd3\xfd9]J\xeap\xa6m\xf7\xd8\xa3\xdc\x8f\rJ\x97ma\xf1\xe9c\x95\xf5\xd4u\x8c\x1a8\xf4\xf9j\xf4d\xe3\xf99\xee\x08"$\xae,\xca_N[\x1dxW\xdd\xb1W\xf6\xaf\xaf\x8d\xdeX\x8b\xc0\x0c\x81X\x7f\x143{#\xbc\xe3\xdb\x14\xb5n\x8e,\xab\x1d|\xac\xcf\xff\x00^\xbf\xd5W\x07\x13\xd8@a\xf0H\xbe\xc2~+N\xfd+\xb3\xd2\xa8\xa72\xe0\x95\xe6\\\xd6d\x1f\xe3c\x16\x03*2\x96\x95\x99\xa9X\x95\tX\x8a\xe1`&lt;\xa5\xaew\x8bu\xb5L\xb1\xe6\xab\'z\xda\xca\xe6&amp;N\xc0\xbe\x1b\xa6p\xe4\xfd\x84\xba\xc9\x8b\xf2X"\xf6\x80m,B\xd1*Pk\xc5\xa0\xcc|\x00\xf1\xbe\xf3\x1aa\xdb\xe65\xe8\x04\xc5\x02\xbb&gt;\xa5\xb1\x9f# \xfa\x07\xb9\x1d\x84\xf7\x88\x9ck\xf0\x00\xce\x948\xdbU\x95\xccw\xac\xca\xb8\x90\x07o\xa9h\xf2\xaf.\xac\x04S\xa3SE\xd4\xb5y.}\\Y\xbb4\xc6\xfeJ\xed\x012\xac\xe4\x11\xc9\x1c\x8c\xde\xdf\xc4x$\xa5A\x95\xf0\xddI\xdb\x87\xee!\xdb\xf5\xfc\xa1\x95\xd5g\xb4\xdfx\xa3q\xf4\xa2\xbf\x800\x19Y\xef\xd2x0\xb4*\xafV$\xe3\xdbQK5\xe9\xb6\x08%}\xa5F\tQ\x95\xca\xe0:\x9e\x7f+\x92\xde\xc2U\xc8\xbd\xe3\xf6\x9b\xe6\xba\x88\x82Ry\x032\xce\x96\xd3\xb9\xf8\xa3\xb5\xfe\xc7sq^\r\x19\xe5)\x0bF\xe65,\xb2\xaf\x8d#\xca\xb3"\xd0hD\xdb}SI\xab\xac\xdd?#\xd9\x96\x00w\x7f\xa6\x8ez\x9ea\x81\x9c\xceV\x08.\xb8E\xcb\xc8YOX\xcd\xaab}WrL\xee\xb5\x87\xd4h\xf2\xac\rS\xc5]\xca\x96(\x9a\xed\xd4\x97\xd1p\xd3LU\x9f\x86\xee*:2\xbf\x7f\xd0"\xca\xac\xe3+\xb0L[\x84\xb2\xf5\xf3\xba\x96I\xa3\xa5\x0e\xc3\xc0P\xef\r\x01\x011\xa5\x7f\x12&lt;\x15\xa7L\xf3w\xcd\xb5\xd7\x1f\x8e6W\xa9\x15&lt;\xc5\xbf\x1e\xc0tAX%\x1e\xd1\x0fz\xce\xc5r\xd6\xd2b/7T\x8a\xbb\x14\xe8L\x8e\xf5\xda5bA1\xdf\x8d\xdcI\x99\x9e\xe3\xe2D\xaf\xf9\xfd\xe6\xf5\x01\xf0V\x81\xa61\x1a\xc6 \xc4\x1a\x8c\x95\x9a\xad\xf5\xd7@\xd6O\xd4\x95-\x96\xde\xab\xbd\x0e^\xd0\xc4\xecrl\xe5\xe0\xa3d\x08\xab\xb9\xe5\xcf$CCF\xa8\xcfc]\xce\x93\x1a\xfa\xee\x18\xdd\xe0\x1d\x87\x86x\xed\x94=U\'3E\x1a\x0bL\xf2\x04\xba\xa0\x96\xbdk\xe5SX\xf2\xff\x00F\xe7#\x03\x18\x8e\xd3\x1f\x9e\xa9\xad\xaco\xaa\x93]\x17Q\x14\x99\xc5V\x1b\xbb3\x16\xf0&gt;\xe9\xed\xe1U`\xce\x96\xaa+\xb4\xfa\xbe\xa0o\xf5U\xb9b\xe0\x1d\xcc\x96\xd3\x9a\xd2\xc0\xf8\xec\x9e\x18\xff\x00\x13\x16T\xda\x8a{]`\xd5Y^P\xff\x00"\xd0u; \xea\xb6\xc1\xd5\xec\x9f\xe4\x84\xfb\xea\x0c\x16\xe3\xb4\xe49\xa9QFnG\xfb\x0eF\xb5\xb1M\x7f\xb8&lt;5\xa9\xden\x07\x89~\xa5y\x12\xac\x82b\xdcY\xbaE\xe5\xb2\xdc\xe9n\xca\x16YwwO\x95\x9e\xe3\xb8s\xa8}\xf7+\xdcU\x1a&amp;\x1f\x00\xec\xb2\x9c\x852\xea\x07\x98h\xe3\x13b\xdc_J\xab\x18\xbe\x19\x83s98\x9a\x18\x86\xa2\xfe\xcbz\xc1f\xe6P\xday\x9b\xa9&gt;\x1a\x87\xf4\x89B\xfa\xaaYH\x02}B\xbc\xfa\x0e\x80\x87s\x7f\xa0\xca\x8fo\nI\r\x86\xfaV\xb4N\xb5\x7f\x99(\xf6\xc5&lt;Z\xe8\xa7\xd4\xcd\xe9!Z-p&amp;\xe2\xa6\xa7\xb4{c1?\xa7SP$T\x8a\x96,\x19v-,vjm\x852\xafo\xd7Me\xa65&amp;SX\xde=\x8bNgU\xcd\xdd\x9c\xfe\xe2\xec\xcaZ\xb8\x83\xbb\xc6\xf4\x82w8\xca\xd3eT(&amp;\x1377\xe3\x8dg\xab \x85\x98\xfak\x90\xc4\x11f\xa6Wi\xd5\x0c\xa4n,\x11X\x88\xd6\x92\xa8\xc7\xcc\xad\xcf\x94\x0e\xc7\xe8\x02"w\xc7\xaa*\xeaW\xef\x95w\x91\xd3\xfa\x8e"\xa2\xefq\x13\x9b\x11\xa3\xe0\xc3\xb5&gt;)\xda%\xba\rgl\xa7\xe6\xf5\x1d\x1a\xbd\xd8\xeeWO\xa2\xc3\xdc\x9e\xe8\xdd\x95cv\x1cKF\xa9\xe1\x1a\xf0\xd4\xe38\xcd@ \x11 \x13-}\x02~q\x03\xda\x1f\xd2\xd3\xf15\xdfS\x84\xae\xbeN\x98\xff\x00\xb6\xa8\x16Wg\x95:\xd8\xb1\xdf]\xb1=6\xf5\x02,\xacT\xd1\xaba,3\xf2%"\x13\t\x9b\x80n\x14\xee\xc8G\x80\x95(\xbb\x1f\x1a\xa3[U\xdc\xd4\xb1TF\xd0\x19d\x93\x95Y\xb1\xf0\xe8E\x8d\xd3\xebu\xbb\x12\xda\xa7\x12&amp;\xa2\xe3\xfa|\x9211\x1fu\xcdMx,\xaeb\x89ch%\x80N\xb7\x90[\x07\xa5X\xafWT\xc48Y\x88Hg\xa4Z\x8fYV\xd6\xa1\x1d\xaa\x1d\xd6q\x80\xc43!\xf4\xa6/\xba\xfcq\xe8\x02dX\xcc\xcd\xef\xf9\x10\xca\xd7\xcce\xaf\x8c}L\x8f\x7f\x05&gt;+=\xa0\x94\xf7\x16.\xd3\xca\xb0\xbdx\x8e\xcc\xaa\x15r\x13\x95T\xb7$\xd4&gt;\x02P\x9b\x89\x8f\xfb\xa3B\xaf\xed\xd5\xad\xf2\xf1:u?q\xd2\xabZ\x1d\xdf\x0f\x8caZ\xb7:\xc4\xea7+%\x9f)O\x95\xe4\xefQ\x9eop\x88\x83S\xdd\x8e\xa5\xa2\t\x82\xda_q\x8a\x9d\xbd\xa0h\xf6L\xcb\xfd@\x98\xad)\xbd\x90\xe2\xe4Sje`#5\xb8\xbeY\xae\xa4S\xf8\xcb\xc78\xb9K\xde\x015\x04\x0b\x10w\xc7:[\x1f\xbf#:\xb5\x9bN\x8e\xfe\x9e\xa9\x86\xfdK\xa7\xd7\x8fn=\xa6\xd6fKk\xc8[\xf1\xde\xa2\xc8\xcb\x17\xe4\xb1\x00*\xeb\xa3\xbe"\xd3\xd8\xfb\xe0\xe2\xfd\xc3\xf9\t\x8b2\xf2Z\xd3\x8a\xe2\xc4\xb9x\x15\x82w3\x17\xe6\xf2\xe3.\xf0\xe3+]\xc3G\xa3\x84\x15\x19`+\x10\xfaq\x15\x9a\x15\xd4\xfe\xb4\xaf\x115\x1cyW\x88\xc3\xc0\x19\x8e}T\xf7\x81\xb9xu;M\xfdK\xa0\xb0\xe7\xd61\xb9\xafO\xbf\xcc\xae\xca\xb75N\xf3qG\x1b~q&gt;Ng\xbc\xae\xb8\x95AV\xe2c\x8d\x9c=\x8bpYV\xea\xca\x1cS1\xdf\xbdO\x1d\xfb\x83\xda\xd6\xf4\xbbz\xf7\x01\x8a\xd2\x91cF\xba\xca\xea\xc6\xdd\x8c&lt;31\xfe\xeb\x12\xb8\xb3SQ`\x11|-~#%\xb9?J\xed\x95\xd3\x98-\xd9\xf8\xbb\r\xd1\xe8\xb6ft\xfc\xca&amp;\x1en\x8b\xd1Nf%\xa8\xd5\xd8\xa6%\x91\x8e\xe6\xb72\x0e\xa1\xf7\xc0aF.M\xed\x91i\xf9\x0fL\xb3\xf7\xa8\x82\n\xfd!x\xb9;KCn\xe9Z\xeep2\xb4\xf5UXj\xec\xa5v\x95\x89\x91\x8f\xcec`\x04\x1a\xd0&gt;\xf0{A2i\xf3(\xc7nK\x18ME\xda\x9coRvU\xc9\xb8-x\x1f\xb9\x93\xd2[Y,&amp;--Ng!\xc7)G\x9f[\xb0l\xae\x91\x8b\x963prp\xda\xb8\xd2\xb5\xee\xa3P\x19V\xa5i\xda\x81\xb3N8u\xeb\xfd+\xcb\xaa\x84 \x1b\x8a\x9c\x1b\xf9\xa8h_\xb5\xb6vq\xb3\xdec\xa3\xdch\xc4D\x8ce\xe3\x9a\x05\n\xba\xf0\xa7\xaa\xa7\x9c\xd5V\xcf\xae.\xa6j\x01\xe0\xb1\x9ad\xbfc\xdd\xbaj\x1ev\xdf\xf6\xd8\xbfO\xf5\x1f\xbf\xa3/\x18\xf2\xc7\xc8\x06ft\xec,\xa9_I\xb7\x16\xce\xb9\x8c\xfc*;\x1c`\xd8\x9b\x96\xb6\xde\xa5\xf3.\xce\xb3\xb0\x1d\x93\xdd\xfd\xf1l\xe2\xf9K\xc2\xc5\x9f\x87OMCb\xd5\x00d|\xb1\xbd\xe6\xf4qnO.\xdfS\xd6\x86q\xed\xe0\xde\xf6\x1d\n?\x88xbz\xc5\x95\x9c|\xb8\xd0D\x1b\x98\xf2\xd7\x9dF\xfd\xae\x1a\xf9t\xf4\xdf\xe61\xd4y\x97\x9d\xc6,^\xaa\xf7)\x04J\x9d]3z\x1d6\x9c\x8ck\xb1\xad\xa5\'\x19]A\xa5\xb8\xcdT\xc5\xbb\xb7\x9aj\x95u+\xfc\xcd\x9c\xcc*\xf1\xf5n]Dea\xd7\xc1\x19\xf57\x02\x96+\x83kJ\xf0(R\x8a4\xc3\x8cs(\x1b\x06\\\xc9J\xe4d\xb6L\xf5\xe3\xdd\x8f\x93\xe7\x8c\xae\xf5)\x8b5\x0c\r\xd9\xdad\x19\x8fI\xb9\xeb\xafR\xd6\xf3\xea\xc7w\xaa\xce\x9f\xd4\xd7*\xbe\xa1\x8cf-\xc3V\xf2H\x8f\xcaet\xbc+\x9a\xee\x8f\x97Y\xb5\x1a\xa6\xb4\xe9\x0c\xc3^\x157\xad\xff\x00\x08#|\x90\xfa\xad~l\xb2\xbe\xf1\x94\xb0\xa7\x15\xa5\xb8\xa5\xa6V\x0b\x89\xe5\xb5l\x8d\xb0\xda\x98\xb4\xbe\x91\x14(\x1a\x9ca\x1a$G\x97\xf6\x14\xff\x00\x1f\x85Y5\xe37Y\xa7\x92\x0fo\x04:\x8a\xe6d\xda\x00\x00\xdbr\x88\xb6\x8cZq\xee\xab&amp;\x8b\xd4\x9a\xcbrUP\x02&gt;\xae\x1d\x91[\x83\xa3\x832k\xa5\xc6\x7fJlj\xca\x93\x16\xbb6\xfc\xf8\xe0\x8d]\xd7\x06\xab\xc1\xc8\t~\r\xd5\xd8\x9dO\xfdn\xabxV\xc9\x07B\xaan\xbd\xa9\xc1E\x9cV\xb5S\xdd\x87je\xf1\xfb\xb5\x96%\x156U\x8e\x1dyEM\x1b\xe9\xf3\x13\x1e\xc3M\xb8&gt;^H\xcc\xc4|{+\x82\x1f\x0b\x0c\xb3\xbc\xc6\xaf\xc9\xaf\xed&gt;\xe7\xa6\x0c~8\xc550\xec5=w\xd9B\xe4\n\xd8\xe3X\xaf]\x81\x90\xa9\x16B\xec\x05\x88\x97Q\xd4\xbe\x9fKE\xd4\xdb^NW\xa6\xb1\xe0%\xbd\xa0\x82\x08\xb8\xe0J\xa9\x02WR\xe9(S2\xf1\x07\x0c\xcc~6\x8aN\xe8\xc6Z\xa2\x91\x02\xfa\x14@%\x83\xd2&gt;-.\x94\xff\x00\x14\xbe\xd5\xaa\xbblkn\xc1\xca5ckK\xb87\x16\x17\xedkl\xd3_\x04I\xd4r\xf9\xa7@\xbd\xb0B\xb2Y^u&lt;][u\x8f\xe5?\x1fw-\xbbG\xfb\x19\x95\xbc\xeb\x18K\x8fp\xd4\xb4\xca\xbext\x8c\xac%\xc2\xad.\xc0U\x13\xebm\xd7\xd4\xe9\xbfM\x89\x8d\xe6\xce\x01F\xe7n6\x8d0&lt;\xc5k\xa0\xfe\xe0z\xb3\x17\xd0\x13\xb0OO\x0e\xe1{u\x1cy\xd32Z\xa7_+;\x0e\xfaZ\x9bD1\xda\x130\xd3\x9d\xfe\xe7\x02\xc3]\xf6W\xaa\xec\xc7\x04\xbd:\x98\xbd\xeb\xb6\xbd\x8d\x9a\xda\xb6\x19\t\xc9\xaa7\xe8\xb1\xd2U\xfd2\xb11\xf2\x93\xea\x0c\x0b02\xe0\xf0\xb0\xec\x83\x16\x0f\x1a\xa52\xe5\xdau*;\xaa\x01\x00\xee\xc2c]\xc1\xf8\xc6\x1a&amp;|\x1e\xc1-YW\xc2\xdb\x05kq{\x1e\xe5\x98\xfe\xba\xe8r\xb1k\xec\xbd\xa34\xdc\xa1"\xb2-Y\xd9m\xacL\x7f\xd9\x07\xbfN\xb5\xea\x99El\xa5\x8f\x18\xbf\xc8\xe7\xb7\xb0\x07\xd7\x87\xe8\xc7\xa4\xfaYE\x98\xf9\x15\x9a/\xb0\x12k\xa9\xec\xb7\x0b\xee\xd1\x93mf6\x90}e\x89fK\xf4\x8cnoJ\x82\xcay\xcdi\x94v)\xca\xb25E=\xe9\xb1t\xa9\xde\xdc\xba\xfbj-{B;\x11\xdc\xa6\xc6MG\x1e\xfe\x85\xd4&lt;\x83\x91MyT8\xe0\xcd\xb8A\x96v\x188\xfc(\xe11+\xe5u\xb0\x8e\xee\x92\x9d\xa9q\xb9u|\xab\xc7\xb3\x85\x97\xfa\xde\x87\xd8\xcd?\xed\xa3nX\xc4/U\xc1\xab\xaat\xdb+z\xad\x8eg\xe5b\x8dx\x039\xeaT\xfd\xa9\xb7\xba\xf7\x1dB\xae\xcex\xca\xdfn\xc3\x9c\xb8h\xf4\xfb&lt;\xca\x9cv2\xf1\x07p\xe2{)\xaf\x9352\xfa}8\x8d\xc2\xd6\xf4\x9ck\x82\x8c\xd4W\xa0\x99X\xe6i\xac\xd8\xd9\x89\xc5r\xbb\xdb\x8bP\xf2\x9b\x1f\xd4\x89\xc4nY\xee&gt;B9\x9f\x97o.\xba\xbbW\xbf\xd9\xeb\xb5s\xc4w\xd4\xae\xc6\x07\xa7f*\xcaQYX\xe9\xba\xee\xcb\xd4\x81\x11\x0fz\xfb\xce1{\xc6\xf6\xca!e#X\x99-0\xd3\x93\xe5\x8e\xe4J\x87\xa5\x92k\xd2\xcb\xa3\x9b\x8d\xe7U\x8c\xe6\xbb:ny\xc5=K\x14\\\x9d\x81oz\xc7\x99\x91\xae5\xb0\xd2\xe2\xa7\x00\xff\x00\x1dz\xc8\xec\xe3O\x8e\xd1\xeb\xe2rj\xd0\xae\xd3eM\xeb\x16\x9eq\x1b\xb0o\xdd\xc7oW\xd6\x1d5FU\xe9\xe5\xb5\x86\x0ft\x82\x0e\xf3\xb6\xad\xe5\xbcemq \xe3\xbf\xa7 r^\xa1\x8d\x00*\xd5\xbfk\x87!\x82\xfeVI\x84K\x06\xd7\xd9\xdd\x04e\x82\xb8\xe9-ONJp\xb7\x05\xbc\xda_\x15\x84\xc6\xc84\xb6X\xe0\xf8\x18\xac\xeb]IZu%\xec\x83\x9en1\xd4M0+.\xed-\x8b\xee\xc7\xb1\x8a;\xb7|\xe3\xecO\x1a\xd9\x03\xd1bqz\xf6\x0fM\xe1mxI\xe5-\xba\x9d]\xab7\xf8a\x9d\xd8\xdf\xc8\xd3\xd8\xe4\x9d\xd9o\xa2\x9b\xdbs\x01;e\xfb7\xca\x91\xe9q\xdc\xae\xa0^U\xb8\xd1\xea\xd8\xfe]\x98O\xe6W\xd3\xb3\x9f\x02\xce\xa9\x8e\xa8\xe7\xd2:R\xf2\xbeu\x0c\x95\xa0c{\xdb,\xf0\xb0v\x1d\x8aw\xad\xeb\x84\x1a]\x1f\x85\x95\xff\x00\xe2\xf6Wm\x0e\x99\xea\xc2\xeaX\xab\x99\x83q~M\x16\x08"E\x80nT5\x07x\xbd\xa03%62h\xd5\x8bL\nfBqlV\xf3)"8\x96\x8d\x1a[j\xcb\x15%\x8b-\x1d\xb3+\xdat\xbb8\xdc\x9e\xd9\n\x8c\xb8\x18\x83+3A_\xf1\x98\x03\'H_3)&gt;8\xad\xe1oqdH\xd3\xf3B\xee\xda\x97w\xd4\xdc\xac/\xce\xe9\xd6\xab\xf2\xf3\xf15\xcb\xa7b\xd6\xf4\x00R}U\xd4|\x9a\xbao#\x8e!\x98\xad\xc6\xdc\xa1\xfb\xc3\xb8?\n\x87\x9b\x97\x99g\xae\xa1\xc9\xf1\x17U\xe5\xfb\xca\xc6\x86\xa3\x89Wg\xb1&amp;MB\xca\xf1\x99\xb13-\xc6[S\n\xde\x07)Z\xa7\xe9)\xc6\x83\xed\x89\xbc\x9e\xb5\x8b\xf2\xb3\xdc\xf7U\xf6"X\xb3\x1b\xd4\x14\xea_Oj;\x1cN\\w\xb3g\xf1\xf4#\xbc%\x9fZa\xfd\xafY1`\x82\x08\x1cAr\xc5\xc8X\xb9K\x06Z\xc1\x96\xb0\xe4\xa1\x17X\x86/\x08\x15L\xc8\xa3\x92\xe0m!\x11\xc4\xb8D\xec\xd5\xf7\x9f\x86\x12\xc5\x96\xaf{\x14\xd3\x91\x89h\xb2\xabF\xd7\xa0\xae\xb1+\x7fWb\xbdm\xbc\xbc\x1f\xa7(\xe7I\x1a\x98\xbe\x16KGq\x18\xc5\x13\x15\x7fz\xcfEB\xce\x15t\xf1\xb8\'\xd4u\xef\x12\x9btz_Q*\x98\xd6&gt;D\xfa\x8f\x7f\xe5\xe9^\x14\x8f\x04V\x99\x99\x15\x06\x19X\xfc\xac\xcb\xc6#\xa7\xb2r\xbd\xf968\x1b\xa8zr\xcfz\xd7l&gt;\x10\x8e\xe4w\xf9-\xd5\xce\xabG$\xfa{\'\xcc\xa73\x15o\xab/\x96M\x18i\xc9\xba\xb5\x9e^\x0f\xd3\xf5\xee\xfca\xea\xb6j/\xc4\xc7YI\xd3\xe6$\xa9\xf9\xcc\x9a\x8a\xca\xa1\xed-\xefO@\xff\x00\xc0\xbe\xff\x00X\xe3\x8b\xba]\xf5\x9a\xec\xa6\xbeCZ\x82,l\xd8s\x8c\xfb\xf6\x9f~\xf3\xfc\x85\xb3\xfc\x8d\xd0u;g\xf9\'1:\x96\xa5}Mv\x99\xc8\xe2\xab\x87:\x9c4\xea\xb7\xdb\x8e\xb6g\xe4\x13]\x9em}6\xd3h\x8d\xefh\xefj\xcc\xea\xf6\x9d&amp;\xed5\xf6\n\xfav2\n\xbaq:z\x0f!\xf5=\x9bO\xa6\x87\x1c\x0c\xa4\xf5cvm\xcb\xbd\x9f\xc6\xa1\xdf\r}Y6m\xedm\xb5\x03\x82\x83\xdf"\xb1u\x14\xe3XOM\xc3"b\xa0\xae\xbe\xb9V\xfe\xa6\'S\xceY\xf7}\xfaU\xd9G+\xa8y\x99\x14\x7f\x8f\xb4\xcf\xf1\x95\nq\xea\xaa\xacz}\xb1\xbeI\xed\x9b\xf2\xa7\xde \xedg\xc5\xe5q\xc6\xe5\xc86y\xe0\xe7Spj\x8a\x13\x9b\x8dW\x90\xbfS&gt;\xb1\xfa\x1a\xf1\xc2\xa2?\x82\x0e\xde\xf5\x9fp#z\x92\xf5*\xc8F]\\x6[\x15\x99\xa7\x86?NO+\xa7$\xcc\xa4dbf\xd0\xdeF\n\xfal\x04:\xc2u;\xcdMMN3S^=\xe2\xb1\x12\x8c\xa7S\xd3\xef\xe4\x18s\xaf+\x03\x1d\xe1\xc2z\xdb\xa3\xe3X\xb7\x08\xf2\xd0tG)rC\xbaod\xfb\xbe\x8a{P\xff\x00&lt;c\xaa\xbe\xa2brzv\xab\xc7\xbf\xbc\xa9u7-&gt;\x96\x9f\x91(^\xf5zV\xeb=XK\xb6\xac\xf6\xab\xbc\xfcp\t\xd4\xb18Gf\x9dk\x1d\xc6W\x11\x02\xae\x82\x89\xd3\xaa\xa5\xf3\x19\xbf\xd8n\xcf\x90Yk\xb7fZ\xc1\x17\x18j\xbc\'\xe7Ng\xce\x81\xdc\r\xaf\xb1\x9e\xe3\xf0e\xeb\xb9\xd4\xf1\xfc\xeazVQT\xfaz\xa5\xba\xcc\xa0k\xbf\xea\x1b\xb9\xdf\x8a\x810\xea\xed\x0f\xc8{,\x1e\xc7\xdf\xf2%\x8a\n\x9eT\xddc\xd7v&amp;B\xff\x00\xf4-O?&amp;\xce\xd1\x0fa:\x9e(\xaf\xacT\xde@\xe0\xd6\xb1\xa8"MMN0,\xe38O.yPW\x16\xad\xc6\xc7\x9c4\xfd7\xd9\xf3(\xc6\xc7\xcc\xea\x96\xdcz[--QK2\xed\xa3\x1a\xc8\xd5d\x06\xc3\xaa\xc2\xf7a\rg\xf4\xbf\xdb\xeaT2O\xa6o\x00Y\xfcG\xb1\xa1\xff\x00n\xd1\xf7=a"\xee~\x1aX\xdb\xf1O|d\xed\x90\xde^"\xee\xeb\x98\x04Z\xfdlZ\x7f\\\xb1\xac\x8a\x9f\xcb\xadoU\x1db\xc2\xc1\xb2\x11g\xde\x88\x99\x0e\xc2\x8c&lt;\xcbsZ\xb5{\xdf\x07$\x1b)\xceY\xf7\x042\xf7/\xe8\xab\xa4\x9e\xd9_%^5c\xbf\xae\xd1\xd8\xcf\xee\x07\xa5\xbd\x9f\xdd\x97S6\xbf\xb7\xca\xfa}\x17\xfcE\x8f\xc8\xe7j\xde\xafR\x88&gt;-\xee&lt;??\xd3\xfb(\x9c\x1b\x8eE|\x97\x07\xd4\xbf\xff\x00\xa3\xa5\'.\xa1e\x85\xadS\xc6V{\xfdO@9\x8d\x8c\xd2\xbdk1\xb6\xd3SSP\x08\x16\x04\x89V\xe2\xe3Kq\xca\xc4:+\xa6[i\xefM\xa6\x99\x95c\xdbq\xf6\xae\xc1\\\xf3D[\xab"\xa0\xce\xb4y5C\xa6&lt;{u\x1cur\x8c\xf8\xd9\x05\xc3S\x908\xcez\xa7\xa1\xaf&lt;\xe4\x1d\xd7\xdc\x98\xc7\xc0\x89\xf9\xa9v\xf5\r\x0e\xb8\xe5:oN\xab\xc9\xa8\x92H"\x9a\xb1\xbb\xc7:\xaf\'B\xac\x9c\xb9]\x81S\xab\xf5\x13\x9b\x91\xb9Y\xef\xd1\xa9\xf3o\xe4D\xcc\xa7l\x8a|\xaa\x9b\xcc\xae\xacj\xed\x9dJ\x83\x89r\xbb2\xf4\xd6\xe1o\x0ey\x17\xf6\xa6\xa6\xfd\xc6\xf0\xfe\xc3\xb4c\xe9n\xf3\x84\xea\xa9\xb3\xf4\xbew\x93nC\xf1\xaf\xa7\x8f7\xa8U\xf2Oo\xeb\xfd\xbf\x1f\x9f\xea"\xc5\xec\xd7\xd4\x1d1=9\xf6\xb7\x1c\xacG\xf2iN\x14.1/k8W\xfa\xbf\x90\xc6\xf2\xad)jG\xee\xfd\x84\x02\x01\x02\xc0&amp;\xa2\x01*\xd4\xa8\xacdV\\\xba4\xd5\x98\x075\xc9\xaf\xb5\xdf?\xea\x83\x9a\xae0\x0c\x98\xcb\xe4\xd6t\x97+Yg\xad\xa5g\xd3`\xfd\xce\xb5\x8d\xc5z\x16W,\\\x96\xda\xbbj\xaf\xa6\xc7\xedC\x0cn\xde!}T\xae\xa0\x9dI&lt;\xc5\xbd\xf4P\x80{\xdbe~\x95\xf96\x7f|^\x99\x8d]\x95u\xbc\x9f?\'\xc1[S\xa4\xd6\xa9\x82&lt;+\x98\xeb\xc5\xaa\xf7\xba\x85\xc8\xaf%&gt;\xd8\xd7\xde$\xbd\xa5q\x8fo\xca\xc61W\xd4\x07\xa1\xc4\xea+\xea\xebx\xa7\x16\xfb\xf3|\xee\x99\xf4\xfa\xfe\xe2\x18\xa7\xba\xfc`\xf7\x9e\xd1`]\x9dLs\x1dx\xe7\xa0\xfd\xea\xdb\x8a\xb1\xdbt\xe5\xec\xe4\xbc\xce\xa8ft\xd6\xda\xb6R\t\xed\x1d\xb6A\x80\xc1\x07\x86\xe7\x9aD\xae\xf6\x98\xb6\x96\x995\xed5\xea\xc7\x12\xe4\xdad/\x17\xfca\xf7\xa9b\xb2Dz\xe2[T\xad\x94\xf8u\x9a\rs0\xf9\x98X6}\x9fP\xea\x8a(\xc8\xb9\xbfk\xa0\xe9p7\xdb~\x04\x83\xe2\x8b*\xf0\xccm\x07\x1e\xb10\xea\xe2\x1d\xf7j\xfb?\xa9\xb1\xf2o\xc7\xc4?\xa3\x05\xff\x00a,0\xb7z}\xe2\x0fP\xf4\x8e\xbd\x8b\xbbkU\x85\xbb;m\xd2ot\x9f\x92\xfb\x8fa\xee\xa2Y\xf1\xea\x1f,\xecu\xca\xe9b\xc7Zz"\xea\x85\x8b\xf2C\xd8{\x0f\x97\xe2\xb3\xb0\x0fag\x16G\x1b\xb5\xbc\xac\x9c\xa1\xac\xec]\x93\xfd}\xdb\x98\xaa\x9dyX\xf8\x0f.\xa9\xab\xcd&gt;\xa9\x97\xe8\xb2\x08\x0c\x06U\xdey}\xac\x1a\xf0\xa6\xbeS\x15JG\xf8\\x\xe4Q\xa8F\xd3\xa8\xd5\x08\x95\xe7\xba\xd3fm\x92\xcc\xdb#]sO\\[/\xaebu\xde\xa7\x8czw\xd4\xb8\x99ke&gt;U\x9dv\x8e6\xe2]\xe6\xe3\xe4 \xfb\\d\xb2\xa4Wm\x07\x81\xa6\xe5g\xd4\xb1}\x93\xdau\x17\xf5\xf2\xef\x8d_"\xed\xc1(\x1bh\x87\xfd\xcc\xbds\xfd\x18.\x17\x148\x11}F\xbdB\xe0=W\x08\xac\xae:\xd8\xde\x15[\x13\x9e\xd2/\xca\xb3\xe8oo\xc8\xf7\x1e\xc8}v\x8fOS^\xce\x9f\xeau:\x1b\xfc\x86\r|)c\xd9=\xab=\x81\xf4\x03\xea\xde\xd1&gt;G\xb8=\xc2\x99\x9b\xdf\x13b\xcc:\x8e\xa2\x98\x9b\x0b\x8c6\xf9\xcd\xc6\x9cg\x02\xce\xb5\xd9\x07\xb7T\x1f\xee*h\x11\xe0\xb3\x0f\xb9\xe28e\xf6!\xbb\xe0\xd86\xba\xe3a\xed\x9a}xO\xb5\xaee\xd3\xc9Y8\x16}C\xb6\x81g\x19\xc6\x11\x18Oi\xd2z\x9bQ3\xa9[\xb1\xf1\x9c\xd7fM\x8d\xe4V\x15\xd0\xd7\n@&amp;\xa2\x0e\xeb\x16/\xb4\xcf\xb3yx\xeb\xc9\x97H\x8f\xeaj{xTw\x9d\x97\xbf\xb8\xfd\x18\xea\x0e\x17\xaa\xa2;\xd7F\xcdyCm\xc1\x9d1\x14\t\xd6T\x9c\x05\xed\x10\xf8nT{\xac\xfe\x87\xdfz!\xe71\xbe\xa0\x14\xe3\xd6wFj\xb5\x16\x86\xdb|\xa7\xb4S\xdd{R\xa7\xd7\xbe6?\xa1\x0euT\xa6=\x9c\x90vl\x81\xfe\x8a\\W\x19\x0fe\xf7\x1f,\x13\xeb\xeaO\xcb%\x0e\xa6B\xfd\xce\x00\xef:\x98\xff\x00\xe8\xb7\x8a\xccf\xd3#m3*&amp;p;\xa1O,0\xdcZ\x9e\xddN\xadN\x96\xd1Dn\xeb\xd4F\x88M\x94\xaayS\xcb\x9e_g\x11\xe1\x9e\xc7\xa4e\xee\x9e\xa7W\x1c\x85\xfd\xc4\xc6\xb4\xacK\x01\x8d\x07\xbcY\xf9O\x17nO\x82\xbce\xaf\xb7A\xd9L\xb1\xb8\xd5\x83\xea\xc8\xc8;\xb7\xf4c/\xed(\xee\x9e\xf5hAR\xb3\xd6\xa1Ue\xcb\xe6Wx\xf2\xed\xac\xf6=\xbc\x12\xde,"\x8fC{9\xef\xf8bf@/6U~\xa6\xc8\xf3\xd3\xa3&gt;\xf1\xea\x12\xc3\xea\xaf\xe4\x17\xf6\t\xd5\x8e\xdb\x9dR\xef.\x9c\n\xfe\xe7\xa8dz\x02\xbe\xc5\xcf\xbc{N\xaa\xa0\xc4\x9c\xa6/\xa0\xd8y&lt;\xc3\xc8\xf2\xe6M~VOY\xc7\xeef\xa6\xa0\x88{\xe2&gt;\xe0\xa7\x90\xb7\x10E\xa7\x89\xc5m\x01\xea\x1dJ\x8d\xae\x02\xf1\xb4/\xa3}\xf3+\xe4;)W\x956\xe7\x19h\xd0`g\x94\x86=$G\x13\x1c\xb2\x9c\xcf]x\xff\x00\xcc\xe9\xa9[j+\x1dn,\x11&gt;k\xed3\xac\xf2\xf0\xf1\x877\xe5\xc5Pl\xee)\xed\x99t\xc4\xaf\xcb\xc5\xb3\xdc\xf8\xa7\xca\xa8"\xc5\x89\x17qg\xe7\xac\x02\x99\xd5\x93\xc9\xa6\xe7\xe7\x1b\xbdb\x7f\xf9\xb8\xef\x18\xc4\x1b6|:\x8d\x1e|\xe9\x15\xf0\x08=\x16\x1d\xb5\x7f*\xbf\x8f)N\xf6A\xea\x058`\xd0\x19\xf3\xa7"\xb2\x86\xe7^Y\xd5\x18\x83\xb37z\xfb\x9d\xfaO\x86\xe5\xfb\'\xa8\xb7\xfa\xa7\xb1\xd4\xd4\xd4\x02b{\xe2(\xe1r\xae\xac]5K\xdf\x16\xb9\x99\x8f\xba\xda\xbf/.\xaf\xe3\xb3\xe5b\xec^\x8a\x87r\xb6\x1bY\x93\xda9\xeey\xca\x01+_E\xc7|\x1c\x1c\\\x7f/98^\x9e\x8c\x8d\x825\xdd`\x80\xca\xdb\xbdCg\xc3\xea+uN \xe2\x80\xed\x87\xb2K\xad\xe0\xb84\x9b\\\xfc/\xedn\xa6\xbc*\xfeD\xb6\xa5\x9fy\x8e\xb3\xfc\x9d\x02\x0e\xac\xb0u\x86\x83\xac\xd9\x17\xad\xb4\xff\x005\xdb\xa9\xe4}\xdd\xca,Y\xca\x13\x10Lo\x87\xe7\x97\xa1\xcc&amp;\x18;Wcm\x1f{\xc1\x1f\xbd\xd8\x01\x17\xe7O\xc3 F\xf9\xe7\xe4\x9b\x0f\xd3\xee\x8doP^N\xf4\xd8e\x0f\xe4\x8c\xc2\x1f\x1f\x1b\xd3^\xfbT&amp;\xfc?\x1f\x97\xee\xbdH\x7f\xaei\x16/\x86\xe79\x88\xfe\xaa\xf2H_\xba\xe7\r\x9b8\xf3\x0cL\x85\x1e^x\xd6U\x1f\xc7l\x07i\x99^\xe2\xd6%~\xd51\x8fAz\x185V-E\xacLJ\x9et\xea\xff\x00e\x07\x97wX\xa3vb\xf4\x91\x9b\x9c\x07\x80\x82\x08\xb3\x1cv0\xce\xa8\xdeoT\x07B\xa8\x1a5\x80\n\x11\xb2m\xca\xcd\xa7\x12\x1e\xb3\x8c\xa6\xc7\xe5g\x978\x08\x14N\x02\x08&lt;\x04\x10xo\xc3s{\x8a"J\x7f\x8d\x8f\xab\xfa\xb9\xed\xdc\xb0\xad\xf4Q\xb8\x84n6a\xb9\x94b=g\xcbrF9\x8bGz\xc7\xa1\xfb\xcb;\xd9\xfe&amp;\xb9\x8bEt\x02\xcbl\xfd\xea\xdbKm=C\x05\xeb\x15dz\x15U\xe7\xc4\x03\xe3\xf8ir\x0b\x13~P&gt;\x04@\x93\x1dti\xafc\xc8\x8fY\x07\x1d\xb4p\x1f\xb6C\xfe\xdei\xdeN?\xc3"!\x97.\xc5\x89\x02\xc5\xd4\xe8\xec\x85z\x86\x10\xae\xf1V\xa6"w\xc3Y\x94u\xd6sW\x9d_z:u\xdc\x85\x8f\xa9\xaf\x1aW\x93\x1b\xb8\xba\xb6\xc1:\x8a\xdee\xfb\x95|=\xa2\xaf\x9a\xd5~\xd9\xebY\x1e~\\2\xb6\xe4\xbf\xa4x\x08 \xf0\x1e\x1a3\x89YP\xf5\xafdc\xde\x1f\x8e\x1f\xfe\xabz\xa7\x94OWhz\xa5\xf3\xfc\x96S\xcf\xbc\xcehn\xcf\x96[\x94\xa7\xcf\xb6aw\xc2\xeay\x89\x8e1\x17\xd2\xf6z\x15\xb4\x96\x0fUE\xa5gJ\xa2uLN\x17*\x9e4\xdef\xe6\x86\xcc\x1e\xe7\xda\x9a\xfc\xdb\xba\xc6%\x98\xf7\x1f\rD\x1d\xd0\t\x8c\xfa\x95\x90\xd2\xea\xfb{6\x15\x9a\x99W~\xdd\x87\x95\xd4{_\xed\xbd\x1d\xecX;\xea(\xd9\xc2\n&amp;u\x9c\xd7[8\xbf,~\xc3\xaa]\xc7\xea{\xfb\xd5\xd4j\xe4\xf8\xe8\xf5\xd5\xdf\xc4J\xd7\x8d$\xed\xe8m\x8e\xa0\xcc1i\xf8\xafr_Qy1\xf3\x95%v\xa5\x95u\x1f\xfd\x10\xcco\xe4&lt;f\xc4\xd8\x9c\x84\xf3\x12y\xab&gt;\xe5\x04\x19Cg/S\xef\x08\x9fv\xd1,\xbe\xc1\x87^]\xcc\x13!\x82z\xa8\xa3\xe4~.{\xcf\xebW\xa7#?\xb6D\xfb\x8b l\x8ea3Z}\xb6s\x1f\xf1\xd9\x8d\x17\xa5dK\xfa\x82\xe0t\xfa-|\x9c\xea\xdbK\xb39\x1d+n)\xe2\xc9\xec\xaa\x08\xea5o\rl\x88\xdb4\x1d\xab\x03\t\xd7\x81\xef9\x14\xb0\xe5\xd7`\xdc\xdc\xdc\r\xdd\x1c\xca\x99\xa6=\x8d\x1e\xd3\xae[|ol\xcb=(we\'\xb5\xde\xcf\x10\xf6h\xf2\xe6\xb7\xcc\xa9n\xb3\x1f\x13\xcf\xfb4\xed1;\xca\x87n\xa8\xdc\xbe\xa4g\xff\x00G\xa9\x03\xe5\xd1\xb6\xaf\x8c)\x08"c\xaf&amp;\xcb:^3\x15\x8a\xc4\xb3Y\x17\xa0\xab*\xaff*\xa1|\xdb\x9b\x1b\r\x98&amp;;\xady\x98v\x165\xb42\x95$\x14a\xe0!\x1d\xb5\x13\xb0U\xd9\xc7\xa3\xcc\r\x8et\xb4\x1d\xd6\x8a\'N\xa8*T\x80S\xe5)\xcd\xadxc\xd0;1\x85\xbb\xfe\x7f\xab\x9fV\x1a+R\xdd\x8e\xa7\xaf\x88-\xbfc\xb7\'\xa8e}\xb57X\xd6&gt;\x03q\xc9S\x03B}+\xec\xd6,\xa2\xdd\x1c[AkWu\xe5\xea\xa7\xa5;\xa0\x8f\xf1\x1d\xc6\xfb\x19dNF\x92a0EX\x80L`\xbb\xaa\xb5"\xca\xbbyzj\xfb.u\x9d\xb1\xcfz\x8c\xb3\xd9\xfd\xd0\xf7\xfcjV\x83\x95_\xb7n\xc6\x99f;\xf1\x94\xda\x19o&lt;\xba\xed\x8f\xae\x9d\x96\x9c\xb1\xf1\x87\n\xf6\'hVc.\xa6u\x9f\xba\xb6D3\xb7\xdcu.\xfdA\\\x88B\xf2[\xb41r\x99\x1c\xdf\x912\r\xd6R\x83\xd5}*\xb3\x07\xc1\xe9S,\xaaq3\x89\x81f\xb40;Y\x91Af\xf2\xcc\xc7\xab\xbe-d+\x99\x92?\xfaY?1\xd9X\xf7\x10{\xf6\xe1`\x98\x1d\xd1\xab\x81x\xc06\xa1\x16\x7fa:\xfd\xe6\xdc\xb9\x8eu\x7f0\xab\xe6mV\xe6\x94?5\xbecz\xe5u\x9a\xe2\x10\xe3\xae\xe2\x05\xbe\xcb|\xb9\x86\xfeb\x9e\xeb\xf9\xd7\xa4\xc2%\x0f\xc0\xcdx\x03\x03\x19S\xb08\xb71\x88v,Q\x1d\xf43m\xd9\xc52\xb6\x87\xe3w\xbe\xfb\xa9\xecg=\x11e\xb0f\xbdf\x9c\x85x\xb2\x9bx\x007\xd5,\xb2\x02\xaf\x8d\xc3\x16yx"yx1\xa9\xc4\xf2\xc8\x1a\xcd\xf9J\xac\x99\x0ey\xe4\x12\xf6S\xa4\x84\xf3jW\x89\xae\xb51\x12W\xf1\xcb\xa8\xd5\x97o\xa8\xe2\r0\xf0)\xb8k\x9c|\x14L&gt;"\xd7\xf2m\x0e\xc6\xbb\xb1\x9eQogimZ\xb5\xbdW1\xf47\xbf\xe0{\x86\xd2\xdb\xf1\xc0\xf94v\x02\x17Q9\xc0L\xcc\xb5\xab\xc5\xb1\x8b\xb4\x07F\x9f]\x1eI\xd2RVT\xa0\x0e\x1c\x9a\x9d)G\x11\'P\xaf\xce\xc7\xc9\x04\xdf\x85\xc5iA\xb9~\xd4\x8b;\x87\x10\xee7o\x1d@%k+\xaac\xd5\x10h\\\xf3*\xedK\xed\xdb\xe2\x9fMF\x03\xe8\xbf\xd9\xfd\xe9\xf6\xb2,Bv\xf8\xb5\\\xb5\xe3WTC\x19\xbd4\xff\x00"?\x99n\x0b\xee\x9b\xaa\x1c\xdf\x1e\xa2\xda\x94\x7f2(\xf2\xfa\x8d\x1e\x9b;\x15i\x90\xdbt\xaf\x9e\x1d\x8f\xde\xbf3J\xf6\x89M\xe3uyV/\x94\xf5\x9e\xb8\x81\xea5\xf2*\xa4&lt;\x06\x03\x18\xcb\x0c\x11\x8b\x19\x8a\xdaz(\xe5oR\xa8\xab\xe2\xdb1\xde\r\xea\xd2\xabMuY\xc8\x86\xe3\xc1\xc8\xd1\x8d\xb0tL=\xab\xc7\xbcT\xc75`\xcb\xe4\xad}\xb3\xcf\xbf_s\x93\xbc\x8b2^\x93\xe3\xd3\xff\x00\xf3/\x82\xc0\xe0A\x91P\x89\x97T\\\xd4\x9fx\x9azU\xdc\xe2\x98\xb4\xda\xb3LF\x84*\xa2jk\x94\xdc\x06n\x03+iK\xca\x9cF\xbb\xb6VD\xca\xbfq[m\x89\xed\\_ke\x9e\xf4\x9e\xce|\x16PL\x1b\xf0\xcd\xb7\x85\x17\xd9\xe5\xd5\x8c8\xafL\x7fU\xd8\xded\xff\x00\x16\x19\x7f\xc3\xcf\xf1^Z\xd7\x9a\x12\xed\xa5\x8b\xd5\xa848h\x81\xad\x94\x1dc\xd2\x81b\xf9\xb0]er\x96GU\xc7ma\xe4\xf3\x99\x15\xab\x0c\x9a\x0e=\xe7\xde\x08\x0c=\xc7\xe4@\xa3u\xd4\x86R\xd5\x85\xeaV\xd3\xe5\xd5\xfc\x98\xbe\xc9\xf1\xb7$f-\x0e\xf5\xd3\xe7\x92\xdd:\xf7\xddw3?\xde\x93}\xf7\x99E\xd5\xddW\xec\xb5\x97S@LJ\xdd1\xff\x00\xb0\xedU~\xd9\xad\xe5\xe3~|:I\xdd\x1e\xd1\xf2Qcd;Nf\x0b;}\xc2\x883\x10A\x9e\x91s\xd2\'Q\xaeW\x95SF\xcc\xc7\xa9v\xb6FS\xa3]|\x82(\x9b\x81\xa7)\xca+\xca\xed\xd4L\x8dK2\xfbddn3\x12S\xdf\x16!\x95\x99tozc\x88\xb1%DM\x88\xee\x04\xcc\xc8\xf3\xad\xb3m}I\xfb};\xf9+m\xa9\xe4`\xad\xa3\xf2\x18\xf9\xc0\xf9\xd5]jK.7W}mM\xb8\x97\x1ao\xb3\x88z\xd2"\xce\x1b\r\xe7`\xda\x97V\xd5\xf50L\xc4\xb8ebu\xa7J\xfau\xdeb\xadO\xcd\x0f\x81\xf6\xe0\xc4\xe9\xa2\r\xca\xc2LZ\xe9\xb1\x1f\x0e\x832(\xf2\xee\xc7\xf6\xb6\xc0\x94\xde\xb5\xb0\xc6\xbf\xcd\xa2\xd7\xe0\x9d:\xc0)\xec\x94\'r\xcex\xd1x\xaab\xdc\xafcl\xddU\xdd\x8e\x8c\xb0\xf6E\xd5}q\xf8bx\xe0\xe4yu5\xae\xf3\x90X\xd9\x02\x1bX\xcb\x1a\xc3\x05v4Lm\xcf\xb22\x8aA\x16Rj\xc9A\xa9c\x89\x87o:\xd5\x9bw eu&gt;;\x9b\x9c\xa7(l1\x9c\x98|\x16c\x18\xb2\xa9\x7f\xb1\xf9U\xec\xe6\x08\xa6+\xea&gt;@U\xcb\xcb{\x8db^8\xb6?\xaa\xbc\n\xbfr\xbe\xca\x90K\x7f\x8a\xda\xc9&amp;\xa8\xc0\x01\x94k\xc8\xae\xaa\xa2$U\x88\x91Re\xa0jz&amp;G\x95\x91Ry\x95t\xf3\xe5\xb7\xd4\x83\xccA\xc5\x10k\xcd\xf0\xdfmE\xad\x9aaT\x10\xf1\xa0\x93Z,\xf5j\xfa\xc1\x15\rN\xb1n\xab\xe3\xb4\xe9\xc6e\xb0\x98\x8f\xc5\xb22IQk\xc7$\x93\xdat\xd3\xb5w\xd55\xbc\xa6\xd8\xd5w\xb4\xf1\xaf\xae\xf6\xc1\x9a\x89T\xf4\xa0{\xe1b\xd0\x01\x122N`Ew\x94\x0c\x802\xb2\xef\xa2&amp;ey\xa6\xae\xc5\xc3\x81\x81\x94R\xfa\\\x95c,\xf4\x99\xa9\xa9\xa9\xa8a\x87\xc5f4IT\xb8F\x1e\xa0a\xf0\x10\t\x91\x02\xfa\xf1\x87|\xc5\xe2zkzp\xff\x00\x91~hl\x9f\x8b\x8e\xab\xca\xeaIQ\xbb\xab\x93\x0eM\xf9\rZ\x81\x16 \x8a \x83b[`\xe1m\x8d^f#\x83fM\x7f\xbf\x9f\x99\xfb\xadafC\xea\xf1\xa97\x17\xb4\xa9LD\x1b\xb2\xb1f&gt;6pC{\xd7`.\x15s\xd8\xb9\xc6}\xad\r\xc6\xec\xf4\xd5\xd8\xbd\x9f"\x08;\x97\xf7\xe9\xbe\xd9-\xea-\xa1\xd3\xe5V\xf2|\x84\xdc\xfa\x81\x83b\x043J\xb1\xae\x8c\xe4\xc5\x04\xc6\x04\x1eZ\x8bn\xa3\xdeZ\xb2x\xc6.\x06%\xf7q\xfb\x7f&gt;\x9f\xa5zeS\xea\xbc\x05L\xb5\xb0\xd5VM\xdf\xedt\x1c\xbf6Z\xa3\x83\xfe\x8dx\x18a\xf0\x11f&lt;\xaf\xda\xa3,\x8e;\xf8\x08\xb0\xfb[\x00\xf5\xd1\xd9\xba\xa0\x98lVc[\xea\xb5\xbdG\xbc\xb5\xf3+\x8f\x99\x95\xac\xb1\xe68^MEa\x00\x11V(\xf0\xe5\xa8\x19\x9a:\xa8L\xf1\xfb\x9d\n\xcf2\x9e\xa5\x91\xc2Z\xdd\x89\xec&gt;^\x15,\xac,\xae\xad\x8e\x0e\ra\xa5\nT\xf5\x1cz\xabu;\x99\x87Mi\xdcC\xc5\xeb\xd7&gt;\xa8;P{\xbfx}\x80\xd0?.\x99\xef\x98\x7f\xd8-\xb0\x87\xcb\xc5\xac\xf6\xad\xe7]\xc7k1|\xe6\x11\x9d\x9a\r\xc5^\xcb\xb2[`\x91*\x1b%e\xf8\xe7\x90\xafs\xa7\xd6\x12\x17\x1c:\r\\h\xfa\x97\x8cW[W\xa8\x8e\x17}5f\xb3o\x1a\xa6\xfb\xd4Y\x04\x1e\x06\x1f\x03\xe0\xb1e\x10J\xda\x18\xe2\x1fy\xb8\x86\x1fg\x9f\xd9&gt;Y\xe7uc\x99K\x10|\xc0\xcb[w\x02eb\xf2\x99u\xda\xb6SO\x10\xa9\x10@;\xa8\x86\x04\x85\xb5.\xb3I\x98\xe3\x9fO\xb9\xb0\xe5\xcf\xe6=\xc4i\x0e\xfc\x01\x86V{/\xbd7\xf1\x88\xeb`\xee%\x07s=&lt;\xccJ\x86\x87R\xedk\xc7\x1d\xe8n\xf9c\x9e\x15G\xd4N\xd4\xfb\x99\xfd\xbag\xbeSo*\xb1\xb3g\xb2\xc43\xaa\xe6-\x18\xa4\x92\x7f\n Y\xc2q\x9c;c\x0e\xf4P.\xa5\x9b\x84\xe0\xacj]J\x87\x9c\xd8\xe1k\xab\xadi\xc6\x15D\xdf\xd6\xff\x00\xf7t&amp;Z\xf3:\x97W7\xbd\xb7\x1f\x01\xfa\x0f\x81\xf0X\xb2\x98\x0fd0\x18\xf1\xbeC\xda!\x80\xc7\x84J\xe6p\xfd\x9a\xbeK\xef\x8c\xdb\x15\xb6\xa2&lt;\x04\x99mijye\x18$\t\x14Mx9\x96Y3r\x08\x8a\x82\xb8\x87g}\x88\xe5\x14\xf1q\xec\xbe\t\xec\x0c\x06b\xdb\xc6\x0b\x01\x8bb\xa4\x17\xad\xd4\x8fn\xa6\xdf\xbe\xfe\xf6\x0fMgS\x1c\x87\xab\\Z\xb3\xe9\xd4h\'L\x96\xb6\xf2q;\xcb\xbd\xc1\x9b:\xea\xc0\x97"\x031\x86\xc5GS\x8c\xd4\xb0\xeeR\x9a\x1d0\xa8\x9dK\x1a\xab\xd2\x9f3x\x98\xdc\xe65j\x907\xa7\xa8\'\x98\xb6R\xa0u\x13\xe6gW\xb1\x0e\xf7\xe0?Q\xf0X%Sq=\xd6Xa&gt;\xa8`1\x1a\x18D\x06Xy\xe3\xd5\xef[L_}\xf1}\xf7\x0f\xda\xb7\xdb\xd8\x15\x8b.\xa0=\x81\x10\xb4g\x96[\xb9u\xf0/\x976Y\xbd\x81\xec\x16d\r2\x99Y\xf0_q\xe1[\xce\x9f\xa7\x99\xaf`\xcc\xc4\xb0\xae9m.c\xf2\xba\xe3\xea\xb3\xf8\xc7\xbe\x1d\x9c[9xe!\xec\xbe\xf6\x18O\xa7\xa7\x1d-\x9f\xfa1O\n\t\x88a}\x0b\xeb7\xaeEf\xa73\x08\xf7*\x18\x1a\xda\x1a\xde*\xf1m\xbf,V\xf4-\x0f\\\xf2\xd9\x1f\x05\xa5S\xf1\x9a\xfe]\x7fqCb\xde\xa1\x9d\x04&gt;\xe3\xf4\x9f\x03\xe2\xb1efnT`\x96\xc2}K\x1a~Vn\x18L\r\x1bbU\xec\xad\xc6\xb6\xe1mm[,\xa9\xc1\x9a\xdb=\xa3\xccb,\xac\x9dF:\x8fl,x\xdc\xecei\xb3y\x94\xc0{\xf8Z\xbbA\xdaoQN\xc0\x82\x13+\xef:c2?V\xa04\x0f2m\xd0=\xcd\xe7\xf7\xec\xfe3\xee\x87S7VcR{\xfem\x8d\xf1\xc1&gt;\x8f|\x83\xdb\x15\xcf\xeer\xd4n\xebe\xcbZf\xb9\xb4\x99\x8ex\xd8\x87\xb43^\x15\xb7\xab\x1a\xc4yz\t\x8b\xe9j}\x84\xebG\xfd+,d\xa5m\x05Uc/\xac\x0f\x1d\xf8\x98|\x04\x11"\x98\x0c\xa4\xc0\xd2\xc3\x1c\xfa\xabo\x01\x04\xd7\x83\xf80\xf5\xd5\xf1:\xfbj\xec\xff\x00]/"\x1b\x11\xe5vz\xb2\x91]p\xed\xf5g\xd8\x02\x16c+\xe0\x18\xdb\x8e\xf8\x0f]`\x13\xd9\x97g\x87\x1f\rx\tbwH=\x0c\x0cC\xb0e^\xf8m\xdd\x8f\x99\xd3\xf9v\xc9}\x92;\xd8w\x7f\xbdL\xb0L_R\x8fE\x9e\xf3r\xdfl#\xe8O\xfd-\xd9\xb9m\x93\xe5a\x96\xdf\xea\xb1\x9e\xc8b\xfc\xa9;Xc\xbf\x18\\\x92\x81\xe5X\xf7\xbc#)\x1b\x19\xf6h&gt;\x9e]\xba\xf5\xba\xc5\xca&gt;\x8a\xcfubc\xfb\xa9\xfdG\xf4\xa4\xdcYY\xd1\xe7\x19\xfbY\xefY\x81\xa0\x95\xfb\xea4\xb2(\xda\xa8\xfd\xc7\x1c\x18\x9e\xc3\xe3\xb9\xb8\x96J\xddl]6=\xe1\x85\x98\xa8\xa7\xc1\xbbB\xdc\x89\x86jyq\x90\xf8,\xb5}\x0e\xbcX\r\x81\xb5\x95MDY\x8f\xb00\xdbt\xdc\xdcb\xec\x97\xfeS\xf3\xaf\xf8\x9e\x19Sq|\xe5\xf5Pe\x82[\xf1\xc5\xf8\xd2?u\xdb\xf7P\xca}\xb2,bl\xa0\xabs_-\xbc0\xdf\xd2!\x8e\xbb\x8a@\x9eb\xccl\x9dAg5\xaci\xe9n\xcdd\xeb\xf7\xf26\xb4\xd4G+\r\x80\xc0G\xfc\xbf)\xecOt0@{C\xde\x017\x10\xc4\x80\xf6":\xca\x0e\x8e\xa5\xfd\xd7Sz&gt;\nb&lt;p\xb9U\xee\xc5\x81\xb8\xc6\xb6\xc8\xe7\x91\x13\xb1\x9a\x9a\xdc\xe3\xe1\xe5\xa9\x97\xa1\xa9\xa9\xd3\x80\xbeb.\xd1\xab\x02 \xd3"\xca\x97\xba.\x83\\)\xc7m\xbb7h\xdf\xcc~U\x8f\xd9\xb0B&lt;\x17\xf7\xa8\xaf\xe5\xbe\xd7\xac\xa2c\xff\x00\'\xb8Y\xbd/\x14d\xb9\x99K\x18\xd0\xca_\x83V\xfd\xb7\xe1\xe5\xee-"SB\xca\xeb\xf4\x81\xa8\x1fS\'#\x8a\xf5."\xab \x10\xc5\x89\xdf\xf5\x9f\x11\x12\x19\\\x11\x7fJ\xc4\x82\x08\xc0k\xfb\xb7\xc8\xff\x00\x0f\xf4\xb6\x0f\x15\x98\xff\x00;\xc9\xe5Z\x80,&gt;\xbf\xc3\xfb$\xfc\x19\xfdD&gt;\xd7w\xc7\xc31\xfbgf\x80\x18|k\x95{U\xef\x8f:\xe7iX\x12\xd8\xdf?\xcd\x1f\xc6\xfe\xed\x1abv\xbb#\xb6[\xfc}\xeb\xaf\xdd&gt;K\xfc+\xef\xfdG\xb6G\xc8\xc3\xe3\x8aO\x11\xe0&lt;1\xcfz\xbd\xad\x8cN\xb0\x89f\xea\x8cM\x87\xc1{\x91\x16\x7f\xff\xc4\x00.\x11\x00\x02\x01\x03\x04\x01\x04\x02\x01\x04\x03\x01\x01\x00\x00\x00\x00\x01\x02\x03\x10\x11\x04\x12!1A\x05\x13 "2Q\x14\x15#3B\x060Raq\xff\xda\x00\x08\x01\x03\x01\x01?\x01\xd8\xcd\x86\xcc+A\x18(\xd5\x95)e\x15!,\xe4\xd8\xcd\x8c\xd8{g\xb6\xcd\x86\xc3a\xb1\x9b\x19\xb3\xfe\x88\xdaUa\x0f\xc9\x91\x9eo"C\xb2\xfc\xae\xde\x11\xa5\xd5Nsj_\r?\xf9\x10\xbe\x12\xe4\xda.\x0c\x14\xea}\xb0W\x96]\xb3l\xff\x00\xdf\x12Y\xc7\x04trUUJ\x92\xc8\xa4\xdf&amp;\xfcwi\x1b\xa3.\x99+\x7f\xbd\x9c\xb0\x8c\xcadt\xc4\xa8\xc9tE\xfe\xedC\xfc\x88_\x14p\xed\x15\xb6C\xf9j+N\x15\x85\x9cf\xd2x\\\x12\xf59A\xfd\xa2P\xd5{\xab;D\xc7\xa8\xa7\xd6H\xbc\xf5\xf1EG\x88\xda\x8b\xe0\xac\x8d&lt;\xf3\x1d\xac\xf5g%\xa7x=-\xbd\xd8%o\xf7\xb4\x96Jt\xb8\x14\x07\x04N\x9e\x1emO\xf3DE\xf0FM\xc7\xfb|*\xeaaO\xb1N\xa4\xd6b\xb0\x8aQ\xcf\x04\xa8\xc1\xbc\xb4zT)N{*\x1e\xa5\xe8\xde\xd7\xde\x95\x9cc)a\xa24\xe2\x97F\xd3[\xe8\xb4\xe5IU\x8a)\xd3T\xe3\xb5|QW\x98Z3\xa8\x97\x07\xb79v\xc8BQxR*i\xdc\xa9\xb8I\x9e\x9dGby%i/\xbd\xa2\xb2\xcca\x11\xe4}\x93\xcf\x81\x91\x7fdF\\\x13\xd4%\xd7\xc2,h\x895\x87\x91L\xceIK\x05:q\x95NF\xa4\xe0\xa1\x9e\x11\x08m)br\xd8\xfc\x8eUhO\xbeQK\xd5\xaa7\x8a\x87\xa8B1\x9e\xe8y \xday\x1dy\n\xbc\x8a\x1e\xa1O\xd9\xf6\xe6O\x19\xe3\xe2\x86\xb2\x8d\xbc\x9bH\xa2s\xfd\x14\x1eb}R\xfb\x13\x9a\xf0{;\xbf\x12_\x95\xa9Gt\x8c\x0b\x81\xac\x11\x7fr\xaf2\x10\xea\xf09\x89g\xa2Qq\xecu\x17\x93r\xed\ni\x9b\xb0j+&lt;\x14\xb3\x8eL\xe1\x0f,\x87\xe4\x8a|\xbc2\xb3\xda\xbe\xa6\x9d\xb4\x94\xdfg\xa9i\\\xdf\xbd\x11\xc3\x03\x93k\x16\xd8("Q_$&amp;`\xc1Q\xed\xe0l\x83\xa9\x8e\x0fk=\x9e\xca\x12\x95\'\xba\x0c\xa9)n\xdc\xce\xc8Kk\xc9N\xaa\x99\x92l\xa9\xc5\x97,lbr\xf0K{\xec\xd6P\xa9\'\x94i4\xf3\xa5\x0f\xb3#i\xac\xbc\x18\xe0\xf6\xd7\xf1\xdc\xadC\xf3\x1dHG\xb6=]\x0f\xfd\x0bYA\xff\x00\xb1\xe9\xda\xaau\xa9\xfbRy+Rt\xea8\x92Xb\x87\x06\xdcZo\x02\xf9\xe6\xd5s\xb8\x85/\xd9\x83\x06\xd2P*S1\x8bb\xae\xdf\xedvGU\xa9\x83\xc4\x8fw\x8eJ\xb5b\xcc\xe4\x88\xec\x86T\x89*\x8e=\x9e\xfe\x0f~Y#ZR\x96I\xd6\x96\nu3\xa7H|\x13\x9c\xc6\xa7#\xf8\xf5?C\xd2\xd5\xfd\x14\xe9ji&lt;\xc7%-v\xaeO\xfb\xb1\xc9\x9d\xc4o%\xf2r\xc1\xb9\xb2.\xd2\x8f\xdcHbvc[\xb8eT\xa36\xadNN\x08y\xa8\xc5D\x95\x14T\x86:)I\xbe\xef\x12i\x92\\\x12\xa7\xbc\x9e\x9d\x0e\x82H\x85\x08\xa4{1\xc1\niG\x06\xd4\xcd\xa8\xda\x88\x8e\xdd\x12Dz\xb2eIa\x1aj\xb1\xae\xf0\x87\xc5\xfc\x1e,\x88rN8v\xc1\xb4\xf0a2L\xa9\x97"0\xc1\xda"\xb0\x84\xd1Rx\\\x0b_\x19\xcfd\x91\x18\xb8\x9b\xc6\xed\x92]\x13\x9a\x88\xeb\xc5\x92\xd4.\x8f\xe4\x14\xf9V\x89\x83i\x14IdK\x04\x8a\x92\x14\xd8\xea\x11\xa9\x93S\xf8\x1aZ{V\xe2s\x94^J5}\xc8\xd9\xfc(\xfeES"c7`\xca$U\xfc\xed\x08\xf0`Q\x15O\xb4\xa2VOzb\x96\xfeI\xc4\x8b\xc9\x9bj=B\x9d?\xa9S\\\xa4R\x8c\xea\xc7)\x1f\xc7\x9c^Oj\xaf\xe8\xa2\xb1\x1bC\xe1\x85i\x12y\xbbX\x12nH\x95\x1d\xcc\xabBH\xd2\xf0\xda\xb4\x9f\xc22\xc32\xa4\xb3d.N\x7fD\xb8\xb4\xe5\x99Z\x12X\xbdW\xed\xd4y3\x99\xe4\xa4\xf2\xb2H\xe8LEZ0\x97h\xa7\xa0\xa7\xdbE\n1\x8b\xdb\xe0\xa9\xe9i\xfe%}&lt;\xe8\xbcH\x85\xa1t5\xfa3\x86U\x91\x17jq\xcb$\xf2A\xfd\x85R\x0b\xc8\xe5\xc9*\n\x0f6\x90\xac\xad\x16\xd3\xba\xb7\x92O\x17\xf2#&amp;\xbe\xaej\x1ai\xc7\xdcy!$\xfa\x19"$I\xf6g\x82\x9e2\x8a\x0f\'\xa8i\xe3R\x93\xe0\\K\x03!l\x99C\xc1\xd9]\xe2%?\xc6\xd4\xde"\xcd\xa6\xd4\x87\xed\x9bW\x82\xa5J\xb8\xc1F\xa6\xee\xc6\xfe\r\x0b\xbb\xe4\xcd\xaav9$)\x89\xf3fW\xfb\xd5=\xac=\xc4+\xce\x9dM\xa8\x86\xaa2\xe1\x8cuc\x12\x15V\x076\xdeG\xcff\xc2\x15*\xc3\xf1\x91\xa7\xf5j\xb1\xe2\xa7(\xab8\xcanQ\x17(\x8a\xe2\xd8\xb6\x07\x84Wi\xa2\x0f\x83\x062N^\xda\xc8\xe7)\xb1+Q\x9e^$c\x1d\x0c]\x8f\xb3#!\xc8\xfe:\x88\xcb\xb4G\x93p\xa5\xf6\x15\xbf\x8d\x99d\xd4Cl\t,\xcf$\xbe\xcc\xdd(tG\xed"4V\xd2Q\xc7\xc1\x18)\xd3y\xe7\xe2\x89\xc71\'JP\x1dU\x12\x13R\\\nEL\xd5\x91\nX6\x12\x80\xf8y"\xed\x08&lt;\x8a(t\x93%\x1d\xacK\x04]\xdd\xa5\xc8\xd6\x18\xf9|\x1b\xf9(\xc7\xdc\x86P\xe3\x8e\xc8\xd3\xdcjyx\x15&gt;LbD\x8f\xe3(\xd3\xc9F{\xa0&gt;X\xa2{c\xa4B\x97\xecQ\x17\xc9\xaf\xa9\x9c\xc4t\xa3&gt;\xd0\xf4\xfbz$B$b\x90\xa1\x16:Q\xc1V\x9f\xe8\x85\xa3iV\xfd\x1b\x9b\xee\xd0\x9e\x05\xf0d\xfb6\xa6\xf2N\t\x9e\x9bQ\xc6[X\xe2\xa5\xd9_\x10\x86\x11R\\\x991\xe4\xf1\x91\xf5\x83O\x19.\x0fjK\x9b,\xfcs\xf1}Yp6J)\x91\xa7h\xa6H\x867`\xdb\xc9\x98\xc5\x0e\xa8\xe6\xd9\x13#v\xa7?\x1f\t\xcc\xcf6B{^QK\xd4\x1a\xfc\x91[Q\x1a\x8b\x82R\xcbl}\t}I,#h\xb842R{dj\xfd=/\xb4I,;\xe2\xd5_\x92\x1c\xc6\xf8\xc1\xbf\xef\xb4b\x1d\xa4\x88\x99\xe4\xff\x00\xf4\xa8\x9b|\x0b\x84d\xc8\xc8\xb1&lt;\xbb\xb5\xe5\x14\xaao\xb5ImC|]3\xab\xd4\x86\xd1,\xb3n\x11.I\xb2\x86[\xe4\xa5-\x93\xc9\xa7\xab\n\xd4\xcdv\x8b\x1c\xa2K\x0e\xf9\x1a\xca(T\xc4\xb6\x9c[vJ&lt;\xcd\xbbDb%dT\x7f\xa22H\x91.\xec\xfa:\x89\x03\xc9\x9b\'\x8f\xb2 \xf7,\x95\xe5\xce\tJ\xca\xd9\xcd\xea\xc1\xca\x18E\nmvTD\xf8%R\x02\xaf\x13\xddG\xa7k\x14%\x86KQ\x19\xac3[IE\xe5|k-\xadLO#\x1f\x06\x9f\xf1&lt;\x8a\xfd\x8c\xce,\xb9y\x19ZQ\x8b\xcb\x15X?\'l\xa9\xfa!\xd1\x91\x11c\xe0\xa3S\x05irG\xe2\xee\xa5\xf6\xc1.I\xa3\xd9\xcfg\xb0\x91\xed\n8\xe8U\xaa\xaf%]EY\x11r\x9c\x07N\xb4\x1f&lt;\xa3O\xeeF8\xa8\xad%\x95\x82\x84\xbf\xd1\xda\xaf\xe2RXVB$$3\xb1\x9c\xf8\x1al\xd5\xe8h\xecN-\x90\xd3\xc6"EA~6V|\xa2+\xc9&amp;.\x17\xc5\x8a\xdaz1\xab,2SK\xb2\x96\'\xcf\xc3h\xd1\x18\xee*\xff\x00j&lt;\x1aV\xe5\x97#\xf3$\xd4Q\xee\x1a\xca.\x85E/\x0cO\x82\xa7\xeb\xe2\xb9d\xbb\xc0\xedR\xa2\x88\xf5\x1b8%^\xb5J\x9bbG2X\x91\x16\xa3\xe0\xa7\xa7\xd3\xea\x9e\xdca\x9a\xefN\xa9\xa5\xfc\xba3\xc6\t+\xe4\x7f\xf4.\x04C\xb2\xb7\xb9\x19\xec\x9a)ES\x82V\xc1\x81\xda\x8a\xe4\xd5\xbe\r*\x14\x94&lt;\x93\x94%\xe4x\xc6\x11Z\x8a\xd6i3\x13O?\xf5d\xff\x00%efF\xcc}\x18k\x99[I\x05\xb9\xbb\xa98\xbc\xa1\xec\xd6ip\xc9Rq\x9b\x8b\xf0J\xec}\x0b\xbf\x8a&lt;Y\x11xf\xb1E\xa4F"v\xc8\xe4E\xe4\xa5\xf9\x15\xe3\xb9\x1b\xa4\x9e"*\x1b\xb9\x93\x15(\xaf\x03\xa6\x8d\x06\xb9\xe9d\xe3/\xc5\x9a\xa8\xaaZ\x8d\xcb\xa6g\xed\xf1\x82$\xf1d\x8d\\v\xcf\x034\xaf\x96C\xecT\xfa\x94\xd6a\x96zG4\x9a=V\x97\xb5\xa8\x7f\xfd%|\x12|Y\xdf8\xb6D+Tl\xa7\xd0\x91\x11\xac\x9b\x05\x12\x97\xe4T%\x04\x98\xac\xd0\xe2=\xd2N\x0f\xc1\xa5\xa9\xbf\xbf\x8c/\x13W=\xd5\x1d\xb4\x8b\xbb8\xe4\xc1\xe8\xb3j\xa3\x89\xff\x00!\xa5\x87\x19\x1d\xfc&amp;(\xf9;c\xb4i{\x9f\x8fh\xc7\xc6E\x16\xdc~\t\x12e\x1e\xca\xbd\x13\x13\xb4\xb2x\x13\xf0P\xa7\xb2N\xee\xde01!\xcf\x92\xab\xfb6oD5~\xd9?T\x9f\x82~\xa5_\xf6?R\xd4\xff\x00\xe8\xd3\xfa\xee\xabO=\xd1*\x7f\xc9\xeaj\xe3\xb2\xb4H4\xd6P\xfb\x12:0n\xe0\\\x0c\xe7\xc1\xe9\x94k\xd0\x9c\xa5/\'\xf1\xd3e\x1d\x15\x1a\xafkx5&gt;\x89Z\x8f\xda&lt;\xa1\xa6\x9d\xbb4\xd8\xdb\x8f\x86F\xb2\x8a+\x0c\xab\xd1\xda1dJ\xcb&gt;\xe7\xc1\x0c\xec\x97C*Cr\'\t"JG\xb57\xe0\xfe-W\xe0\xfe\x05g\xe0\xfe\x9bY\xf8)\xfa=i&gt;EG\xd8\x8e\xcb$j\x1bK\x822\x93\x16\xe6J2)FQ\xec\xd2\xd3]\xb3\x06\x0e\x8fM\xd4\xca\xb5\x1c~\x8fW\xf4\xa8T[\xe0\xb9%\x16\x9e\x1d\xa3?m\xe6\xfdY\x10%\xd1\x16H\xc9\x92V\xf2f\xd8\x11\x83\xa1\xb6\xc7O#\xa7\xce\x0fc\x06\xc3i\x18\x9b\r\xa4#\xc9\xa9\x97\xd8\x8a\x18\xd7\xc7J\xf8"\xf7\x13\xccQG\xa7\xb8\xf4z\xca\x15v\xb3Q\xb9\xad\xc7\xaaR\xd9[?\xbb5\x95l\x99\xb4HK\x93\xc0\xf8d\x84;\xd5mtOWR&amp;\x8e\xb3\xa9\xd9\x13o6c\x11$+\xa3*\xdb\xb0O\xed+\xbb\xf7m7x"\xb6\xf4I\xaf$\xb54c\xdb!\xea\x14a%$\xcf\xebz:\xf4\xd4w\x9a\xbfgU\x06\xa1$\xc6\xb0g\xe3)\x94\x9f"*\x0f\xa1Y\x1eJ\x9d\x12\xa7\x13I\x05\xe0_Q\xf4d\xc8\xd9\x82R\x13\xbcb8#\xa4V\x91\x81\xa3\x03X\x1fG&amp;mFJ/,\xab\xad\xf1\x11\xc6\xbdc\xfad\xdfl\xfe\x91\x9f\xf6\x1f\xa4/\x12(\xe8\xfd\xb9\'\xb8\xab-\xd2\xc8\xbeT\xbb\x11U\x12\x95\xd0\x8a\x8b\x81\x9aqd\xcf\x06F\xc4d\x93\xfb\x14\xe5\x95\xf0\xec\x9c\x94\x16dn\xdf\xca&lt;\x8dsf$5f*nD(\xc2"cfL\x1b\x19R&lt;\x0b\xe5K\xb1\x15\x07ufm\x88\xa2\x97_)\xccf\x95\xfdY\x11\xdb\'\xa8\xf3@\xd1\xff\x00\x89\x0e\xf2\xe8J\xd8\xe4\xda\x84\x8d\xa4c\xc8\xd1\x84K\x82\x92X*y!\x1f\x83\xb5.\xc4Lb\xb2\xba\xe7\xe39\xa4J_\xab\xd0{*8\xdb\'c\x89\xac\xe6\x91\xa5\xe2\x9a%yt&gt;\xac\xad\x15\x94m\x12\x1f&amp;\x06n\xc22/\x83\xb4\x04\xf9$H_\x1ao\x8b\xb6N\\\x11\x84\xa5\xcc\xbe\x15\xb8{\xd1\t\xeeY\xbbf\xb2_FR\xe2\x0b\xe0\xfa\x1d\x92\xc8\x91I\xd9\x1b\x0e\x86O\xb2?\x16+&amp;&gt;\x89+!^6\x84\xbfd\xdd\x9d\xb3i,\xf0P\xa9\xb1\xecb\xea\xd2f\xad\xfdE\xd2\x10\xc6x\x1d\x95\xa0\xf0\xcc\xe4M\xa3{\xb4\x9e\r\xfb\x99\x9f\x92\xba\xe8\x95\x95\xd9\x1b!\xd9\xf7\xf0d\xbf\xccG\xf1\xb4\xcdW\xe2x\x10\xee\xec\xbb\xbc&gt;\x1a\x8e\x8a?\x8d\xff\x00\xff\xc4\x00-\x11\x00\x02\x01\x03\x04\x01\x04\x02\x01\x04\x03\x01\x00\x00\x00\x00\x00\x01\x02\x03\x10\x11\x04\x12!1 \x05\x13"A2Q\x14\x15#0B\x06Raq\xff\xda\x00\x08\x01\x02\x01\x01?\x01\xde\x8d\xe2\x9e]\xa4\xcc\xdb\xdcG\xb8\x8fq\x1e\xe2=\xc3\xdcF\xf3y\xbd\x1b\xd1\xbd\x1b\xff\x00\xc5N\x94\xe7\xf8\xa2T\xf6\xf7eef5\xf1\xbaYf\xabK\x08SR\x8f\x83\xeb\xc6\x0f\x06F2Q\xe0H\xc1\x83\x06\x0c\x18\xb6-\x8f\xf0\xb2\x18\xcf#\xd7ES\xd9N&amp;\xa3\xd4\xfd\xa9\xb8\xb2\x8f\xaa\xee\xed\x14\xe4\xa4\xb2\x85\xc9\x86\xbb\xb3?\xd2\xf9\x1c\xdb\xed\x9b\x8c\xe6\xcf\xaf4&gt;\x0c\xe5y\xe9(S\xa9A\xe4x\xce\x15\xa1\x14\xde\x19\x1fI\x8c\x97\x125\x1aeFX\xdceg\x02\xd3T\xfd\r4\xf0\xfc\xa9,\xbbz\x95\x18\xaa\xaf(\xd3\xb5\x0f\x8e\r,\x93\x8e\x0fN\xdb\xef,\x9e\xa4\x93\x86D3\xfd.\xe5\x81\xb3s \xff\x00\xc4\xc5\xd7\x85--J\xbf\x8a%F\x14\x7f7\xcf\xe8\xd5U\xd9\xf8\xa2Z\xedLb\xd4e\x83\xd3\xab\xb76\xa6\xce\xac\xe5:t\xdc\x93+\xd5\xa9)nr\x15Y\xc1\xa7\x93K\xea\x15\x954\xca\xb5]In~T\x7f"U\x12+\xd1\x8die\x8a\x858\xfd\x11\xa5\x15\xce\nu\x95)\xa6k\xeb\xc6Ia\x88b\xfc,\xfa;c\xe2\xd4\xfc1|\x0c\xc8\xc8\xf4l1\x82\x9d73WVTh7\x1f\xa3\xfa\xa5X\xd4\xde\xd1\xa9\xf5gW\xe8\xd0\xcd\xce\xa6&amp;--%\xcaC\x81\x02\xb7\xf7!\xb4\xfe\x97O\xec\x9f\xa4S\xfa)\xc1\xd3\x8e\xdf8\xbc36|\x14i\xbf\xb3\xd6#\x15Z9\xe8r\x8f\xfa6i\xbd\xd5\x0c\xb7\xc9\xa5\xd6NR\xd92?\x8d\xa5\xc2\xbb\xe4\xfa#\xd0\xbc#\x0c\x9e\xdb%\x16m0B\x18\x16\x19\xb1I\xe0X\x8f\x06\xa5\xafjY*i\xe9\xb8\xee\xc9\xa7\xa1\n\x95\xfd\xbc\xf0=\xb4\xaa\xad\xac\x8dN\x05&lt;\xb1[p\xe6FY\xff\x00\n(\xc3s\xc9\x9c\x1a\xad==D\xd4\xa6B\x14\xe9\xfe(\xdcm\x8b#.1f\xb2J\x0e6D-\xd0\xed\xc1\x19\x9a*\xd4\xe2\xbeF\xb7Q\n\xb2\xf8\xa37\x81\x16\xd4\xed\xea\x92\xc6\x9aX\x1d*\xb3\xe9\x10\xd0\xea\x97*\x07\xf0\xb5\x0b\xb8\x1e\x9f9\xb8m\xa8\x8e\x88\xbc\xa1\xc8\xc8\xfb#\xe0\xfc\x1d\xa9=\xb0\'&lt;\x99\xb6E2/%7\x9bA\xd3\xdd\xfd\xc2zm4\xa3\x94NR\x8c\xb0\x91J_\xb1~\xc9]\xda\x9c\x8d\xb1\x97B\xa4\x8fj$i\xa2\x14\xe3\x91\xa4\xaad\x9e\xa3\xf4JN]\x89#(\xdc\x8c\xc4\x94"\xfa\x17\x08\x95\xb8"\xfc\x97"D\x91\x83w\xc3\x03\xe4\xc0\xd5\xb0E`\x82\xe2\xd3\x82\x91\xf8\xa3zF\xf4&amp;;\xcb\x08\x8c\x91\x17\xc8\xa7\xb4\xf7\x87Y\x9e\xe3\x15Y\x15+I\xdb&amp;Y,\x88\xe0\xfb\xc1\x16HCE(\xe5\x95t\xb2\x82\xc9\x8f\x0csfH\xceU\xb2n&gt;\xec\xbb#\xf8\x9b\xf9$I\xe4\xdaB;\x9e\x0f\xe2\xedYF\x10\xe9~\x8c[i\x1e\x08\xc5\xc8\xf6X\xa9\xb6{$\xf8x\xb4\x84n\x1b\x13\x1f6\xa7\x11\xc3\x920D\xe9c\xa3L\xbeh\xd5U\xcb\xda\x8at\xe15\x86j({R\xb2F/&gt;\x85utG\xf1\xb4\xa4d\xc8\xe1\xc2\x91\x07\xf4I`\xa7"\xa4q\xcd\x9b\xc9C\xd3\xaaO\x92&gt;\x9d8\x95b\xa1\xc3d\x1c~\xcd\xd4\xf1\xd9U\xfc\xb8:%\xe1\x91Z\x0b\x17\\\x95%\xed\xd3\x94\x88z\xbc\xe2\xfeH\xd2z\x9d\x1a\xcf\x195\xbc\xc1\x08\x8d\xfe\xc9\xa3\x18~\t+!.-(\xd9\x10[\xa2\x8c\x15; v2E:\xf3\x8f\xd9_\xd6\'\x9d\xb1b\xd7\xc9\xd4\xf9\t\x89\x131\x92j\xc8\xe0\xfa0B&lt;\x88\xc0\xc8\xac#T\xff\x00\xb2\xca\xb1\xaf.6\x94\xfe8\xe0\xf7\xbd\xca1\x10\x87f&
[...]
\x02w\xa6\xac-\xabK1\x19r\xfb\xb7\xec\x99\xb9\xe1y\x1eK\xa6S\x00\x0c\xa0\x007\x00\x00\xf4\x08\xdd\x81\x0e\x10Z\x1e7\x02\x01\n\xd1L\x07D\xaa\xd64\x1e\xdat\xda\xe6\x87\x92\x1e]\x00N\xa25r\xb4\xad\x84\xc4\x9b&gt;\xb0o*m\xfcJ\xd87\x00@\x80\xdc\xa0h\x00\x80\x90\xfd\x9ew\xc0\xef  1N\xd8\xcc\xfae\xef?i\xdf\x82\x1f\xd9\xcd\x1e\xeb\x1b\xe4\xb6\x03d\xb4\xea\xf6\xfe\xf0N\xd0\xd9L:A\xe4\x08(\x0e|\xcd\x8a\xd6I\r\x89P\xf6\xa6\xc9~\x1b&amp;$\t\xa7\x98\x07\x8f\xab&amp;\xde\x06\xeb\xa7b0\x02,\xdf\x03\xbde\xbac\x89-\xc3\x8aDCj85\xe7{Z\xde\xd7g\x89\x90\x12\x81i\x83\xd9\x0c-k\xdb\x19^\xd0\xf6\x98\xd48H\xf8\xa9\xcd\xc28L\x01\xc9R\xf4\x0fk\xf5\xacv\x1c\xb8\xbb\xa9kr\x97\x00;\x13\x00\x18\xd6!j\xc5&gt;\x07\xfa\xe0\x80\x82\xd2\xf0A-\x91\xcb\xcdrM\xad\x9a\x9dw\x88-"\xb1{d\x11\'9sL\xf8\xee]\xa0O\x08\xf4R)\xb6\xd6:j\n\xa0\xaf\xa2\xf9k]\x17\xca\'x\x98\x13\x13\xb98;\xee\x9f\xac\xce\x02\xe9\x02\x84\x9e\xd1\x8e=\xca\x005\xc2/\xe7\t\xc6\xda\x0c\xa2p\xa64\x19\x8f4\xdb\x89\xb9\xb7\xf5\xb9P=P\x9b\xe5#\xbaaG!\xd3a\xe3\xbb\xc58*\x98\x88\xec\xa7%\xd1\xd9\x1e\x08A\x82\xd97#\x9a*\xb5)\xd3k\x9e\xf3\x0ch$\x92tR\x05O1\x16Y\xae\x9f\xd4"\x95\x16\xe8\x1dP\x97\r\xc4\xb4H\xf8\xca\x852\xdd/\xda\xd4\xb15Xi5\xc3\xabai\xcd\x12\xe0\xe2\x0bLn\x1a\xf9\xac\xd3\x8cG"\x9d\xd9\xd8Z\xaf~"\xa8au6\x1f\x9cu\xa1\xa4\xba\x18\x9b\xae.G\x8a\xcc\x826\xbe\xcd\xf1\xc5\xbf(\xc3\xea\x03\x9bU\xbb\xec\xee\xcb\xbdc\xcdm[[\x86\xbb\xf9s\\\xb3\xa1x\xbc\x98\xfa&lt;*5\xd4\xcf\x88\x91\xea\x02\xe8\xbbS\x1dB\x83\x83kU\rs\x84\x86\x80\\\xe8\xe2@\xd0w\xad N/\xe3\xbf\x8f\x04\xcdK\xde\xdf\x15\x02\x96\xdb\xc2\xbe\xc2\xbb\'\xedK~*\xc2\x89k\xae\xd2\x1d\xbf\xb2Z~\x08A\xcaB\xe6\x07\xe1=\xc9Op\xe0\x86C&lt;\x119\xba\xef\x85@\xd5I\x88\x1f\x1b\xac\xbf\xb4Lh\xa7A\x94\x1a{UL\xbb\xee7\xf3$y-GW$o\xbf\xf5\x10\xb9\x7fK1\xdd~2\xab\x87\xb8\xc3\xd5\xb7\xb9\x96q\xf12Te)1\x0f\xca\xc2\xba\xc7\xb3\x9e\x8f8a\xa9\xb5\xc0\xb7&lt;\xd5\xa8\xe8\xb9\xcd\x19Z9\xe5\x85\x8a\xe8_D\xdf\xb4+\xc9\xec\xe1\xa98\x1a\xcf\xe3\xbcRo\x17\x11\xe0&amp;x.\xf1\x00\x0c\xad\x10\x06\x83\xf3^=N\xa3g\xc3\x1e\xcfF\x9f\x0e\xe7o\xa0\xd9\r\x01\xad\x005\xb6\x03p\x1f\x9a0\xef\x13\xc9 \xd3\x8dQT\x04\xb4\x80bm?\x15\xf2\x9d\x9fF\x92\x1c\x0c\'u\xb7\xcapF\xef\x82m\xb5\xa0\x00/\xa4\'\x1aL\x1c\xda\xf2UQ\x18^H!\xd57\xea\xfa\xa0\xa8\xb3\xcb-\xa3;\x92\x86\x13\x89\x85%\x11p_x\xf8\xe3tp\xcdo3\xc4\xa7\x93N\xae\x07\x12\x9dc\x81\x00\x8d\n\x01TD\xb9\xa3\x8b\x87\xc5k\xea\xe1Hs\x1f\xf5\x84\x1e\xf1\xfc\x96A\xa6.5\x04)\x18\x8e\x90\xe2\x1d\xd9\x97D\xe8,;\xd4`\xd9Q\xc0\x06\x87\x12@l\x87\t1\xde\xb3\xbd&amp;\xa6\xcc\xads\\\xd2f\xd0woT\xc1\xd5\xea\x19&gt;n:|Su\x1c\xe3\xef\x19#\xfa\xb2$\x06\xd9\xab\xbb\xc7\xc1-!\x9a\xbb\xbc|\x02Z\xa04\x10@ \x02\x08\xe1!\xd5\x00\xd4\x8f\x8a\x10Z\t\x02\xa7\x06\xb8\xfa|P\x87r\x1d\xd2P\x0b\x84\x97&lt;\rH\x1e(\xba\xbe$\x9fA\xe8\x94\xd6\x01\xa0\x01\x00\x8e\xb3\x80\'\xc2\x07\x99GR\x81p\x9d2\xf3N)\xdb.\x9c\xe7\xf0@T\x83u\x1a\x89\xe1\xc4\xab]\xa5\x81\xcas\xaa;\x83\xc1\n\xc9\xddiJk\xd4qT\x1f\xebT\xe0(BFt\xbc#\xbbG\x98QAN\xd0wh(Q\xd7"J\xaa.\x90\x806\xba\x11\x97\x92\x896\xfa\xa0 \x16\x8ax\x98L\x1a\xce6\x02\x12\x9b\x86\x9fx\xa0\x03\xf1;\x9a$\xa2}\xafQ\xdd\xcd\t5\xb1\x19;,\x11mT"f\xe6\xe5PL\xa4\x05C\x11\x02-\x1f\x8aP\xc2A\xb1H\xc0{\xde\nr\x10\x08\xd1 P\x01\x11("(\x00Q\x14\x10(\x04\xb9\x1b\x18c\x82s\x0c\xcc\xce\x8eD\xf9\'\xf34i~z\x05\x1a*cL\xc3\xf1(\xf1L\x02\x9b\xa0\\\x8dw\x9d\x10v.4\x81\xdc\x92\x1a\xf7\x1b0\x9f\x0f\xcd(\xb6@\xc2Q\xedv\x99\x99\xbb\xc7\xe4\x96p\xcd\x13\xda\x81\xc2d\xab\x06l\xca\xcf\xe0\xd1\xf6\x8f\xe4\x9f\xa5\xb0\x84\xf6\xeaG\x08\x16\xf3(B\x91\xe7)\x96\xe8@\xd5?\xd4\x97\\yL|\x13\x9bSg\xf5uM)\x9b\x08&lt;A\x12\x9d\xd9\xfb*\xa5P_N;\x10\xdb\x98\x93\x1a\x05H1G\x0e\\CZ\x1e\xe7p\x05\xc4\x9f\x05-\xdb*\xb8\x19\x9dF\xa4\x0e \x98\xf0\xd5%\xc6\xa57\x00\xf0\xe68\x1b\x1b\x83&lt;\x88\xd7\xc0\xad&amp;\xc7\xe95I\r\xa95\x06\xe7\x0fxw\xa03")&gt;\x91\xadI\xd9Ik\xf2\x91\x19\xd8\r\xe0\x1e&lt;\xd7O\xd8\x18\xcc=F\x1f\x934\xb04\xc3\x99\x97)i\xe0\xe05\xf0%b\xfaCE\xb8\x9a\xe2\xb3\x8b\x98\xd6\xb46\x0cI\xcaI\x92wj\xa1\r\xa2\xcaA\xcc\xa2\x1cK\xbd\xec\xa4\xc1\x8d3\x11\xaa]\x16\x8e\x97_i\xd1\xa7\xef\xd4\x13\xc0\\\xf9\x05W\x89\xe9U&amp;\xdd\xac\'\x9b\x88h\xef\x8dW=\xa9\x8a\xa8w\x86\x0e\r\xb9\xf1?\xcdE,n\xa4\x17\x1e.3\xe8,\xa6\xe2\xd1\xb5\xc4\xf4\xf4\x83\r\xc895\xa5\xc7\xd5W\xd7\xe9\x9e%\xde\xeb\xaaGx`\xf2\x01f\xfa\xe3\xa4\xc7!o\x82l\xb9Ke\xa2\xd7\x11\xb7\xb1\x0e\xd5\xcd\xf1{\x9d\xe9?\x82\x86\xfcuS\xfa\xc0;\x98\x0f\xc5E.\xeeE)lQ \xe2_\xfe#\xfc\x00\t\r\xc4&lt;\x10EZ\xa0\x8e\x0e\x8f\x82i\x18AF\xb7\xa3}9\xafJ\xab\x19\x88y\xadE\xc44\x97Fv\x02c0p\xd4\x0e\x06V\xfb\xa4\xfd\x1fn)\x9d^l\x8e\x99\x0f\x10g\x9cp!q*\xa2\xc7\xb8\xfc\x17z\xd8\x0f\xcf\x84\xc38\x8fz\x8d3?\xb2\x07\xe0\xb4\x99\x1a3\xfd\x15\xe8\xa7\xc8\xdfQ\xce\xab\xd6\x17\x86\x8fw,\x00I\xf1\xd5h\x8b-\xcb\x86\xe5+(\xde?\x9a&lt;\xb2\xa9\x08\xae|\x88\x00\x9e[\x827S\xfa\xc4\x01\x1b\x94\xa3@\x9d\xfa\xa2\xf9=1\xef\x12yE\xb9_\x82\x02\x10\xc4_\xb2O\x88K\xcf~\xd7\xa2z\xbc\x9d\x1b\r\x1c\x06\xa9\xaat\xfb\xe5\x00\xb6\xd1o\x1f4\xe9\xa2\xa3\xccO\xfd\x105O?\x04\x04\x8e\xad&amp;\xa5\xb5\x1eH\xba\xf4\x1a\xf9\xde\x10\x0c\xbc,\xf7M(\xce\x16t,{]\x1c\x8d\x8f\xc4-Ia7\xbd\xec\xa9\xbaT\x00\xc1\xd7q\xfa-\x07\xc9\xc3\xf3@s\xad\x99\\\xb2\x9e8\x1b\xb5\xf4X\x00\xdc\x0b\xea\xb5\xbew*\xa7\x1c\xdd\x0f\x87\xf5\xea\xac*\xd4s\x05F\xb4\x80\xda\x8c\xcaw\x88\x90\xe0|\x08\x05D\xc52Xx\x8b\xf9(\x08x,s\xa8\xd7\xa3U\xa4\x02\xc7\x82$[\x81%\\\xed\xdd\xb5\x9b\x11\xd6\xd7-p\xa8\xd6\xc3\xa9e#+m\xa4\xd8\xddfq\x9a\x03\xcf\xe2\x9f\xd8\xfb*\xae*\xa1\xa5A\x92\xf0\xd7&lt;\xc1\x80\x1a\xd1$\xdf\xc0G\x12\xa2\x0c\xd0\xd4\xc4\xe0\xc9\x1d^$\xdfQR\x99lx\x89\x08\xdb\x84i\xbb\x1fM\xdc\xda\xe8&gt;F\x15&gt;\xcc\xe8\xb62\xb9-f\x1d\xf6\x04\xf6\xc7V5\xd09\xd0&amp;\xfa$c\xfa5\x8b\xa0~s\rY\x9c\xc0\xcc&lt;\xdb#\xd5Ph\xe9b\xb1\x14\xfd\xda\xb5\x00\xe1\x9aG\xa9*^\x1b\xa4\xb8\xa6}6\xbb\x93\xd8?\x08X&amp;\xe3\xaa4\xc0{\x87\x7f\xe4\xa53l\xd4\xfa\xc0\xf7\xa0:.\x1f\xa6\xee\x07\xe7(4\xf3c\x886\xefT[\x03\xa2\xef\xc7b^\x18K(\x07\x97\xd5\xa8uc\\s\x06\x0e5\x08L\xf4C\x03[hU\xea\xd8\xd0\xcam\x83V\xacY\x82wF\xae;\x82\xec\xfb;\x04\xca4\x9bF\x8b"\x9bM\x86\xf7;{\x9cw\xbaey5:\x9ff\xb6\xae\xcfF\x0c\x1b\xdd\xbe\x89\x18\x1c=,=\x16P\xa2\xcc\x94\xd8!\xad\x1a\xde\xe4\x9e.&amp;\xe4\xa7\x99V/\xbc\xeb\xf9w\xa6\\\xc8\x17\xd0k\xff\x00\xe2\x9b}A\xba\xc0h8\xf7/\x92\xdbn\xd9\xf4\x94RT\x89e\xe3\x8e\x89.\xbe\x83}\xcae\xa0\xba\xfc\xc2\x98\xd8\x1f\xd7\x9a\xa06\x00\xdd\xf2S\x8c;\xe2\xe9\xa7\x01:L\xc7\xf5\xdc\x8d\xb6\xfe\xbd;\x95 \xe1w"\x89 \xb4\xf0&gt;h*C\xcc\x15\x1do\x1f\xc16^\x8d\xda_\x8ai\xc1}\xdb&gt;:A\xbd\xeaV\x10\xf6\x1b\xfdoP\x88R\xb0\xde\xe0K\x0c|\x94A\xf0\x89\x02\xa8\'\xe26\x95CM\x8c\x91\x19x\xcc_x\x8d|\xd4\x04nD\xa0\x12\xdd]\xde&gt;\x01\x03U\xbcGp\xb9\xf4I\xea\xc1s\xa4N\x9f\x00\x9ch\x8d\x15 \x90\xe3\xb9\xa7\xc6\x028v\xf2\x07u\xfe)h!F\xcd!\xbc\x97w\x9f\xc0%\xb5\xa0h\x11\xa0\x84\x02\x01\tF\x80\x08"@ \rH\xc1W\xcb\x9b\x9c(\xc9\xca[\xd4eC\xf5q\x04\xff\x00R\xabN\x11\xba\x80\xa78\xebd\xd3\x86\x80\x85\x9b4Gu;\x1d\xc3\x87\xe4\x90\x18?\x9c)\x06\x9f\xf5(\x16\xf1\xfe|\x95\x14D%\x1d\'\x89\xb7\x14\xa70\x1dS}D\x19\x95\xa3\x04\xfa\xbf\x15\x1c\xb9\xc7A\x03\x89\xfc\x93\xf30\xa2\xb0\x06\xe8I\xefQ\x95\nu?\xac\xe4mcE\xe1%\xf7\tNj\x14&lt;\xe7t\x0fT}\xe5$\x8f\xe5dA\xdahe@3\x8a\xa3l\xda\x1d;\xd4E:\xa3A\x10m\xe3\xbd0h\x0f\x0e&lt;\xd5Db\xf0\x1e\xf1\xeeS\x94\x1c\x10\xed\x1e\xe54\x15H\x1c\xa0\x89\x1a\x00"BQ\x14\x01\x14E%\xd5\x87\x7f \x995I0\x04_\x7f\x82\x01\xec\xe4NQr\x08\xf3\xd5^l\x1d\x96\xda\xb4\x9bQ\xc31\x925\xe0cEWS\x05Q\xf5\x0fUM\xcf\x16\xf7\x01 \x1d\xebY\xb1v3\xdbE\xa2\xa3\xeaS&amp;H`\x8b^o\x08Qm\xc01\x9e\xeb@\xf0\x00\xf9\xa8\xd8\x8a\x80\\\xb9\xbewS*\xecv\xea\xe2\xf3\xce\x7f\xaf%\x12\xa6\xcf\xa6&gt;\x84\xfa\xa0+\xeac\x9b7\x88\xfe\xae\x9c\xa7P\x1f\xeb\xd5?W\x08&gt;\xac&amp;*aa\xae7\x80\t\xf2@Sc*K\xea&lt;\xfd\xd1\xf0\xf8\x05a\xb2q\xc1\x94\x9a\xc6S\xcc\xf3$\x9d\x04\xf1L\xe1\xf6\x7fX\xd31b\x07\x88\xd5N=^\x1d\x97\xb0\x1eg\xb9\x00\xb7\xf5\xb5\x04Uwg\xea6\xc3\xc4\xa8U1\xedob\x8b3\x11\xacY\xa3\xbc\xa8\xf8\x9cC\xaa{\xf2\xc6n`\xb3\x9d\xc0\xb8\xee\n=G\xc0\x8d\x06\xe6\x8d\x02\xc3f\x92\x05W\x17\x1f\x9cvo\xb2,\xd0\x9b/\x81\x1a\x0e\x03D\x87\xbc\x94\x98Y\xb3T\x02\xe4\x94e\x05H\x12\x08\xca\n\x81(\xd0\x84\x15\x00B\x10\x84a\x00DYv\xde\x82bK\xb6n\x14\x8d\xcds?q\xee\x10\xb8\x99]\x7f\xd9]p\xed\x9c\x19\xf5+T\x07\xc6\x1d\xf8\x95be\x9a\x92\xe9\x8e\xcf)\xd7\xcd\x1dZ0&amp;\xf1\xc9\x0fwKY\x11\xc5\xeep\xb4k\xa8Z \x92\xc7\r\xf6\xe1\xfc\xd1g\xbe\xb1\xc8\xa1U\xcd:\x1e\x1d\xde\x08\x9d\xb88\xcf\xa8\xe4\x80"|;\x919\xf2n&lt;S\xadh\xdfc\xbb\xf3I.\xbd\xae\x80d\xd3\xd2\xf07\x83\xf8&amp;\xcb\xa4\x90\x1a\xe9\xe24S\xc3\x01\x1f\x81M\xbb\x0c9\xfc}\x10\x10\xe4\x1dZI\xe5\xaf\x9a|Q\x91a\xca\xfc\x93\xaddo\xbf\xf5\xaaC\xb5\x8by\xef@"\x1c\x06\xff\x00\x1dUWK\x1f8\x0cX?\xe1;\xf0V\xe6\x99\xe7\xdf*\x97\xa6\xb0\xdd\x9f\x8a7\xf7#\xc4\xb8\x08@r\x8d\x94\xe7\xd4\xa6\xe1\x94\xbb\xaah.p\xdc\xd2`\x13\xdcl\x9d\xa7\xc3\xc1G\xd88\xc7\xd3n!\xadi9\xe94&lt;\x8d\xcd\x0e\x04\xf8\x18\x01+\rRE\xf5\x1f\xd0*\x10\xad\xc42\xceo\x0f\xc3E\xa2\xf6[\x81s\xf1f\xb0$6\x8b\t&amp;bK\xbb-i\xe4o\xe4\xa9\xb6\x83a\xd3\xb8\x8fU\xd3\xbd\x99\xec\xf1O\x00\xda\x82\t\xac\xe79\xdc\x00k\x8b\x03\x7f\xd2|\xd1\x03L+\xbc\x88$\x9es\xe8\x9df \x8b\x87E\xbe\t\xa2\xd8\xd0\xcf$A\xf1\xfc\xd6\x80\xe3\xda\xd3\xef4;\xbd\xa0\xf8\xa8\xd4\xf6M*\xae\xcb\xd4R?X\x9am&gt;)\xdat\x9c\xf3\x0c\xb1\xde\xad\xe8\xb3(\r\x16\x9dO=\xe5y5:\x85\x8dR\xec\xf4\xe0\xc2\xe6\xed\xf4#g\xe1)RfJ4\xdbM\x80\x9e\xcb\x1a\x00s\xa3X\x1b\xca\x90\xfb\x03:\xe9c\xa7&amp;\xa2e!\xae\xe1\xa7~\xf2\x9a\xc48\xcf\x1e\xede|\x86\xdbv\xfb&gt;\x92T\xa9\r\xbd\xe7Mof\xfe3\xbd=F\x84\xf6\x9d\xc3\xcd\x16\x1e\x99\xd4\x8d\xd7=\xfa\x00\xa5\x1e\xcc\x7fAZ\x0cS\x9cl\x00\xf3\xdc?4\x03c\xc5%\xa3y\xd6\xfb\xd2\xc3\xe6\xf7\xe4-\xe6\xa9\x03\x06&amp;g\x9f\xe0\x02&amp;N\xff\x00\xe8$\x93"\xe4s\xd7TuL\x01\xa9\xe5\xba\xe8\x07s\x9eh&amp;\xfa\xb6\xf0\x08 \xa3\xcc\x06\xff\x00\xd6\xa8\nI\xf61+"\xfb\x87\xc7"\xbd\xb6Na\xbd\xd0\x85qd0\xc3\xb0\x15\x0cu\x04%\x19B\x04w"F\x89\x10bY\xab\xbb\xc7\xc0%\x84\x86\x9b\xbb\xbc|\x02Z\xa4\x04 \x8eP\x08P#)\x0ex\x1a\x90\x8b9\xdc\xd3\xdel?4 \xb4\x12!\xdb\xc8\x1d\xc3\xf1(uC}\xfb\xee\x80\x1dh\xdds\xc0]\x0c\xc7\x84w\x9f\xc0%\x12\x81@#)\xde\xe3\xe1a\xf9\xa7\xf0\xac\xd6-\xfdqM\xa5\xd06trQ\xf4U\xd8\xee^\xf4D \nA\xba\xc1\xb0:#\xfe\xa9$\xf1\x94\xa2\tIp\x05P5\x90n\xfeI%\x86a&lt;]\xa7$\xd9r\xb6f\x87\x01\x8b\x9d\xca0\x1b\xd3\xa0M\x90-)e\xa1\x8a\x92`6\x05\xd0k\x1c].0\x07\x04\xf1d8w\x14`*e\xf6$S\xe4\x9e\xa5\x85\'\xc7\xc1N\x862\xefp\x1c\xb8\xf8(\xef\xdam\x1f\xa3iw3a\xe4\x94[\x05,\x1f$\xf8\xc2\x05Y\x89\xc4\xbd\xde\xf1\xd7p\xb0Rp8\xd6\x9c\xac9\xa7I1\x04\x8ez\xaaB\x1d6\xc5W\x81\xa0\x94\xfe\xf4\xc1?=S\xbc\xa7\x90\x82\xa1 \xd5\x01%\xf4\x1c\xf2\x03C\x8fw\x1e\x10\x15\xf6\xcd\xe8N)\xf0K\x05\x16\xf1\xa8`\xf7\x86\x8b\x9fD*3\xe6\xa9\'H\xef\xd5*\x8e\x11\xd5]\x95\xa1\xcf\'sD\x9f \xba\x16\xce\xe8E\x06^\xa3\x8dg\x0b\x90{,\xf2\x1a\x8e\xf2\xb4Xp\xd67+\x1a\xd6\x8d!\x82\x07\xf3R\x99x9\xee\xcf\xe8V!\xe0u\x91DF\xfb\xba\x0f!a\xe2\xb4\x98\x1e\x89a\xa9\tp5Lj\xfb\x8f\x06\x8by\xab\xe1\x9eoq\xf0\xf2F)Z\xf6V\x85\x91(S\x1a\x01\x00Z\x05\x87\x80\t5Zo\xb8\x1e\x03\xe2\xa7\xba\x89$\x9d\x07\x00\x11\xfc\x88\xc6\x9d\xca\x90\xa4n\x1c\x9e\xef\x8f\x9aS\xb0\xa0\x08\x8f\x19\xf8+\xc7a\x85\xafq\xba\x12\x9b\x84q\xdda\xbfD\x06}\xb8H\xbc\x7f\xd1C\xdb\x81\x81\x86\x94\xf6\x9d\x12\x06\xe12g\xbc+m\xb9\x8cn\x1ce\x17\xaa\xe1\xa6\xe6\r\xce#\xf0\xe4\xb18\xecqi\xc8\xce\xd5W^\xff\x00G\x8b\x9c\xa3\x01\xe31\x82\x98\x0ch\xcc\xf3\xee\xb0|O%TI\x0e\xce\xe7f\xa9\xc7\xe8\xb7\xee\x8e&lt;\xd1Hl\xc1$\x9fy\xe7W\x1d\xe0pji\xc5sr6\x90O\xa9\xc3\xcd6R\x8aIY4\x11E\x08\xe1\x08T\x82Q#\x84P\xa8\x01A\x1a\x05R\x04\x89\x1c \x10\x00#@#@\x08]#\xd8\xf5y\xa5\x8a\xa5\xc2\xa57\xfe\xf3\\\x0f\xabW8[\x8fc\xd5\xbf\xbdb)}z!\xdf\xfan\xff\x00\xfb+\x123\xa7\x1aN7$\x00/\xcd)\xd5\x04q\xe6\x94\xeaD\x88\x1e\xa8\xc6\x15\xce\x19@\x9e\xff\x00\xc9t2Fssn\xb7+\'\x19J\xf0\x05\xf8\x92\xa4\x0c3\xdbhH}*\x84\xc0\xa6wI04@2\x18\r\x8d\x88\xdd\xbc\xa3\xa7H\xf1\x81\xae\x8aX\xc2=\xc3\xb4\x04\xee3p\x88a\x1e\xdd`\x9fD\x03/\xa7\x96\xc8\x13"\xe7\x92\x92\xd6q\xd7x\x8dR\x1dOx\x08\x08\xeebd\xdb_\xcdK\x16\xf0\xf0&gt;(\x166\xe6P\x10\xc5\xce\xb2;\xbd\x02\xca\xfbO\xc4e\xd9\xeel\x9f\x9c\xa9L\x01\xc8;1\xf8z\xad\x91\xa6\x07\x8fr\xe6\xbe\xd5j\xe7\xa9N\x80\x0e-\xa7w\x10$\x02\xeb\xdf\xc2\x14d9\xfe\n\xb3\xf3ut\x89\x05\xe3-C\xb8\xb6tR\xa9\xd9\xc4w\xfa(\xf8*\x81\x99\x9cM\xc9 w\x03\t\xf7:\\\x1d\'Ce\x00x\xd1-\x07\x81\xf4+\xa0{,\xc7f\xc2\xd4\xa2\xe3\xfa*\x92;\xaa\t\xf8\x87.}U\xd6*\xeb\xa0\x9d \xa7\x83\xadT\xd5\xceYV\x98\x07(\xcd\xdak\xa4\x1dx\x13\xa7\x14)\xd6I\xdco\xcbS\xe4\x97I\x84\xba\x18\x7f\x90\xde\xaa\xb6F\xdf\xa1\x8b\xa8)\xd0\xaa^\xf2$0\xb5\xcd-\x03Rdh\xb5\x98|8`\x80d\x9dI\xd4\x91\xf8\x05\xc3Q\xa8X\x95.\xce\xf8p\xbc\x8e\xdfB&gt;N\xd6\x88\x11\xcc\xe8O4\xaaT\xbf\xae\x03\xf3N\x00,O\x80\xfca)\xc6;\xce\xe5\xf1\x9brv\xcf\xa6\x92\x8a\xa4"\xa9\xf4\xdd\xf0LS\xa5.&amp;\xfak\xf1O\x06\x93\xe7\xe6\x9dm\xb7j\x88\t`\x17\xe1\xb9%\xad\x04\xf2\xfcw!\x97q\x89\xe4\x9d\x0f\xe1x\xf4Z G\x81\xb0\x1a\x91\xa9\xe4\x95\x12;\xf8\xf3Jka6M\xca\x01.\xf2C9\x8dg\x80?\x12\x9b\x8bpHs\xb9\xee\xf0\x85\x00\xb0\xeeh&amp;MC\xc9\x04\x07\xff\xd9'}, allow_redirects=True, timeout=None
headers={'User-Agent': 'python-requests/2.22.0', 'Accept-Encoding': 'gzip, deflate', 'Accept': '*/*', 'Connection': 'keep-alive', 'user_id': '5e3a021c606b8800174022b3'} 
data=None 
json=None</msg>
<msg timestamp="20200204 20:45:51.534" level="INFO">${response} = &lt;Response [412]&gt;</msg>
<status status="PASS" starttime="20200204 20:45:50.888" endtime="20200204 20:45:51.534"></status>
</kw>
<msg timestamp="20200204 20:45:51.534" level="INFO">${response} = &lt;Response [412]&gt;</msg>
<status status="PASS" starttime="20200204 20:45:50.837" endtime="20200204 20:45:51.534"></status>
</kw>
<kw name="Convert To String" library="BuiltIn">
<doc>Converts the given item to a Unicode string.</doc>
<arguments>
<arg>${response.status_code}</arg>
</arguments>
<assign>
<var>${code}</var>
</assign>
<msg timestamp="20200204 20:45:51.534" level="INFO">${code} = 412</msg>
<status status="PASS" starttime="20200204 20:45:51.534" endtime="20200204 20:45:51.534"></status>
</kw>
<kw name="Should Be Equal" library="BuiltIn">
<doc>Fails if the given objects are unequal.</doc>
<arguments>
<arg>${code}</arg>
<arg>412</arg>
</arguments>
<status status="PASS" starttime="20200204 20:45:51.536" endtime="20200204 20:45:51.536"></status>
</kw>
<kw name="Convert To Integer" library="BuiltIn">
<doc>Converts the given item to an integer number.</doc>
<arguments>
<arg>1002</arg>
</arguments>
<assign>
<var>${business_code}</var>
</assign>
<msg timestamp="20200204 20:45:51.537" level="INFO">${business_code} = 1002</msg>
<status status="PASS" starttime="20200204 20:45:51.537" endtime="20200204 20:45:51.537"></status>
</kw>
<kw name="Should Be Equal" library="BuiltIn">
<doc>Fails if the given objects are unequal.</doc>
<arguments>
<arg>${response.json()['code']}</arg>
<arg>${business_code}</arg>
</arguments>
<status status="PASS" starttime="20200204 20:45:51.538" endtime="20200204 20:45:51.539"></status>
</kw>
<kw name="Dictionary Should Contain Value" library="Collections">
<doc>Fails if ``value`` is not found from ``dictionary``.</doc>
<arguments>
<arg>${response.json()}</arg>
<arg>${business_code}</arg>
</arguments>
<status status="PASS" starttime="20200204 20:45:51.539" endtime="20200204 20:45:51.540"></status>
</kw>
<kw name="Dictionary Should Contain Value" library="Collections">
<doc>Fails if ``value`` is not found from ``dictionary``.</doc>
<arguments>
<arg>${response.json()}</arg>
<arg>Technologies is required</arg>
</arguments>
<status status="PASS" starttime="20200204 20:45:51.541" endtime="20200204 20:45:51.541"></status>
</kw>
<status status="PASS" starttime="20200204 20:45:50.834" endtime="20200204 20:45:51.542" critical="yes"></status>
</test>
<test id="s1-s1-t4" name="Empty Thumbnail">
<kw name="Create Dictionary" library="BuiltIn">
<doc>Creates and returns a dictionary based on the given ``items``.</doc>
<arguments>
<arg>company=Yahoo</arg>
<arg>techs=java</arg>
<arg>price=80</arg>
</arguments>
<assign>
<var>&amp;{payload}</var>
</assign>
<msg timestamp="20200204 20:45:51.546" level="INFO">&amp;{payload} = { company=Yahoo | techs=java | price=80 }</msg>
<status status="PASS" starttime="20200204 20:45:51.545" endtime="20200204 20:45:51.546"></status>
</kw>
<kw name="Save Spot without image" library="services">
<arguments>
<arg>${payload}</arg>
</arguments>
<assign>
<var>${response}</var>
</assign>
<kw name="Create Session" library="RequestsLibrary">
<doc>Create Session: create a HTTP session to a server</doc>
<arguments>
<arg>spotapi</arg>
<arg>${base_uri}</arg>
</arguments>
<msg timestamp="20200204 20:45:51.548" level="INFO">Creating Session using : alias=spotapi, url=http://spotlab-api.herokuapp.com, headers={},                     cookies={}, auth=None, timeout=None, proxies=None, verify=False,                     debug=0 </msg>
<status status="PASS" starttime="20200204 20:45:51.547" endtime="20200204 20:45:51.549"></status>
</kw>
<kw name="Create Dictionary" library="BuiltIn">
<doc>Creates and returns a dictionary based on the given ``items``.</doc>
<arguments>
<arg>user_id=${token}</arg>
</arguments>
<assign>
<var>&amp;{headers}</var>
</assign>
<msg timestamp="20200204 20:45:51.550" level="INFO">&amp;{headers} = { user_id=5e3a021c606b8800174022b3 }</msg>
<status status="PASS" starttime="20200204 20:45:51.549" endtime="20200204 20:45:51.550"></status>
</kw>
<kw name="Post Request" library="RequestsLibrary">
<doc>Send a POST request on the session object found using the
given `alias`</doc>
<arguments>
<arg>spotapi</arg>
<arg>/spots</arg>
<arg>data=${payload}</arg>
<arg>headers=${headers}</arg>
</arguments>
<assign>
<var>${response}</var>
</assign>
<msg timestamp="20200204 20:45:51.551" level="INFO">POST Request using : uri=/spots, params=None, files=None, allow_redirects=True, timeout=None
headers={'User-Agent': 'python-requests/2.22.0', 'Accept-Encoding': 'gzip, deflate', 'Accept': '*/*', 'Connection': 'keep-alive', 'user_id': '5e3a021c606b8800174022b3'} 
data=None 
json=None</msg>
<msg timestamp="20200204 20:45:51.867" level="INFO">${response} = &lt;Response [412]&gt;</msg>
<status status="PASS" starttime="20200204 20:45:51.550" endtime="20200204 20:45:51.867"></status>
</kw>
<msg timestamp="20200204 20:45:51.867" level="INFO">${response} = &lt;Response [412]&gt;</msg>
<status status="PASS" starttime="20200204 20:45:51.546" endtime="20200204 20:45:51.867"></status>
</kw>
<kw name="Convert To String" library="BuiltIn">
<doc>Converts the given item to a Unicode string.</doc>
<arguments>
<arg>${response.status_code}</arg>
</arguments>
<assign>
<var>${code}</var>
</assign>
<msg timestamp="20200204 20:45:51.869" level="INFO">${code} = 412</msg>
<status status="PASS" starttime="20200204 20:45:51.868" endtime="20200204 20:45:51.869"></status>
</kw>
<kw name="Should Be Equal" library="BuiltIn">
<doc>Fails if the given objects are unequal.</doc>
<arguments>
<arg>${code}</arg>
<arg>412</arg>
</arguments>
<status status="PASS" starttime="20200204 20:45:51.869" endtime="20200204 20:45:51.870"></status>
</kw>
<kw name="Dictionary Should Contain Value" library="Collections">
<doc>Fails if ``value`` is not found from ``dictionary``.</doc>
<arguments>
<arg>${response.json()}</arg>
<arg>Incorrect Spot data :(</arg>
</arguments>
<status status="PASS" starttime="20200204 20:45:51.871" endtime="20200204 20:45:51.872"></status>
</kw>
<status status="PASS" starttime="20200204 20:45:51.544" endtime="20200204 20:45:51.872" critical="yes"></status>
</test>
<status status="PASS" starttime="20200204 20:45:46.363" endtime="20200204 20:45:51.875"></status>
</suite>
<status status="PASS" starttime="20200204 20:45:46.299" endtime="20200204 20:45:51.880"></status>
</suite>
<statistics>
<total>
<stat pass="4" fail="0">Critical Tests</stat>
<stat pass="4" fail="0">All Tests</stat>
</total>
<tag>
</tag>
<suite>
<stat pass="4" fail="0" id="s1" name="Spots">Spots</stat>
<stat pass="4" fail="0" id="s1-s1" name="Post Spot">Spots.Post Spot</stat>
</suite>
</statistics>
<errors>
</errors>
</robot>
